Copyright 1986-2018 Xilinx, Inc. All Rights Reserved.
------------------------------------------------------------------------------------
| Tool Version : Vivado v.2018.2 (lin64) Build 2258646 Thu Jun 14 20:02:38 MDT 2018
| Date         : Sat Dec  4 18:57:18 2021
| Host         : cameron-xps running 64-bit Ubuntu 18.04.5 LTS
| Command      : upgrade_ip
| Device       : xc7z010clg400-1
------------------------------------------------------------------------------------

Upgrade Log for IP 'system_d_axi_i2s_audio_0_0'

1. Summary
----------

SUCCESS in the upgrade of system_d_axi_i2s_audio_0_0 (digilentinc.com:user:d_axi_i2s_audio:2.0) from (Rev. 57) to (Rev. 58)






Copyright 1986-2018 Xilinx, Inc. All Rights Reserved.
------------------------------------------------------------------------------------
| Tool Version : Vivado v.2018.2 (lin64) Build 2258646 Thu Jun 14 20:02:38 MDT 2018
| Date         : Sat Dec  4 18:45:44 2021
| Host         : cameron-xps running 64-bit Ubuntu 18.04.5 LTS
| Command      : upgrade_ip
| Device       : xc7z010clg400-1
------------------------------------------------------------------------------------

Upgrade Log for IP 'system_d_axi_i2s_audio_0_0'

1. Summary
----------

CAUTION (success, with warnings) in the upgrade of system_d_axi_i2s_audio_0_0 (digilentinc.com:user:d_axi_i2s_audio:2.0) from (Rev. 55) to (Rev. 57)

After upgrade, an IP may have parameter and port differences compared to the original customization. Please review the parameters within the IP customization GUI to ensure proper functionality. Also, please review the updated IP instantiation template to ensure proper connectivity, and update your design if required.

2. Connection Warnings
----------------------

Detected external port differences while upgrading 'system_d_axi_i2s_audio_0_0'. These changes may impact your design.


-Upgrade has added port 'BCK_int'

-Upgrade has added port 'LRCK_int'







Copyright 1986-2018 Xilinx, Inc. All Rights Reserved.
------------------------------------------------------------------------------------
| Tool Version : Vivado v.2018.2 (lin64) Build 2258646 Thu Jun 14 20:02:38 MDT 2018
| Date         : Sat Dec  4 17:55:33 2021
| Host         : cameron-xps running 64-bit Ubuntu 18.04.5 LTS
| Command      : upgrade_ip
| Device       : xc7z010clg400-1
------------------------------------------------------------------------------------

Upgrade Log for IP 'system_d_axi_i2s_audio_0_0'

1. Summary
----------

CAUTION (success, with warnings) in the upgrade of system_d_axi_i2s_audio_0_0 (digilentinc.com:user:d_axi_i2s_audio:2.0) from (Rev. 54) to (Rev. 55)

After upgrade, an IP may have parameter and port differences compared to the original customization. Please review the parameters within the IP customization GUI to ensure proper functionality. Also, please review the updated IP instantiation template to ensure proper connectivity, and update your design if required.

2. Connection Warnings
----------------------

Detected external port differences while upgrading 'system_d_axi_i2s_audio_0_0'. These changes may impact your design.


-Upgrade has added port 'PLL_Locked'







Copyright 1986-2018 Xilinx, Inc. All Rights Reserved.
------------------------------------------------------------------------------------
| Tool Version : Vivado v.2018.2 (lin64) Build 2258646 Thu Jun 14 20:02:38 MDT 2018
| Date         : Sat Dec  4 17:01:46 2021
| Host         : cameron-xps running 64-bit Ubuntu 18.04.5 LTS
| Command      : upgrade_ip
| Device       : xc7z010clg400-1
------------------------------------------------------------------------------------

Upgrade Log for IP 'system_d_axi_i2s_audio_0_0'

1. Summary
----------

CAUTION (success, with warnings) in the upgrade of system_d_axi_i2s_audio_0_0 (digilentinc.com:user:d_axi_i2s_audio:2.0) from (Rev. 53) to (Rev. 54)

After upgrade, an IP may have parameter and port differences compared to the original customization. Please review the parameters within the IP customization GUI to ensure proper functionality. Also, please review the updated IP instantiation template to ensure proper connectivity, and update your design if required.

2. Connection Warnings
----------------------

Detected external port differences while upgrading 'system_d_axi_i2s_audio_0_0'. These changes may impact your design.


-Upgrade has added port 'MCK_int'







Copyright 1986-2018 Xilinx, Inc. All Rights Reserved.
------------------------------------------------------------------------------------
| Tool Version : Vivado v.2018.2 (lin64) Build 2258646 Thu Jun 14 20:02:38 MDT 2018
| Date         : Sat Dec  4 16:53:19 2021
| Host         : cameron-xps running 64-bit Ubuntu 18.04.5 LTS
| Command      : upgrade_ip
| Device       : xc7z010clg400-1
------------------------------------------------------------------------------------

Upgrade Log for IP 'system_d_axi_i2s_audio_0_0'

1. Summary
----------

SUCCESS in the upgrade of system_d_axi_i2s_audio_0_0 (digilentinc.com:user:d_axi_i2s_audio:2.0) from (Rev. 52) to (Rev. 53)

