#-----------------------------------------------------------
# Vivado v2018.2 (64-bit)
# SW Build 2258646 on Thu Jun 14 20:02:38 MDT 2018
# IP Build 2256618 on Thu Jun 14 22:10:49 MDT 2018
# Start of session at: Wed Oct 27 14:33:38 2021
# Process ID: 21654
# Current directory: /home/cameron
# Command line: vivado
# Log file: /home/cameron/vivado.log
# Journal file: /home/cameron/vivado.jou
#-----------------------------------------------------------
start_gui
create_project Static_Signal_Source_IP /home/cameron/PhaseArraySpeaker/Firmware/2018.2/Static_Signal_Source_IP -part xc7z010clg400-1
INFO: [IP_Flow 19-234] Refreshing IP repositories
INFO: [IP_Flow 19-1704] No user IP repositories specified
INFO: [IP_Flow 19-2313] Loaded Vivado IP repository '/opt/Xilinx/Vivado/2018.2/data/ip'.
set_property board_part digilentinc.com:zybo-z7-10:part0:1.0 [current_project]
add_files -norecurse -scan_for_includes {/home/cameron/PhaseArraySpeaker/Firmware/Phase_Control_v1/Signal_Buffer_PLUS_DAC_Experiment.srcs/sources_1/ip/Saw_ROM/Saw_ROM.xci /home/cameron/PhaseArraySpeaker/Firmware/Phase_Control_v1/Signal_Buffer_PLUS_DAC_Experiment.srcs/sources_1/ip/Triangle_ROM/Triangle_ROM.xci /home/cameron/PhaseArraySpeaker/Firmware/Phase_Control_v1/Signal_Buffer_PLUS_DAC_Experiment.srcs/sources_1/ip/Dirac_ROM/Dirac_ROM.xci /home/cameron/PhaseArraySpeaker/Firmware/Phase_Control_v1/Signal_Buffer_PLUS_DAC_Experiment.srcs/sources_1/ip/Sine_ROM/Sine_ROM.xci}
WARNING: [IP_Flow 19-395] Problem validating against XML schema: see 'xilinx:componentInstanceExtensions' : Bad end of element
WARNING: [IP_Flow 19-395] Problem validating against XML schema: see 'xilinx:componentInstanceExtensions' : Bad end of element
CRITICAL WARNING: [IP_Flow 19-3389] Failed to import IP file '/home/cameron/PhaseArraySpeaker/Firmware/Phase_Control_v1/Signal_Buffer_PLUS_DAC_Experiment.srcs/sources_1/ip/Saw_ROM/Saw_ROM.xci': Could not find IP definition in IP file '/home/cameron/PhaseArraySpeaker/Firmware/Phase_Control_v1/Signal_Buffer_PLUS_DAC_Experiment.srcs/sources_1/ip/Saw_ROM/Saw_ROM.xci'. The IP file may be corrupt.

CRITICAL WARNING: [Vivado 12-1464] The source file '/home/cameron/PhaseArraySpeaker/Firmware/Phase_Control_v1/Signal_Buffer_PLUS_DAC_Experiment.srcs/sources_1/ip/Saw_ROM/Saw_ROM.xci' cannot be added to the fileset 'sources_1'.
WARNING: [IP_Flow 19-395] Problem validating against XML schema: see 'xilinx:componentInstanceExtensions' : Bad end of element
WARNING: [IP_Flow 19-395] Problem validating against XML schema: see 'xilinx:componentInstanceExtensions' : Bad end of element
CRITICAL WARNING: [IP_Flow 19-3389] Failed to import IP file '/home/cameron/PhaseArraySpeaker/Firmware/Phase_Control_v1/Signal_Buffer_PLUS_DAC_Experiment.srcs/sources_1/ip/Triangle_ROM/Triangle_ROM.xci': Could not find IP definition in IP file '/home/cameron/PhaseArraySpeaker/Firmware/Phase_Control_v1/Signal_Buffer_PLUS_DAC_Experiment.srcs/sources_1/ip/Triangle_ROM/Triangle_ROM.xci'. The IP file may be corrupt.

CRITICAL WARNING: [Vivado 12-1464] The source file '/home/cameron/PhaseArraySpeaker/Firmware/Phase_Control_v1/Signal_Buffer_PLUS_DAC_Experiment.srcs/sources_1/ip/Triangle_ROM/Triangle_ROM.xci' cannot be added to the fileset 'sources_1'.
WARNING: [IP_Flow 19-395] Problem validating against XML schema: see 'xilinx:componentInstanceExtensions' : Bad end of element
WARNING: [IP_Flow 19-395] Problem validating against XML schema: see 'xilinx:componentInstanceExtensions' : Bad end of element
CRITICAL WARNING: [IP_Flow 19-3389] Failed to import IP file '/home/cameron/PhaseArraySpeaker/Firmware/Phase_Control_v1/Signal_Buffer_PLUS_DAC_Experiment.srcs/sources_1/ip/Dirac_ROM/Dirac_ROM.xci': Could not find IP definition in IP file '/home/cameron/PhaseArraySpeaker/Firmware/Phase_Control_v1/Signal_Buffer_PLUS_DAC_Experiment.srcs/sources_1/ip/Dirac_ROM/Dirac_ROM.xci'. The IP file may be corrupt.

CRITICAL WARNING: [Vivado 12-1464] The source file '/home/cameron/PhaseArraySpeaker/Firmware/Phase_Control_v1/Signal_Buffer_PLUS_DAC_Experiment.srcs/sources_1/ip/Dirac_ROM/Dirac_ROM.xci' cannot be added to the fileset 'sources_1'.
WARNING: [IP_Flow 19-395] Problem validating against XML schema: see 'xilinx:componentInstanceExtensions' : Bad end of element
WARNING: [IP_Flow 19-395] Problem validating against XML schema: see 'xilinx:componentInstanceExtensions' : Bad end of element
CRITICAL WARNING: [IP_Flow 19-3389] Failed to import IP file '/home/cameron/PhaseArraySpeaker/Firmware/Phase_Control_v1/Signal_Buffer_PLUS_DAC_Experiment.srcs/sources_1/ip/Sine_ROM/Sine_ROM.xci': Could not find IP definition in IP file '/home/cameron/PhaseArraySpeaker/Firmware/Phase_Control_v1/Signal_Buffer_PLUS_DAC_Experiment.srcs/sources_1/ip/Sine_ROM/Sine_ROM.xci'. The IP file may be corrupt.

CRITICAL WARNING: [Vivado 12-1464] The source file '/home/cameron/PhaseArraySpeaker/Firmware/Phase_Control_v1/Signal_Buffer_PLUS_DAC_Experiment.srcs/sources_1/ip/Sine_ROM/Sine_ROM.xci' cannot be added to the fileset 'sources_1'.
import_files -norecurse {/home/cameron/PhaseArraySpeaker/Firmware/Phase_Control_v1/Signal_Buffer_PLUS_DAC_Experiment.srcs/sources_1/ip/Saw_ROM/Saw_ROM.xci /home/cameron/PhaseArraySpeaker/Firmware/Phase_Control_v1/Signal_Buffer_PLUS_DAC_Experiment.srcs/sources_1/ip/Triangle_ROM/Triangle_ROM.xci /home/cameron/PhaseArraySpeaker/Firmware/Phase_Control_v1/Signal_Buffer_PLUS_DAC_Experiment.srcs/sources_1/ip/Dirac_ROM/Dirac_ROM.xci /home/cameron/PhaseArraySpeaker/Firmware/Phase_Control_v1/Signal_Buffer_PLUS_DAC_Experiment.srcs/sources_1/ip/Sine_ROM/Sine_ROM.xci}
WARNING: [IP_Flow 19-395] Problem validating against XML schema: see 'xilinx:componentInstanceExtensions' : Bad end of element
CRITICAL WARNING: [IP_Flow 19-3389] Failed to import IP file '/home/cameron/PhaseArraySpeaker/Firmware/Phase_Control_v1/Signal_Buffer_PLUS_DAC_Experiment.srcs/sources_1/ip/Saw_ROM/Saw_ROM.xci': Could not find IP definition in IP file '/home/cameron/PhaseArraySpeaker/Firmware/Phase_Control_v1/Signal_Buffer_PLUS_DAC_Experiment.srcs/sources_1/ip/Saw_ROM/Saw_ROM.xci'. The IP file may be corrupt.

CRITICAL WARNING: [filemgmt 20-984] The source file '/home/cameron/PhaseArraySpeaker/Firmware/Phase_Control_v1/Signal_Buffer_PLUS_DAC_Experiment.srcs/sources_1/ip/Saw_ROM/Saw_ROM.xci' cannot be added to the fileset 'sources_1'.
WARNING: [IP_Flow 19-395] Problem validating against XML schema: see 'xilinx:componentInstanceExtensions' : Bad end of element
CRITICAL WARNING: [IP_Flow 19-3389] Failed to import IP file '/home/cameron/PhaseArraySpeaker/Firmware/Phase_Control_v1/Signal_Buffer_PLUS_DAC_Experiment.srcs/sources_1/ip/Triangle_ROM/Triangle_ROM.xci': Could not find IP definition in IP file '/home/cameron/PhaseArraySpeaker/Firmware/Phase_Control_v1/Signal_Buffer_PLUS_DAC_Experiment.srcs/sources_1/ip/Triangle_ROM/Triangle_ROM.xci'. The IP file may be corrupt.

CRITICAL WARNING: [filemgmt 20-984] The source file '/home/cameron/PhaseArraySpeaker/Firmware/Phase_Control_v1/Signal_Buffer_PLUS_DAC_Experiment.srcs/sources_1/ip/Triangle_ROM/Triangle_ROM.xci' cannot be added to the fileset 'sources_1'.
WARNING: [IP_Flow 19-395] Problem validating against XML schema: see 'xilinx:componentInstanceExtensions' : Bad end of element
CRITICAL WARNING: [IP_Flow 19-3389] Failed to import IP file '/home/cameron/PhaseArraySpeaker/Firmware/Phase_Control_v1/Signal_Buffer_PLUS_DAC_Experiment.srcs/sources_1/ip/Dirac_ROM/Dirac_ROM.xci': Could not find IP definition in IP file '/home/cameron/PhaseArraySpeaker/Firmware/Phase_Control_v1/Signal_Buffer_PLUS_DAC_Experiment.srcs/sources_1/ip/Dirac_ROM/Dirac_ROM.xci'. The IP file may be corrupt.

CRITICAL WARNING: [filemgmt 20-984] The source file '/home/cameron/PhaseArraySpeaker/Firmware/Phase_Control_v1/Signal_Buffer_PLUS_DAC_Experiment.srcs/sources_1/ip/Dirac_ROM/Dirac_ROM.xci' cannot be added to the fileset 'sources_1'.
WARNING: [IP_Flow 19-395] Problem validating against XML schema: see 'xilinx:componentInstanceExtensions' : Bad end of element
CRITICAL WARNING: [IP_Flow 19-3389] Failed to import IP file '/home/cameron/PhaseArraySpeaker/Firmware/Phase_Control_v1/Signal_Buffer_PLUS_DAC_Experiment.srcs/sources_1/ip/Sine_ROM/Sine_ROM.xci': Could not find IP definition in IP file '/home/cameron/PhaseArraySpeaker/Firmware/Phase_Control_v1/Signal_Buffer_PLUS_DAC_Experiment.srcs/sources_1/ip/Sine_ROM/Sine_ROM.xci'. The IP file may be corrupt.

CRITICAL WARNING: [filemgmt 20-984] The source file '/home/cameron/PhaseArraySpeaker/Firmware/Phase_Control_v1/Signal_Buffer_PLUS_DAC_Experiment.srcs/sources_1/ip/Sine_ROM/Sine_ROM.xci' cannot be added to the fileset 'sources_1'.
export_ip_user_files -of_objects  [get_files  {/home/cameron/PhaseArraySpeaker/Firmware/2018.2/Static_Signal_Source_IP/Static_Signal_Source_IP.srcs/sources_1/ip/Saw_ROM/Saw_ROM.xci /home/cameron/PhaseArraySpeaker/Firmware/2018.2/Static_Signal_Source_IP/Static_Signal_Source_IP.srcs/sources_1/ip/Triangle_ROM/Triangle_ROM.xci /home/cameron/PhaseArraySpeaker/Firmware/2018.2/Static_Signal_Source_IP/Static_Signal_Source_IP.srcs/sources_1/ip/Dirac_ROM/Dirac_ROM.xci /home/cameron/PhaseArraySpeaker/Firmware/2018.2/Static_Signal_Source_IP/Static_Signal_Source_IP.srcs/sources_1/ip/Sine_ROM/Sine_ROM.xci}] -lib_map_path [list {modelsim=/home/cameron/PhaseArraySpeaker/Firmware/2018.2/Static_Signal_Source_IP/Static_Signal_Source_IP.cache/compile_simlib/modelsim} {questa=/home/cameron/PhaseArraySpeaker/Firmware/2018.2/Static_Signal_Source_IP/Static_Signal_Source_IP.cache/compile_simlib/questa} {ies=/home/cameron/PhaseArraySpeaker/Firmware/2018.2/Static_Signal_Source_IP/Static_Signal_Source_IP.cache/compile_simlib/ies} {xcelium=/home/cameron/PhaseArraySpeaker/Firmware/2018.2/Static_Signal_Source_IP/Static_Signal_Source_IP.cache/compile_simlib/xcelium} {vcs=/home/cameron/PhaseArraySpeaker/Firmware/2018.2/Static_Signal_Source_IP/Static_Signal_Source_IP.cache/compile_simlib/vcs} {riviera=/home/cameron/PhaseArraySpeaker/Firmware/2018.2/Static_Signal_Source_IP/Static_Signal_Source_IP.cache/compile_simlib/riviera}] -force -quiet
add_files -norecurse -scan_for_includes {/home/cameron/PhaseArraySpeaker/Firmware/Phase_Control_v1/Signal_Buffer_PLUS_DAC_Experiment.srcs/sources_1/imports/sources_1/imports/new/Address_Counter.v /home/cameron/PhaseArraySpeaker/Firmware/Phase_Control_v1/Signal_Buffer_PLUS_DAC_Experiment.srcs/sources_1/imports/sources_1/new/DAC_Array_Tester.v}
import_files -norecurse {/home/cameron/PhaseArraySpeaker/Firmware/Phase_Control_v1/Signal_Buffer_PLUS_DAC_Experiment.srcs/sources_1/imports/sources_1/imports/new/Address_Counter.v /home/cameron/PhaseArraySpeaker/Firmware/Phase_Control_v1/Signal_Buffer_PLUS_DAC_Experiment.srcs/sources_1/imports/sources_1/new/DAC_Array_Tester.v}
update_compile_order -fileset sources_1
WARNING: [IP_Flow 19-3899] Cannot get the environment domain name variable for the component vendor name. Setting the vendor name to 'user.org'.
ipx::package_project -root_dir /home/cameron/PhaseArraySpeaker/Firmware/2018.2/Static_Signal_Source_IP/Static_Signal_Source_IP.srcs/sources_1 -vendor user.org -library user -taxonomy /UserIP -archive_source_project true
WARNING: [IP_Flow 19-3899] Cannot get the environment domain name variable for the component vendor name. Setting the vendor name to 'user.org'.
ipx::package_project -root_dir /home/cameron/PhaseArraySpeaker/Firmware/2018.2/Static_Signal_Source_IP/Static_Signal_Source_IP.srcs/sources_1 -vendor user.org -library user -taxonomy /UserIP -archive_source_project true
WARNING: [IP_Flow 19-3899] Cannot get the environment domain name variable for the component vendor name. Setting the vendor name to 'user.org'.
ipx::package_project -root_dir /home/cameron/PhaseArraySpeaker/Firmware/2018.2/Static_Signal_Source_IP/Static_Signal_Source_IP.srcs/sources_1 -vendor user.org -library user -taxonomy /UserIP -generated_files -archive_source_project true
update_compile_order -fileset sources_1
export_ip_user_files -of_objects  [get_files /home/cameron/PhaseArraySpeaker/Firmware/2018.2/Static_Signal_Source_IP/Static_Signal_Source_IP.srcs/sources_1/ip/Sine_ROM/Sine_ROM.xci] -no_script -reset -force -quiet
remove_files  /home/cameron/PhaseArraySpeaker/Firmware/2018.2/Static_Signal_Source_IP/Static_Signal_Source_IP.srcs/sources_1/ip/Sine_ROM/Sine_ROM.xci
export_ip_user_files -of_objects  [get_files /home/cameron/PhaseArraySpeaker/Firmware/2018.2/Static_Signal_Source_IP/Static_Signal_Source_IP.srcs/sources_1/ip/Saw_ROM/Saw_ROM.xci] -no_script -reset -force -quiet
remove_files  /home/cameron/PhaseArraySpeaker/Firmware/2018.2/Static_Signal_Source_IP/Static_Signal_Source_IP.srcs/sources_1/ip/Saw_ROM/Saw_ROM.xci
export_ip_user_files -of_objects  [get_files /home/cameron/PhaseArraySpeaker/Firmware/2018.2/Static_Signal_Source_IP/Static_Signal_Source_IP.srcs/sources_1/ip/Dirac_ROM/Dirac_ROM.xci] -no_script -reset -force -quiet
remove_files  /home/cameron/PhaseArraySpeaker/Firmware/2018.2/Static_Signal_Source_IP/Static_Signal_Source_IP.srcs/sources_1/ip/Dirac_ROM/Dirac_ROM.xci
export_ip_user_files -of_objects  [get_files /home/cameron/PhaseArraySpeaker/Firmware/2018.2/Static_Signal_Source_IP/Static_Signal_Source_IP.srcs/sources_1/ip/Triangle_ROM/Triangle_ROM.xci] -no_script -reset -force -quiet
remove_files  /home/cameron/PhaseArraySpeaker/Firmware/2018.2/Static_Signal_Source_IP/Static_Signal_Source_IP.srcs/sources_1/ip/Triangle_ROM/Triangle_ROM.xci
WARNING: [IP_Flow 19-3899] Cannot get the environment domain name variable for the component vendor name. Setting the vendor name to 'user.org'.
ipx::package_project -root_dir /home/cameron/PhaseArraySpeaker/Firmware/2018.2/Static_Signal_Source_IP/Static_Signal_Source_IP.srcs/sources_1/imports/sources_1 -vendor user.org -library user -taxonomy /UserIP -archive_source_project true
INFO: [Coretcl 2-137] starting archive...
INFO: [Coretcl 2-1499] Saving project copy to temporary location './.Xil/Vivado-21654-cameron-xps' for archiving project
Scanning sources...
Finished scanning sources
INFO: [Coretcl 2-1211] Creating project copy for archival...
INFO: [Coretcl 2-1213] Including run results for 'synth_1'
INFO: [Coretcl 2-1213] Including run results for 'impl_1'
INFO: [Coretcl 2-1209] Adding archive summary file to the project...
INFO: [Coretcl 2-1214] Preparing project files for archive...
INFO: [Coretcl 2-1210] Compressing project files and data...
INFO: [Coretcl 2-1215] Project archived (/home/cameron/PhaseArraySpeaker/Firmware/2018.2/Static_Signal_Source_IP/Static_Signal_Source_IP.srcs/sources_1/imports/sources_1/ip_project_archive.zip)
INFO: [Coretcl 2-1216] To view the archive summary log in GUI, double click on 'Design Sources->Text->archive_project_summary.txt', or open this file from the archived project directory.
INFO: [IP_Flow 19-2181] Payment Required is not set for this core.
INFO: [IP_Flow 19-2187] The Product Guide file is missing.
set_property core_revision 2 [ipx::current_core]
ipx::create_xgui_files [ipx::current_core]
ipx::update_checksums [ipx::current_core]
ipx::save_core [ipx::current_core]
set_property  ip_repo_paths  /home/cameron/PhaseArraySpeaker/Firmware/2018.2/Static_Signal_Source_IP/Static_Signal_Source_IP.srcs/sources_1/imports/sources_1 [current_project]
update_ip_catalog
INFO: [IP_Flow 19-234] Refreshing IP repositories
INFO: [IP_Flow 19-1700] Loaded user IP repository '/home/cameron/PhaseArraySpeaker/Firmware/2018.2/Static_Signal_Source_IP/Static_Signal_Source_IP.srcs/sources_1/imports/sources_1'.
WARNING: [IP_Flow 19-3899] Cannot get the environment domain name variable for the component vendor name. Setting the vendor name to 'user.org'.
ipx::package_project -root_dir /home/cameron/PhaseArraySpeaker/Firmware/2018.2/Static_Signal_Source_IP/Static_Signal_Source_IP.srcs/sources_1/imports/sources_1 -vendor user.org -library user -taxonomy /UserIP -force -archive_source_project true
INFO: [Coretcl 2-137] starting archive...
INFO: [Coretcl 2-1499] Saving project copy to temporary location './.Xil/Vivado-21654-cameron-xps' for archiving project
Scanning sources...
Finished scanning sources
INFO: [Coretcl 2-1211] Creating project copy for archival...
INFO: [Coretcl 2-1213] Including run results for 'synth_1'
INFO: [Coretcl 2-1213] Including run results for 'impl_1'
INFO: [Coretcl 2-1209] Adding archive summary file to the project...
INFO: [Coretcl 2-1214] Preparing project files for archive...
INFO: [Coretcl 2-1210] Compressing project files and data...
INFO: [Coretcl 2-1215] Project archived (/home/cameron/PhaseArraySpeaker/Firmware/2018.2/Static_Signal_Source_IP/Static_Signal_Source_IP.srcs/sources_1/imports/sources_1/ip_project_archive.zip)
INFO: [Coretcl 2-1216] To view the archive summary log in GUI, double click on 'Design Sources->Text->archive_project_summary.txt', or open this file from the archived project directory.
INFO: [IP_Flow 19-2181] Payment Required is not set for this core.
INFO: [IP_Flow 19-2187] The Product Guide file is missing.
ipx::merge_project_changes ports [ipx::current_core]
WARNING: [IP_Flow 19-3899] Cannot get the environment domain name variable for the component vendor name. Setting the vendor name to 'user.org'.
WARNING: [IP_Flow 19-5226] Project source file '/home/cameron/PhaseArraySpeaker/Firmware/2018.2/Static_Signal_Source_IP/Static_Signal_Source_IP.srcs/sources_1/imports/sources_1/component.xml' ignored by IP packager.
set_property core_revision 2 [ipx::current_core]
ipx::create_xgui_files [ipx::current_core]
ipx::update_checksums [ipx::current_core]
ipx::save_core [ipx::current_core]
update_ip_catalog -rebuild -repo_path /home/cameron/PhaseArraySpeaker/Firmware/2018.2/Static_Signal_Source_IP/Static_Signal_Source_IP.srcs/sources_1/imports/sources_1
INFO: [IP_Flow 19-725] Reloaded user IP repository '/home/cameron/PhaseArraySpeaker/Firmware/2018.2/Static_Signal_Source_IP/Static_Signal_Source_IP.srcs/sources_1/imports/sources_1'
close_project
open_project /home/cameron/ZyboAudio/vivado_proj/Zybo-Z7-10-DMA.xpr
Scanning sources...
Finished scanning sources
INFO: [IP_Flow 19-234] Refreshing IP repositories
INFO: [IP_Flow 19-1700] Loaded user IP repository '/home/cameron/ZyboAudio/vivado_proj/Zybo-Z7-10-DMA.ipdefs/repo_0'.
WARNING: [IP_Flow 19-395] Problem validating against XML schema: see 'xilinx:componentInstanceExtensions' : Bad end of element
WARNING: [IP_Flow 19-395] Problem validating against XML schema: see 'xilinx:componentInstanceExtensions' : Bad end of element
WARNING: [IP_Flow 19-395] Problem validating against XML schema: see 'xilinx:componentInstanceExtensions' : Bad end of element
WARNING: [IP_Flow 19-395] Problem validating against XML schema: see 'xilinx:componentInstanceExtensions' : Bad end of element
INFO: [IP_Flow 19-1700] Loaded user IP repository '/home/cameron/PhaseArraySpeaker/Firmware/2018.2'.
INFO: [IP_Flow 19-2313] Loaded Vivado IP repository '/opt/Xilinx/Vivado/2018.2/data/ip'.
WARNING: [IP_Flow 19-3664] IP 'system_auto_pc_1' generated file not found '/home/cameron/ZyboAudio/vivado_proj/Zybo-Z7-10-DMA.srcs/sources_1/bd/system/ip/system_auto_pc_1/system_auto_pc_1.dcp'. Please regenerate to continue.
WARNING: [IP_Flow 19-3664] IP 'system_auto_pc_1' generated file not found '/home/cameron/ZyboAudio/vivado_proj/Zybo-Z7-10-DMA.srcs/sources_1/bd/system/ip/system_auto_pc_1/system_auto_pc_1_stub.v'. Please regenerate to continue.
WARNING: [IP_Flow 19-3664] IP 'system_auto_pc_1' generated file not found '/home/cameron/ZyboAudio/vivado_proj/Zybo-Z7-10-DMA.srcs/sources_1/bd/system/ip/system_auto_pc_1/system_auto_pc_1_stub.vhdl'. Please regenerate to continue.
WARNING: [IP_Flow 19-3664] IP 'system_auto_pc_1' generated file not found '/home/cameron/ZyboAudio/vivado_proj/Zybo-Z7-10-DMA.srcs/sources_1/bd/system/ip/system_auto_pc_1/system_auto_pc_1_sim_netlist.v'. Please regenerate to continue.
WARNING: [IP_Flow 19-3664] IP 'system_auto_pc_1' generated file not found '/home/cameron/ZyboAudio/vivado_proj/Zybo-Z7-10-DMA.srcs/sources_1/bd/system/ip/system_auto_pc_1/system_auto_pc_1_sim_netlist.vhdl'. Please regenerate to continue.
update_compile_order -fileset sources_1
open_bd_design {/home/cameron/ZyboAudio/vivado_proj/Zybo-Z7-10-DMA.srcs/sources_1/bd/system/system.bd}
Adding cell -- xilinx.com:ip:axi_dma:7.1 - axi_dma_0
Adding cell -- xilinx.com:ip:axi_gpio:2.0 - axi_gpio_0
Adding cell -- xilinx.com:ip:axi_iic:2.0 - axi_iic_0
Adding cell -- digilentinc.com:user:d_axi_i2s_audio:2.0 - d_axi_i2s_audio_0
Adding cell -- xilinx.com:ip:processing_system7:5.5 - processing_system7_0
Adding cell -- xilinx.com:ip:proc_sys_reset:5.0 - rst_ps7_0_100M
Adding cell -- xilinx.com:ip:xlconcat:2.1 - xlconcat_0
Adding cell -- xilinx.com:ip:xlconstant:1.1 - xlconstant_0
WARNING: [BD 41-1731] Type mismatch between connected pins: /processing_system7_0/FCLK_CLK0(clk) and /d_axi_i2s_audio_0/CLK_100MHZ_I(undef)
Adding cell -- xilinx.com:ip:axi_crossbar:2.1 - xbar
Adding cell -- xilinx.com:ip:axi_protocol_converter:2.1 - auto_pc
Adding cell -- xilinx.com:ip:axi_crossbar:2.1 - xbar
Adding cell -- xilinx.com:ip:axi_protocol_converter:2.1 - auto_pc
Adding cell -- xilinx.com:ip:axi_dwidth_converter:2.1 - auto_us
Adding cell -- xilinx.com:ip:axi_dwidth_converter:2.1 - auto_us
Successfully read diagram <system> from BD file </home/cameron/ZyboAudio/vivado_proj/Zybo-Z7-10-DMA.srcs/sources_1/bd/system/system.bd>
close_project
open_project /home/cameron/PhaseArraySpeaker/Firmware/2018.2/DSP_Serializer_IP_Combined/DSP_Serializer_IP_Combined.xpr
Scanning sources...
Finished scanning sources
INFO: [IP_Flow 19-234] Refreshing IP repositories
INFO: [IP_Flow 19-1700] Loaded user IP repository '/home/cameron/PhaseArraySpeaker/Firmware/2018.2/DSP_Serializer_IP_Combined/DSP_Serializer_IP_Combined.srcs/sources_1/imports/new'.
INFO: [IP_Flow 19-2313] Loaded Vivado IP repository '/opt/Xilinx/Vivado/2018.2/data/ip'.
update_compile_order -fileset sources_1
WARNING: [IP_Flow 19-3899] Cannot get the environment domain name variable for the component vendor name. Setting the vendor name to 'user.org'.
ipx::package_project -root_dir /home/cameron/PhaseArraySpeaker/Firmware/2018.2/DSP_Serializer_IP_Combined/DSP_Serializer_IP_Combined.srcs/sources_1/imports/new -vendor user.org -library user -taxonomy /UserIP -force -archive_source_project true
INFO: [Coretcl 2-137] starting archive...
INFO: [Coretcl 2-1499] Saving project copy to temporary location './.Xil/Vivado-21654-cameron-xps' for archiving project
Scanning sources...
Finished scanning sources
INFO: [Coretcl 2-1211] Creating project copy for archival...
INFO: [Coretcl 2-1213] Including run results for 'synth_1'
INFO: [Coretcl 2-1213] Including run results for 'impl_1'
