Copyright 1986-2021 Xilinx, Inc. All Rights Reserved.
------------------------------------------------------------------------------------
| Tool Version : Vivado v.2021.1 (lin64) Build 3247384 Thu Jun 10 19:36:07 MDT 2021
| Date         : Sun Oct 17 15:46:59 2021
| Host         : cameron-xps running 64-bit Ubuntu 18.04.5 LTS
| Command      : upgrade_ip
| Device       : xc7z010clg400-1
------------------------------------------------------------------------------------

Upgrade Log for IP 'Dirac_ROM'

1. Summary
----------

SUCCESS in the conversion of Dirac_ROM (xilinx.com:ip:blk_mem_gen:8.4 (Rev. 4)) to Vivado generation flows.






Copyright 1986-2021 Xilinx, Inc. All Rights Reserved.
------------------------------------------------------------------------------------
| Tool Version : Vivado v.2021.1 (lin64) Build 3247384 Thu Jun 10 19:36:07 MDT 2021
| Date         : Sun Oct 17 15:46:47 2021
| Host         : cameron-xps running 64-bit Ubuntu 18.04.5 LTS
| Command      : upgrade_ip
| Device       : xc7z010clg400-1
------------------------------------------------------------------------------------

Upgrade Log for IP 'PCM_Transmitter_16_0'

1. Summary
----------

SUCCESS in the conversion of PCM_Transmitter_16_0 (user.org:user:PCM_Transmitter_16:1.0 (Rev. 5)) to Vivado generation flows.






Copyright 1986-2021 Xilinx, Inc. All Rights Reserved.
------------------------------------------------------------------------------------
| Tool Version : Vivado v.2021.1 (lin64) Build 3247384 Thu Jun 10 19:36:07 MDT 2021
| Date         : Sun Oct 17 15:43:42 2021
| Host         : cameron-xps running 64-bit Ubuntu 18.04.5 LTS
| Command      : upgrade_ip
| Device       : xc7k70tfbv676-1
------------------------------------------------------------------------------------

Upgrade Log for IP 'Dirac_ROM'

1. Summary
----------

SUCCESS in the conversion of Dirac_ROM (xilinx.com:ip:blk_mem_gen:8.4 (Rev. 4)) to Vivado generation flows.

