01:30:40 INFO  : Registering command handlers for SDK TCF services
01:30:40 INFO  : Launching XSCT server: xsct -n -interactive /home/cameron/PhaseArraySpeaker/Firmware/OTHER/Zybo-Z7-10-DMA-2018.2-1/temp_xsdb_launch_script.tcl
01:30:42 INFO  : XSCT server has started successfully.
01:30:43 INFO  : Successfully done setting XSCT server connection channel  
01:30:43 INFO  : Successfully done setting SDK workspace  
01:30:43 INFO  : Processing command line option -hwspec /home/cameron/PhaseArraySpeaker/Firmware/OTHER/Zybo-Z7-10-DMA-2018.2-1/vivado_proj/Zybo-Z7-10-DMA.sdk/system_wrapper.hdf.
01:31:51 INFO  : 'targets -set -filter {jtag_cable_name =~ "Digilent Zybo Z7 210351B0FC48A" && level==0} -index 1' command is executed.
01:31:51 INFO  : 'fpga -state' command is executed.
01:31:51 INFO  : Connected to target on host '127.0.0.1' and port '3121'.
01:31:51 INFO  : Jtag cable 'Digilent Zybo Z7 210351B0FC48A' is selected.
01:31:51 INFO  : 'jtag frequency' command is executed.
01:31:51 INFO  : Sourcing of '/home/cameron/PhaseArraySpeaker/Firmware/OTHER/Zybo-Z7-10-DMA-2018.2-1/system_wrapper_hw_platform_0/ps7_init.tcl' is done.
01:31:51 INFO  : Context for 'APU' is selected.
01:31:51 INFO  : Hardware design information is loaded from '/home/cameron/PhaseArraySpeaker/Firmware/OTHER/Zybo-Z7-10-DMA-2018.2-1/system_wrapper_hw_platform_0/system.hdf'.
01:31:51 INFO  : 'configparams force-mem-access 1' command is executed.
01:31:51 INFO  : Context for 'APU' is selected.
01:31:51 INFO  : 'stop' command is executed.
01:31:52 INFO  : 'ps7_init' command is executed.
01:31:52 INFO  : 'ps7_post_config' command is executed.
01:31:52 INFO  : Context for processor 'ps7_cortexa9_0' is selected.
01:31:52 INFO  : Processor reset is completed for 'ps7_cortexa9_0'.
01:31:52 INFO  : Context for processor 'ps7_cortexa9_0' is selected.
01:31:52 INFO  : The application '/home/cameron/PhaseArraySpeaker/Firmware/OTHER/Zybo-Z7-10-DMA-2018.2-1/vivado_proj/Zybo-Z7-10-DMA.sdk/Zybo-Z7-10-DMA/Debug/Zybo-Z7-10-DMA.elf' is downloaded to processor 'ps7_cortexa9_0'.
01:31:52 INFO  : 'configparams force-mem-access 0' command is executed.
01:31:52 INFO  : ----------------XSDB Script----------------
connect -url tcp:127.0.0.1:3121
source /home/cameron/PhaseArraySpeaker/Firmware/OTHER/Zybo-Z7-10-DMA-2018.2-1/system_wrapper_hw_platform_0/ps7_init.tcl
targets -set -nocase -filter {name =~"APU*" && jtag_cable_name =~ "Digilent Zybo Z7 210351B0FC48A"} -index 0
loadhw -hw /home/cameron/PhaseArraySpeaker/Firmware/OTHER/Zybo-Z7-10-DMA-2018.2-1/system_wrapper_hw_platform_0/system.hdf -mem-ranges [list {0x40000000 0xbfffffff}]
configparams force-mem-access 1
targets -set -nocase -filter {name =~"APU*" && jtag_cable_name =~ "Digilent Zybo Z7 210351B0FC48A"} -index 0
stop
ps7_init
ps7_post_config
targets -set -nocase -filter {name =~ "ARM*#0" && jtag_cable_name =~ "Digilent Zybo Z7 210351B0FC48A"} -index 0
rst -processor
targets -set -nocase -filter {name =~ "ARM*#0" && jtag_cable_name =~ "Digilent Zybo Z7 210351B0FC48A"} -index 0
dow /home/cameron/PhaseArraySpeaker/Firmware/OTHER/Zybo-Z7-10-DMA-2018.2-1/vivado_proj/Zybo-Z7-10-DMA.sdk/Zybo-Z7-10-DMA/Debug/Zybo-Z7-10-DMA.elf
configparams force-mem-access 0
----------------End of Script----------------

01:31:52 INFO  : Memory regions updated for context APU
01:31:52 INFO  : Context for processor 'ps7_cortexa9_0' is selected.
01:31:52 INFO  : 'con' command is executed.
01:31:52 INFO  : ----------------XSDB Script (After Launch)----------------
targets -set -nocase -filter {name =~ "ARM*#0" && jtag_cable_name =~ "Digilent Zybo Z7 210351B0FC48A"} -index 0
con
----------------End of Script----------------

01:31:52 INFO  : Launch script is exported to file '/home/cameron/PhaseArraySpeaker/Firmware/OTHER/Zybo-Z7-10-DMA-2018.2-1/.sdk/launch_scripts/xilinx_c-c++_application_(system_debugger)/system_debugger_using_debug_zybo-z7-10-dma.elf_on_local.tcl'
14:04:53 INFO  : Connected to target on host '127.0.0.1' and port '3121'.
14:04:53 INFO  : 'targets -set -filter {jtag_cable_name =~ "Digilent Zybo Z7 210351B0FC48A" && level==0} -index 1' command is executed.
14:04:54 INFO  : FPGA configured successfully with bitstream "/home/cameron/PhaseArraySpeaker/Firmware/OTHER/Zybo-Z7-10-DMA-2018.2-1/system_wrapper_hw_platform_0/system_wrapper.bit"
14:05:14 INFO  : Disconnected from the channel tcfchan#1.
14:05:15 INFO  : 'targets -set -filter {jtag_cable_name =~ "Digilent Zybo Z7 210351B0FC48A" && level==0} -index 1' command is executed.
14:05:15 INFO  : 'fpga -state' command is executed.
14:05:15 INFO  : Connected to target on host '127.0.0.1' and port '3121'.
14:05:15 INFO  : Jtag cable 'Digilent Zybo Z7 210351B0FC48A' is selected.
14:05:15 INFO  : 'jtag frequency' command is executed.
14:05:15 INFO  : Sourcing of '/home/cameron/PhaseArraySpeaker/Firmware/OTHER/Zybo-Z7-10-DMA-2018.2-1/system_wrapper_hw_platform_0/ps7_init.tcl' is done.
14:05:15 INFO  : Context for 'APU' is selected.
14:05:20 INFO  : Hardware design information is loaded from '/home/cameron/PhaseArraySpeaker/Firmware/OTHER/Zybo-Z7-10-DMA-2018.2-1/system_wrapper_hw_platform_0/system.hdf'.
14:05:20 INFO  : 'configparams force-mem-access 1' command is executed.
14:05:20 INFO  : Context for 'APU' is selected.
14:05:20 INFO  : 'stop' command is executed.
14:05:21 INFO  : 'ps7_init' command is executed.
14:05:21 INFO  : 'ps7_post_config' command is executed.
14:05:21 INFO  : Context for processor 'ps7_cortexa9_0' is selected.
14:05:21 INFO  : Processor reset is completed for 'ps7_cortexa9_0'.
14:05:21 INFO  : Context for processor 'ps7_cortexa9_0' is selected.
14:05:22 INFO  : The application '/home/cameron/PhaseArraySpeaker/Firmware/OTHER/Zybo-Z7-10-DMA-2018.2-1/vivado_proj/Zybo-Z7-10-DMA.sdk/Zybo-Z7-10-DMA/Debug/Zybo-Z7-10-DMA.elf' is downloaded to processor 'ps7_cortexa9_0'.
14:05:22 INFO  : 'configparams force-mem-access 0' command is executed.
14:05:22 INFO  : ----------------XSDB Script----------------
connect -url tcp:127.0.0.1:3121
source /home/cameron/PhaseArraySpeaker/Firmware/OTHER/Zybo-Z7-10-DMA-2018.2-1/system_wrapper_hw_platform_0/ps7_init.tcl
targets -set -nocase -filter {name =~"APU*" && jtag_cable_name =~ "Digilent Zybo Z7 210351B0FC48A"} -index 0
loadhw -hw /home/cameron/PhaseArraySpeaker/Firmware/OTHER/Zybo-Z7-10-DMA-2018.2-1/system_wrapper_hw_platform_0/system.hdf -mem-ranges [list {0x40000000 0xbfffffff}]
configparams force-mem-access 1
targets -set -nocase -filter {name =~"APU*" && jtag_cable_name =~ "Digilent Zybo Z7 210351B0FC48A"} -index 0
stop
ps7_init
ps7_post_config
targets -set -nocase -filter {name =~ "ARM*#0" && jtag_cable_name =~ "Digilent Zybo Z7 210351B0FC48A"} -index 0
rst -processor
targets -set -nocase -filter {name =~ "ARM*#0" && jtag_cable_name =~ "Digilent Zybo Z7 210351B0FC48A"} -index 0
dow /home/cameron/PhaseArraySpeaker/Firmware/OTHER/Zybo-Z7-10-DMA-2018.2-1/vivado_proj/Zybo-Z7-10-DMA.sdk/Zybo-Z7-10-DMA/Debug/Zybo-Z7-10-DMA.elf
configparams force-mem-access 0
----------------End of Script----------------

14:05:22 INFO  : Memory regions updated for context APU
14:05:22 INFO  : Context for processor 'ps7_cortexa9_0' is selected.
14:05:22 INFO  : 'con' command is executed.
14:05:22 INFO  : ----------------XSDB Script (After Launch)----------------
targets -set -nocase -filter {name =~ "ARM*#0" && jtag_cable_name =~ "Digilent Zybo Z7 210351B0FC48A"} -index 0
con
----------------End of Script----------------

14:05:22 INFO  : Launch script is exported to file '/home/cameron/PhaseArraySpeaker/Firmware/OTHER/Zybo-Z7-10-DMA-2018.2-1/.sdk/launch_scripts/xilinx_c-c++_application_(system_debugger)/system_debugger_using_debug_zybo-z7-10-dma.elf_on_local.tcl'
16:05:36 INFO  : Disconnected from the channel tcfchan#2.
16:05:37 INFO  : 'targets -set -filter {jtag_cable_name =~ "Digilent Zybo Z7 210351B0FC48A" && level==0} -index 1' command is executed.
16:05:38 INFO  : 'fpga -state' command is executed.
16:05:38 INFO  : Connected to target on host '127.0.0.1' and port '3121'.
16:05:38 INFO  : Jtag cable 'Digilent Zybo Z7 210351B0FC48A' is selected.
16:05:38 INFO  : 'jtag frequency' command is executed.
16:05:38 INFO  : Sourcing of '/home/cameron/PhaseArraySpeaker/Firmware/OTHER/Zybo-Z7-10-DMA-2018.2-1/system_wrapper_hw_platform_0/ps7_init.tcl' is done.
16:05:38 INFO  : Context for 'APU' is selected.
16:05:39 INFO  : Hardware design information is loaded from '/home/cameron/PhaseArraySpeaker/Firmware/OTHER/Zybo-Z7-10-DMA-2018.2-1/system_wrapper_hw_platform_0/system.hdf'.
16:05:39 INFO  : 'configparams force-mem-access 1' command is executed.
16:05:39 INFO  : Context for 'APU' is selected.
16:05:39 INFO  : 'stop' command is executed.
16:05:39 INFO  : 'ps7_init' command is executed.
16:05:39 INFO  : 'ps7_post_config' command is executed.
16:05:39 INFO  : Context for processor 'ps7_cortexa9_0' is selected.
16:05:39 INFO  : Processor reset is completed for 'ps7_cortexa9_0'.
16:05:39 INFO  : Context for processor 'ps7_cortexa9_0' is selected.
16:05:39 INFO  : The application '/home/cameron/PhaseArraySpeaker/Firmware/OTHER/Zybo-Z7-10-DMA-2018.2-1/vivado_proj/Zybo-Z7-10-DMA.sdk/Zybo-Z7-10-DMA/Debug/Zybo-Z7-10-DMA.elf' is downloaded to processor 'ps7_cortexa9_0'.
16:05:39 INFO  : 'configparams force-mem-access 0' command is executed.
16:05:39 INFO  : ----------------XSDB Script----------------
connect -url tcp:127.0.0.1:3121
source /home/cameron/PhaseArraySpeaker/Firmware/OTHER/Zybo-Z7-10-DMA-2018.2-1/system_wrapper_hw_platform_0/ps7_init.tcl
targets -set -nocase -filter {name =~"APU*" && jtag_cable_name =~ "Digilent Zybo Z7 210351B0FC48A"} -index 0
loadhw -hw /home/cameron/PhaseArraySpeaker/Firmware/OTHER/Zybo-Z7-10-DMA-2018.2-1/system_wrapper_hw_platform_0/system.hdf -mem-ranges [list {0x40000000 0xbfffffff}]
configparams force-mem-access 1
targets -set -nocase -filter {name =~"APU*" && jtag_cable_name =~ "Digilent Zybo Z7 210351B0FC48A"} -index 0
stop
ps7_init
ps7_post_config
targets -set -nocase -filter {name =~ "ARM*#0" && jtag_cable_name =~ "Digilent Zybo Z7 210351B0FC48A"} -index 0
rst -processor
targets -set -nocase -filter {name =~ "ARM*#0" && jtag_cable_name =~ "Digilent Zybo Z7 210351B0FC48A"} -index 0
dow /home/cameron/PhaseArraySpeaker/Firmware/OTHER/Zybo-Z7-10-DMA-2018.2-1/vivado_proj/Zybo-Z7-10-DMA.sdk/Zybo-Z7-10-DMA/Debug/Zybo-Z7-10-DMA.elf
configparams force-mem-access 0
----------------End of Script----------------

16:05:39 INFO  : Memory regions updated for context APU
16:05:39 INFO  : Context for processor 'ps7_cortexa9_0' is selected.
16:05:39 INFO  : 'con' command is executed.
16:05:39 INFO  : ----------------XSDB Script (After Launch)----------------
targets -set -nocase -filter {name =~ "ARM*#0" && jtag_cable_name =~ "Digilent Zybo Z7 210351B0FC48A"} -index 0
con
----------------End of Script----------------

16:05:39 INFO  : Launch script is exported to file '/home/cameron/PhaseArraySpeaker/Firmware/OTHER/Zybo-Z7-10-DMA-2018.2-1/.sdk/launch_scripts/xilinx_c-c++_application_(system_debugger)/system_debugger_using_debug_zybo-z7-10-dma.elf_on_local.tcl'
16:05:52 INFO  : Disconnected from the channel tcfchan#3.
16:05:53 INFO  : 'targets -set -filter {jtag_cable_name =~ "Digilent Zybo Z7 210351B0FC48A" && level==0} -index 1' command is executed.
16:05:53 INFO  : 'fpga -state' command is executed.
16:05:53 INFO  : Connected to target on host '127.0.0.1' and port '3121'.
16:05:53 INFO  : Jtag cable 'Digilent Zybo Z7 210351B0FC48A' is selected.
16:05:53 INFO  : 'jtag frequency' command is executed.
16:05:53 INFO  : Sourcing of '/home/cameron/PhaseArraySpeaker/Firmware/OTHER/Zybo-Z7-10-DMA-2018.2-1/system_wrapper_hw_platform_0/ps7_init.tcl' is done.
16:05:54 INFO  : Context for 'APU' is selected.
16:05:55 INFO  : Hardware design information is loaded from '/home/cameron/PhaseArraySpeaker/Firmware/OTHER/Zybo-Z7-10-DMA-2018.2-1/system_wrapper_hw_platform_0/system.hdf'.
16:05:55 INFO  : 'configparams force-mem-access 1' command is executed.
16:05:55 INFO  : Context for 'APU' is selected.
16:05:55 INFO  : 'stop' command is executed.
16:05:55 INFO  : 'ps7_init' command is executed.
16:05:55 INFO  : 'ps7_post_config' command is executed.
16:05:55 INFO  : Context for processor 'ps7_cortexa9_0' is selected.
16:05:55 INFO  : Processor reset is completed for 'ps7_cortexa9_0'.
16:05:55 INFO  : Context for processor 'ps7_cortexa9_0' is selected.
16:05:55 INFO  : The application '/home/cameron/PhaseArraySpeaker/Firmware/OTHER/Zybo-Z7-10-DMA-2018.2-1/vivado_proj/Zybo-Z7-10-DMA.sdk/Zybo-Z7-10-DMA/Debug/Zybo-Z7-10-DMA.elf' is downloaded to processor 'ps7_cortexa9_0'.
16:05:55 INFO  : 'configparams force-mem-access 0' command is executed.
16:05:55 INFO  : ----------------XSDB Script----------------
connect -url tcp:127.0.0.1:3121
source /home/cameron/PhaseArraySpeaker/Firmware/OTHER/Zybo-Z7-10-DMA-2018.2-1/system_wrapper_hw_platform_0/ps7_init.tcl
targets -set -nocase -filter {name =~"APU*" && jtag_cable_name =~ "Digilent Zybo Z7 210351B0FC48A"} -index 0
loadhw -hw /home/cameron/PhaseArraySpeaker/Firmware/OTHER/Zybo-Z7-10-DMA-2018.2-1/system_wrapper_hw_platform_0/system.hdf -mem-ranges [list {0x40000000 0xbfffffff}]
configparams force-mem-access 1
targets -set -nocase -filter {name =~"APU*" && jtag_cable_name =~ "Digilent Zybo Z7 210351B0FC48A"} -index 0
stop
ps7_init
ps7_post_config
targets -set -nocase -filter {name =~ "ARM*#0" && jtag_cable_name =~ "Digilent Zybo Z7 210351B0FC48A"} -index 0
rst -processor
targets -set -nocase -filter {name =~ "ARM*#0" && jtag_cable_name =~ "Digilent Zybo Z7 210351B0FC48A"} -index 0
dow /home/cameron/PhaseArraySpeaker/Firmware/OTHER/Zybo-Z7-10-DMA-2018.2-1/vivado_proj/Zybo-Z7-10-DMA.sdk/Zybo-Z7-10-DMA/Debug/Zybo-Z7-10-DMA.elf
configparams force-mem-access 0
----------------End of Script----------------

16:05:55 INFO  : Memory regions updated for context APU
16:05:55 INFO  : Context for processor 'ps7_cortexa9_0' is selected.
16:05:55 INFO  : 'con' command is executed.
16:05:55 INFO  : ----------------XSDB Script (After Launch)----------------
targets -set -nocase -filter {name =~ "ARM*#0" && jtag_cable_name =~ "Digilent Zybo Z7 210351B0FC48A"} -index 0
con
----------------End of Script----------------

16:05:55 INFO  : Launch script is exported to file '/home/cameron/PhaseArraySpeaker/Firmware/OTHER/Zybo-Z7-10-DMA-2018.2-1/.sdk/launch_scripts/xilinx_c-c++_application_(system_debugger)/system_debugger_using_debug_zybo-z7-10-dma.elf_on_local.tcl'
16:07:17 INFO  : Disconnected from the channel tcfchan#4.
16:07:18 INFO  : 'targets -set -filter {jtag_cable_name =~ "Digilent Zybo Z7 210351B0FC48A" && level==0} -index 1' command is executed.
16:07:18 INFO  : 'fpga -state' command is executed.
16:07:18 INFO  : Connected to target on host '127.0.0.1' and port '3121'.
16:07:18 INFO  : Jtag cable 'Digilent Zybo Z7 210351B0FC48A' is selected.
16:07:18 INFO  : 'jtag frequency' command is executed.
16:07:18 INFO  : Sourcing of '/home/cameron/PhaseArraySpeaker/Firmware/OTHER/Zybo-Z7-10-DMA-2018.2-1/system_wrapper_hw_platform_0/ps7_init.tcl' is done.
16:07:18 INFO  : Context for 'APU' is selected.
16:07:19 INFO  : Hardware design information is loaded from '/home/cameron/PhaseArraySpeaker/Firmware/OTHER/Zybo-Z7-10-DMA-2018.2-1/system_wrapper_hw_platform_0/system.hdf'.
16:07:19 INFO  : 'configparams force-mem-access 1' command is executed.
16:07:19 INFO  : Context for 'APU' is selected.
16:07:19 INFO  : 'stop' command is executed.
16:07:19 INFO  : 'ps7_init' command is executed.
16:07:19 INFO  : 'ps7_post_config' command is executed.
16:07:19 INFO  : Context for processor 'ps7_cortexa9_0' is selected.
16:07:19 INFO  : Processor reset is completed for 'ps7_cortexa9_0'.
16:07:19 INFO  : Context for processor 'ps7_cortexa9_0' is selected.
16:07:19 INFO  : The application '/home/cameron/PhaseArraySpeaker/Firmware/OTHER/Zybo-Z7-10-DMA-2018.2-1/vivado_proj/Zybo-Z7-10-DMA.sdk/Zybo-Z7-10-DMA/Debug/Zybo-Z7-10-DMA.elf' is downloaded to processor 'ps7_cortexa9_0'.
16:07:19 INFO  : 'configparams force-mem-access 0' command is executed.
16:07:19 INFO  : ----------------XSDB Script----------------
connect -url tcp:127.0.0.1:3121
source /home/cameron/PhaseArraySpeaker/Firmware/OTHER/Zybo-Z7-10-DMA-2018.2-1/system_wrapper_hw_platform_0/ps7_init.tcl
targets -set -nocase -filter {name =~"APU*" && jtag_cable_name =~ "Digilent Zybo Z7 210351B0FC48A"} -index 0
loadhw -hw /home/cameron/PhaseArraySpeaker/Firmware/OTHER/Zybo-Z7-10-DMA-2018.2-1/system_wrapper_hw_platform_0/system.hdf -mem-ranges [list {0x40000000 0xbfffffff}]
configparams force-mem-access 1
targets -set -nocase -filter {name =~"APU*" && jtag_cable_name =~ "Digilent Zybo Z7 210351B0FC48A"} -index 0
stop
ps7_init
ps7_post_config
targets -set -nocase -filter {name =~ "ARM*#0" && jtag_cable_name =~ "Digilent Zybo Z7 210351B0FC48A"} -index 0
rst -processor
targets -set -nocase -filter {name =~ "ARM*#0" && jtag_cable_name =~ "Digilent Zybo Z7 210351B0FC48A"} -index 0
dow /home/cameron/PhaseArraySpeaker/Firmware/OTHER/Zybo-Z7-10-DMA-2018.2-1/vivado_proj/Zybo-Z7-10-DMA.sdk/Zybo-Z7-10-DMA/Debug/Zybo-Z7-10-DMA.elf
configparams force-mem-access 0
----------------End of Script----------------

16:07:19 INFO  : Memory regions updated for context APU
16:07:20 INFO  : Context for processor 'ps7_cortexa9_0' is selected.
16:07:20 INFO  : 'con' command is executed.
16:07:20 INFO  : ----------------XSDB Script (After Launch)----------------
targets -set -nocase -filter {name =~ "ARM*#0" && jtag_cable_name =~ "Digilent Zybo Z7 210351B0FC48A"} -index 0
con
----------------End of Script----------------

16:07:20 INFO  : Launch script is exported to file '/home/cameron/PhaseArraySpeaker/Firmware/OTHER/Zybo-Z7-10-DMA-2018.2-1/.sdk/launch_scripts/xilinx_c-c++_application_(system_debugger)/system_debugger_using_debug_zybo-z7-10-dma.elf_on_local.tcl'
16:07:20 INFO  : Disconnected from the channel tcfchan#5.
16:07:21 INFO  : 'targets -set -filter {jtag_cable_name =~ "Digilent Zybo Z7 210351B0FC48A" && level==0} -index 1' command is executed.
16:07:21 INFO  : 'fpga -state' command is executed.
16:07:21 INFO  : Connected to target on host '127.0.0.1' and port '3121'.
16:07:21 INFO  : Jtag cable 'Digilent Zybo Z7 210351B0FC48A' is selected.
16:07:21 INFO  : 'jtag frequency' command is executed.
16:07:21 INFO  : Sourcing of '/home/cameron/PhaseArraySpeaker/Firmware/OTHER/Zybo-Z7-10-DMA-2018.2-1/system_wrapper_hw_platform_0/ps7_init.tcl' is done.
16:07:21 INFO  : Context for 'APU' is selected.
16:07:22 INFO  : Hardware design information is loaded from '/home/cameron/PhaseArraySpeaker/Firmware/OTHER/Zybo-Z7-10-DMA-2018.2-1/system_wrapper_hw_platform_0/system.hdf'.
16:07:22 INFO  : 'configparams force-mem-access 1' command is executed.
16:07:22 INFO  : Context for 'APU' is selected.
16:07:22 INFO  : 'stop' command is executed.
16:07:22 INFO  : 'ps7_init' command is executed.
16:07:22 INFO  : 'ps7_post_config' command is executed.
16:07:22 INFO  : Context for processor 'ps7_cortexa9_0' is selected.
16:07:22 INFO  : Processor reset is completed for 'ps7_cortexa9_0'.
16:07:22 INFO  : Context for processor 'ps7_cortexa9_0' is selected.
16:07:22 INFO  : The application '/home/cameron/PhaseArraySpeaker/Firmware/OTHER/Zybo-Z7-10-DMA-2018.2-1/vivado_proj/Zybo-Z7-10-DMA.sdk/Zybo-Z7-10-DMA/Debug/Zybo-Z7-10-DMA.elf' is downloaded to processor 'ps7_cortexa9_0'.
16:07:22 INFO  : 'configparams force-mem-access 0' command is executed.
16:07:22 INFO  : ----------------XSDB Script----------------
connect -url tcp:127.0.0.1:3121
source /home/cameron/PhaseArraySpeaker/Firmware/OTHER/Zybo-Z7-10-DMA-2018.2-1/system_wrapper_hw_platform_0/ps7_init.tcl
targets -set -nocase -filter {name =~"APU*" && jtag_cable_name =~ "Digilent Zybo Z7 210351B0FC48A"} -index 0
loadhw -hw /home/cameron/PhaseArraySpeaker/Firmware/OTHER/Zybo-Z7-10-DMA-2018.2-1/system_wrapper_hw_platform_0/system.hdf -mem-ranges [list {0x40000000 0xbfffffff}]
configparams force-mem-access 1
targets -set -nocase -filter {name =~"APU*" && jtag_cable_name =~ "Digilent Zybo Z7 210351B0FC48A"} -index 0
stop
ps7_init
ps7_post_config
targets -set -nocase -filter {name =~ "ARM*#0" && jtag_cable_name =~ "Digilent Zybo Z7 210351B0FC48A"} -index 0
rst -processor
targets -set -nocase -filter {name =~ "ARM*#0" && jtag_cable_name =~ "Digilent Zybo Z7 210351B0FC48A"} -index 0
dow /home/cameron/PhaseArraySpeaker/Firmware/OTHER/Zybo-Z7-10-DMA-2018.2-1/vivado_proj/Zybo-Z7-10-DMA.sdk/Zybo-Z7-10-DMA/Debug/Zybo-Z7-10-DMA.elf
configparams force-mem-access 0
----------------End of Script----------------

16:07:22 INFO  : Memory regions updated for context APU
16:07:23 INFO  : Context for processor 'ps7_cortexa9_0' is selected.
16:07:23 INFO  : 'con' command is executed.
16:07:23 INFO  : ----------------XSDB Script (After Launch)----------------
targets -set -nocase -filter {name =~ "ARM*#0" && jtag_cable_name =~ "Digilent Zybo Z7 210351B0FC48A"} -index 0
con
----------------End of Script----------------

16:07:23 INFO  : Launch script is exported to file '/home/cameron/PhaseArraySpeaker/Firmware/OTHER/Zybo-Z7-10-DMA-2018.2-1/.sdk/launch_scripts/xilinx_c-c++_application_(system_debugger)/system_debugger_using_debug_zybo-z7-10-dma.elf_on_local.tcl'
16:08:09 INFO  : Disconnected from the channel tcfchan#6.
16:08:10 INFO  : 'targets -set -filter {jtag_cable_name =~ "Digilent Zybo Z7 210351B0FC48A" && level==0} -index 1' command is executed.
16:08:10 INFO  : 'fpga -state' command is executed.
16:08:10 INFO  : Connected to target on host '127.0.0.1' and port '3121'.
16:08:10 INFO  : Jtag cable 'Digilent Zybo Z7 210351B0FC48A' is selected.
16:08:10 INFO  : 'jtag frequency' command is executed.
16:08:10 INFO  : Sourcing of '/home/cameron/PhaseArraySpeaker/Firmware/OTHER/Zybo-Z7-10-DMA-2018.2-1/system_wrapper_hw_platform_0/ps7_init.tcl' is done.
16:08:10 INFO  : Context for 'APU' is selected.
16:08:11 INFO  : Hardware design information is loaded from '/home/cameron/PhaseArraySpeaker/Firmware/OTHER/Zybo-Z7-10-DMA-2018.2-1/system_wrapper_hw_platform_0/system.hdf'.
16:08:11 INFO  : 'configparams force-mem-access 1' command is executed.
16:08:11 INFO  : Context for 'APU' is selected.
16:08:11 INFO  : 'stop' command is executed.
16:08:11 INFO  : 'ps7_init' command is executed.
16:08:11 INFO  : 'ps7_post_config' command is executed.
16:08:11 INFO  : Context for processor 'ps7_cortexa9_0' is selected.
16:08:12 INFO  : Processor reset is completed for 'ps7_cortexa9_0'.
16:08:12 INFO  : Context for processor 'ps7_cortexa9_0' is selected.
16:08:12 INFO  : The application '/home/cameron/PhaseArraySpeaker/Firmware/OTHER/Zybo-Z7-10-DMA-2018.2-1/vivado_proj/Zybo-Z7-10-DMA.sdk/Zybo-Z7-10-DMA/Debug/Zybo-Z7-10-DMA.elf' is downloaded to processor 'ps7_cortexa9_0'.
16:08:12 INFO  : 'configparams force-mem-access 0' command is executed.
16:08:12 INFO  : ----------------XSDB Script----------------
connect -url tcp:127.0.0.1:3121
source /home/cameron/PhaseArraySpeaker/Firmware/OTHER/Zybo-Z7-10-DMA-2018.2-1/system_wrapper_hw_platform_0/ps7_init.tcl
targets -set -nocase -filter {name =~"APU*" && jtag_cable_name =~ "Digilent Zybo Z7 210351B0FC48A"} -index 0
loadhw -hw /home/cameron/PhaseArraySpeaker/Firmware/OTHER/Zybo-Z7-10-DMA-2018.2-1/system_wrapper_hw_platform_0/system.hdf -mem-ranges [list {0x40000000 0xbfffffff}]
configparams force-mem-access 1
targets -set -nocase -filter {name =~"APU*" && jtag_cable_name =~ "Digilent Zybo Z7 210351B0FC48A"} -index 0
stop
ps7_init
ps7_post_config
targets -set -nocase -filter {name =~ "ARM*#0" && jtag_cable_name =~ "Digilent Zybo Z7 210351B0FC48A"} -index 0
rst -processor
targets -set -nocase -filter {name =~ "ARM*#0" && jtag_cable_name =~ "Digilent Zybo Z7 210351B0FC48A"} -index 0
dow /home/cameron/PhaseArraySpeaker/Firmware/OTHER/Zybo-Z7-10-DMA-2018.2-1/vivado_proj/Zybo-Z7-10-DMA.sdk/Zybo-Z7-10-DMA/Debug/Zybo-Z7-10-DMA.elf
configparams force-mem-access 0
----------------End of Script----------------

16:08:12 INFO  : Memory regions updated for context APU
16:08:12 INFO  : Context for processor 'ps7_cortexa9_0' is selected.
16:08:12 INFO  : 'con' command is executed.
16:08:12 INFO  : ----------------XSDB Script (After Launch)----------------
targets -set -nocase -filter {name =~ "ARM*#0" && jtag_cable_name =~ "Digilent Zybo Z7 210351B0FC48A"} -index 0
con
----------------End of Script----------------

16:08:12 INFO  : Launch script is exported to file '/home/cameron/PhaseArraySpeaker/Firmware/OTHER/Zybo-Z7-10-DMA-2018.2-1/.sdk/launch_scripts/xilinx_c-c++_application_(system_debugger)/system_debugger_using_debug_zybo-z7-10-dma.elf_on_local.tcl'
16:08:46 INFO  : SDK has detected change in the last modified timestamps for source hardware specification file Source:1638741821000,  Project:1638679131000
16:08:46 INFO  : Project system_wrapper_hw_platform_0's source hardware specification located at /home/cameron/PhaseArraySpeaker/Firmware/OTHER/Zybo-Z7-10-DMA-2018.2-1/vivado_proj/Zybo-Z7-10-DMA.sdk/system_wrapper.hdf is now different from the local copy.
		 The local copy will be replaced with the source specification and your workspace will be updated.
16:08:49 INFO  : Copied contents of /home/cameron/PhaseArraySpeaker/Firmware/OTHER/Zybo-Z7-10-DMA-2018.2-1/vivado_proj/Zybo-Z7-10-DMA.sdk/system_wrapper.hdf into /system_wrapper_hw_platform_0/system.hdf.
16:08:51 INFO  : Synchronizing projects in the workspace with the hardware platform specification changes.
16:08:52 INFO  : 
16:08:53 INFO  : Updating hardware inferred compiler options for Zybo-Z7-10-DMA.
16:08:53 INFO  : Clearing existing target manager status.
16:08:53 INFO  : Workspace synchronized with the new hardware specification file. Cleaning dependent projects...
16:08:54 WARN  : Linker script will not be updated automatically. Users need to update it manually.
16:09:05 INFO  : Disconnected from the channel tcfchan#7.
16:09:07 INFO  : 'targets -set -filter {jtag_cable_name =~ "Digilent Zybo Z7 210351B0FC48A" && level==0} -index 1' command is executed.
16:09:07 INFO  : 'fpga -state' command is executed.
16:09:07 INFO  : Connected to target on host '127.0.0.1' and port '3121'.
16:09:07 INFO  : Jtag cable 'Digilent Zybo Z7 210351B0FC48A' is selected.
16:09:07 INFO  : 'jtag frequency' command is executed.
16:09:07 INFO  : Sourcing of '/home/cameron/PhaseArraySpeaker/Firmware/OTHER/Zybo-Z7-10-DMA-2018.2-1/system_wrapper_hw_platform_0/ps7_init.tcl' is done.
16:09:07 INFO  : Context for 'APU' is selected.
16:09:07 INFO  : Hardware design information is loaded from '/home/cameron/PhaseArraySpeaker/Firmware/OTHER/Zybo-Z7-10-DMA-2018.2-1/system_wrapper_hw_platform_0/system.hdf'.
16:09:07 INFO  : 'configparams force-mem-access 1' command is executed.
16:09:07 INFO  : Context for 'APU' is selected.
16:09:07 INFO  : 'stop' command is executed.
16:09:07 INFO  : 'ps7_init' command is executed.
16:09:07 INFO  : 'ps7_post_config' command is executed.
16:09:07 INFO  : Context for processor 'ps7_cortexa9_0' is selected.
16:09:07 INFO  : Processor reset is completed for 'ps7_cortexa9_0'.
16:09:07 INFO  : Context for processor 'ps7_cortexa9_0' is selected.
16:09:07 INFO  : The application '/home/cameron/PhaseArraySpeaker/Firmware/OTHER/Zybo-Z7-10-DMA-2018.2-1/vivado_proj/Zybo-Z7-10-DMA.sdk/Zybo-Z7-10-DMA/Debug/Zybo-Z7-10-DMA.elf' is downloaded to processor 'ps7_cortexa9_0'.
16:09:07 INFO  : 'configparams force-mem-access 0' command is executed.
16:09:07 INFO  : ----------------XSDB Script----------------
connect -url tcp:127.0.0.1:3121
source /home/cameron/PhaseArraySpeaker/Firmware/OTHER/Zybo-Z7-10-DMA-2018.2-1/system_wrapper_hw_platform_0/ps7_init.tcl
targets -set -nocase -filter {name =~"APU*" && jtag_cable_name =~ "Digilent Zybo Z7 210351B0FC48A"} -index 0
loadhw -hw /home/cameron/PhaseArraySpeaker/Firmware/OTHER/Zybo-Z7-10-DMA-2018.2-1/system_wrapper_hw_platform_0/system.hdf -mem-ranges [list {0x40000000 0xbfffffff}]
configparams force-mem-access 1
targets -set -nocase -filter {name =~"APU*" && jtag_cable_name =~ "Digilent Zybo Z7 210351B0FC48A"} -index 0
stop
ps7_init
ps7_post_config
targets -set -nocase -filter {name =~ "ARM*#0" && jtag_cable_name =~ "Digilent Zybo Z7 210351B0FC48A"} -index 0
rst -processor
targets -set -nocase -filter {name =~ "ARM*#0" && jtag_cable_name =~ "Digilent Zybo Z7 210351B0FC48A"} -index 0
dow /home/cameron/PhaseArraySpeaker/Firmware/OTHER/Zybo-Z7-10-DMA-2018.2-1/vivado_proj/Zybo-Z7-10-DMA.sdk/Zybo-Z7-10-DMA/Debug/Zybo-Z7-10-DMA.elf
configparams force-mem-access 0
----------------End of Script----------------

16:09:07 INFO  : Memory regions updated for context APU
16:09:07 INFO  : Context for processor 'ps7_cortexa9_0' is selected.
16:09:07 INFO  : 'con' command is executed.
16:09:07 INFO  : ----------------XSDB Script (After Launch)----------------
targets -set -nocase -filter {name =~ "ARM*#0" && jtag_cable_name =~ "Digilent Zybo Z7 210351B0FC48A"} -index 0
con
----------------End of Script----------------

16:09:07 INFO  : Launch script is exported to file '/home/cameron/PhaseArraySpeaker/Firmware/OTHER/Zybo-Z7-10-DMA-2018.2-1/.sdk/launch_scripts/xilinx_c-c++_application_(system_debugger)/system_debugger_using_debug_zybo-z7-10-dma.elf_on_local.tcl'
16:11:43 INFO  : Disconnected from the channel tcfchan#8.
16:11:44 INFO  : 'targets -set -filter {jtag_cable_name =~ "Digilent Zybo Z7 210351B0FC48A" && level==0} -index 1' command is executed.
16:11:44 INFO  : 'fpga -state' command is executed.
16:11:44 INFO  : Connected to target on host '127.0.0.1' and port '3121'.
16:11:45 INFO  : Jtag cable 'Digilent Zybo Z7 210351B0FC48A' is selected.
16:11:45 INFO  : 'jtag frequency' command is executed.
16:11:45 INFO  : Sourcing of '/home/cameron/PhaseArraySpeaker/Firmware/OTHER/Zybo-Z7-10-DMA-2018.2-1/system_wrapper_hw_platform_0/ps7_init.tcl' is done.
16:11:45 INFO  : Context for 'APU' is selected.
16:11:46 INFO  : Hardware design information is loaded from '/home/cameron/PhaseArraySpeaker/Firmware/OTHER/Zybo-Z7-10-DMA-2018.2-1/system_wrapper_hw_platform_0/system.hdf'.
16:11:46 INFO  : 'configparams force-mem-access 1' command is executed.
16:11:46 INFO  : Context for 'APU' is selected.
16:11:46 INFO  : 'stop' command is executed.
16:11:46 INFO  : 'ps7_init' command is executed.
16:11:46 INFO  : 'ps7_post_config' command is executed.
16:11:46 INFO  : Context for processor 'ps7_cortexa9_0' is selected.
16:11:46 INFO  : Processor reset is completed for 'ps7_cortexa9_0'.
16:11:46 INFO  : Context for processor 'ps7_cortexa9_0' is selected.
16:11:46 INFO  : The application '/home/cameron/PhaseArraySpeaker/Firmware/OTHER/Zybo-Z7-10-DMA-2018.2-1/vivado_proj/Zybo-Z7-10-DMA.sdk/Zybo-Z7-10-DMA/Debug/Zybo-Z7-10-DMA.elf' is downloaded to processor 'ps7_cortexa9_0'.
16:11:46 INFO  : 'configparams force-mem-access 0' command is executed.
16:11:46 INFO  : ----------------XSDB Script----------------
connect -url tcp:127.0.0.1:3121
source /home/cameron/PhaseArraySpeaker/Firmware/OTHER/Zybo-Z7-10-DMA-2018.2-1/system_wrapper_hw_platform_0/ps7_init.tcl
targets -set -nocase -filter {name =~"APU*" && jtag_cable_name =~ "Digilent Zybo Z7 210351B0FC48A"} -index 0
loadhw -hw /home/cameron/PhaseArraySpeaker/Firmware/OTHER/Zybo-Z7-10-DMA-2018.2-1/system_wrapper_hw_platform_0/system.hdf -mem-ranges [list {0x40000000 0xbfffffff}]
configparams force-mem-access 1
targets -set -nocase -filter {name =~"APU*" && jtag_cable_name =~ "Digilent Zybo Z7 210351B0FC48A"} -index 0
stop
ps7_init
ps7_post_config
targets -set -nocase -filter {name =~ "ARM*#0" && jtag_cable_name =~ "Digilent Zybo Z7 210351B0FC48A"} -index 0
rst -processor
targets -set -nocase -filter {name =~ "ARM*#0" && jtag_cable_name =~ "Digilent Zybo Z7 210351B0FC48A"} -index 0
dow /home/cameron/PhaseArraySpeaker/Firmware/OTHER/Zybo-Z7-10-DMA-2018.2-1/vivado_proj/Zybo-Z7-10-DMA.sdk/Zybo-Z7-10-DMA/Debug/Zybo-Z7-10-DMA.elf
configparams force-mem-access 0
----------------End of Script----------------

16:11:46 INFO  : Memory regions updated for context APU
16:11:46 INFO  : Context for processor 'ps7_cortexa9_0' is selected.
16:11:46 INFO  : 'con' command is executed.
16:11:46 INFO  : ----------------XSDB Script (After Launch)----------------
targets -set -nocase -filter {name =~ "ARM*#0" && jtag_cable_name =~ "Digilent Zybo Z7 210351B0FC48A"} -index 0
con
----------------End of Script----------------

16:11:46 INFO  : Launch script is exported to file '/home/cameron/PhaseArraySpeaker/Firmware/OTHER/Zybo-Z7-10-DMA-2018.2-1/.sdk/launch_scripts/xilinx_c-c++_application_(system_debugger)/system_debugger_using_debug_zybo-z7-10-dma.elf_on_local.tcl'
16:25:47 INFO  : Disconnected from the channel tcfchan#9.
16:25:48 INFO  : 'targets -set -filter {jtag_cable_name =~ "Digilent Zybo Z7 210351B0FD86A" && level==0} -index 1' command is executed.
16:25:48 INFO  : 'fpga -state' command is executed.
16:25:48 INFO  : Connected to target on host '127.0.0.1' and port '3121'.
16:25:48 INFO  : Jtag cable 'Digilent Zybo Z7 210351B0FD86A' is selected.
16:25:48 INFO  : 'jtag frequency' command is executed.
16:25:48 INFO  : Sourcing of '/home/cameron/PhaseArraySpeaker/Firmware/OTHER/Zybo-Z7-10-DMA-2018.2-1/system_wrapper_hw_platform_0/ps7_init.tcl' is done.
16:25:48 INFO  : Context for 'APU' is selected.
16:25:48 INFO  : Hardware design information is loaded from '/home/cameron/PhaseArraySpeaker/Firmware/OTHER/Zybo-Z7-10-DMA-2018.2-1/system_wrapper_hw_platform_0/system.hdf'.
16:25:48 INFO  : 'configparams force-mem-access 1' command is executed.
16:25:48 INFO  : Context for 'APU' is selected.
16:25:48 INFO  : 'stop' command is executed.
16:25:49 INFO  : 'ps7_init' command is executed.
16:25:49 INFO  : 'ps7_post_config' command is executed.
16:25:49 INFO  : Context for processor 'ps7_cortexa9_0' is selected.
16:25:49 INFO  : Processor reset is completed for 'ps7_cortexa9_0'.
16:25:49 INFO  : Context for processor 'ps7_cortexa9_0' is selected.
16:25:49 INFO  : The application '/home/cameron/PhaseArraySpeaker/Firmware/OTHER/Zybo-Z7-10-DMA-2018.2-1/vivado_proj/Zybo-Z7-10-DMA.sdk/Zybo-Z7-10-DMA/Debug/Zybo-Z7-10-DMA.elf' is downloaded to processor 'ps7_cortexa9_0'.
16:25:49 INFO  : 'configparams force-mem-access 0' command is executed.
16:25:49 INFO  : ----------------XSDB Script----------------
connect -url tcp:127.0.0.1:3121
source /home/cameron/PhaseArraySpeaker/Firmware/OTHER/Zybo-Z7-10-DMA-2018.2-1/system_wrapper_hw_platform_0/ps7_init.tcl
targets -set -nocase -filter {name =~"APU*" && jtag_cable_name =~ "Digilent Zybo Z7 210351B0FD86A"} -index 0
loadhw -hw /home/cameron/PhaseArraySpeaker/Firmware/OTHER/Zybo-Z7-10-DMA-2018.2-1/system_wrapper_hw_platform_0/system.hdf -mem-ranges [list {0x40000000 0xbfffffff}]
configparams force-mem-access 1
targets -set -nocase -filter {name =~"APU*" && jtag_cable_name =~ "Digilent Zybo Z7 210351B0FD86A"} -index 0
stop
ps7_init
ps7_post_config
targets -set -nocase -filter {name =~ "ARM*#0" && jtag_cable_name =~ "Digilent Zybo Z7 210351B0FD86A"} -index 0
rst -processor
targets -set -nocase -filter {name =~ "ARM*#0" && jtag_cable_name =~ "Digilent Zybo Z7 210351B0FD86A"} -index 0
dow /home/cameron/PhaseArraySpeaker/Firmware/OTHER/Zybo-Z7-10-DMA-2018.2-1/vivado_proj/Zybo-Z7-10-DMA.sdk/Zybo-Z7-10-DMA/Debug/Zybo-Z7-10-DMA.elf
configparams force-mem-access 0
----------------End of Script----------------

16:25:49 INFO  : Memory regions updated for context APU
16:25:49 INFO  : Context for processor 'ps7_cortexa9_0' is selected.
16:25:49 INFO  : 'con' command is executed.
16:25:49 INFO  : ----------------XSDB Script (After Launch)----------------
targets -set -nocase -filter {name =~ "ARM*#0" && jtag_cable_name =~ "Digilent Zybo Z7 210351B0FD86A"} -index 0
con
----------------End of Script----------------

16:25:49 INFO  : Launch script is exported to file '/home/cameron/PhaseArraySpeaker/Firmware/OTHER/Zybo-Z7-10-DMA-2018.2-1/.sdk/launch_scripts/xilinx_c-c++_application_(system_debugger)/system_debugger_using_debug_zybo-z7-10-dma.elf_on_local.tcl'
18:42:21 INFO  : Disconnected from the channel tcfchan#10.
18:42:22 INFO  : 'targets -set -filter {jtag_cable_name =~ "Digilent Zybo Z7 210351B0FC48A" && level==0} -index 1' command is executed.
18:42:22 INFO  : 'fpga -state' command is executed.
18:42:22 INFO  : Connected to target on host '127.0.0.1' and port '3121'.
18:42:22 INFO  : Jtag cable 'Digilent Zybo Z7 210351B0FC48A' is selected.
18:42:22 INFO  : 'jtag frequency' command is executed.
18:42:22 INFO  : Sourcing of '/home/cameron/PhaseArraySpeaker/Firmware/OTHER/Zybo-Z7-10-DMA-2018.2-1/system_wrapper_hw_platform_0/ps7_init.tcl' is done.
18:42:22 INFO  : Context for 'APU' is selected.
18:42:22 INFO  : Hardware design information is loaded from '/home/cameron/PhaseArraySpeaker/Firmware/OTHER/Zybo-Z7-10-DMA-2018.2-1/system_wrapper_hw_platform_0/system.hdf'.
18:42:22 INFO  : 'configparams force-mem-access 1' command is executed.
18:42:22 INFO  : Context for 'APU' is selected.
18:42:22 INFO  : 'stop' command is executed.
18:42:22 INFO  : 'ps7_init' command is executed.
18:42:22 INFO  : 'ps7_post_config' command is executed.
18:42:22 INFO  : Context for processor 'ps7_cortexa9_0' is selected.
18:42:22 INFO  : Processor reset is completed for 'ps7_cortexa9_0'.
18:42:22 INFO  : Context for processor 'ps7_cortexa9_0' is selected.
18:42:22 INFO  : The application '/home/cameron/PhaseArraySpeaker/Firmware/OTHER/Zybo-Z7-10-DMA-2018.2-1/vivado_proj/Zybo-Z7-10-DMA.sdk/Zybo-Z7-10-DMA/Debug/Zybo-Z7-10-DMA.elf' is downloaded to processor 'ps7_cortexa9_0'.
18:42:22 INFO  : 'configparams force-mem-access 0' command is executed.
18:42:22 INFO  : ----------------XSDB Script----------------
connect -url tcp:127.0.0.1:3121
source /home/cameron/PhaseArraySpeaker/Firmware/OTHER/Zybo-Z7-10-DMA-2018.2-1/system_wrapper_hw_platform_0/ps7_init.tcl
targets -set -nocase -filter {name =~"APU*" && jtag_cable_name =~ "Digilent Zybo Z7 210351B0FC48A"} -index 0
loadhw -hw /home/cameron/PhaseArraySpeaker/Firmware/OTHER/Zybo-Z7-10-DMA-2018.2-1/system_wrapper_hw_platform_0/system.hdf -mem-ranges [list {0x40000000 0xbfffffff}]
configparams force-mem-access 1
targets -set -nocase -filter {name =~"APU*" && jtag_cable_name =~ "Digilent Zybo Z7 210351B0FC48A"} -index 0
stop
ps7_init
ps7_post_config
targets -set -nocase -filter {name =~ "ARM*#0" && jtag_cable_name =~ "Digilent Zybo Z7 210351B0FC48A"} -index 0
rst -processor
targets -set -nocase -filter {name =~ "ARM*#0" && jtag_cable_name =~ "Digilent Zybo Z7 210351B0FC48A"} -index 0
dow /home/cameron/PhaseArraySpeaker/Firmware/OTHER/Zybo-Z7-10-DMA-2018.2-1/vivado_proj/Zybo-Z7-10-DMA.sdk/Zybo-Z7-10-DMA/Debug/Zybo-Z7-10-DMA.elf
configparams force-mem-access 0
----------------End of Script----------------

18:42:22 INFO  : Memory regions updated for context APU
18:42:22 INFO  : Context for processor 'ps7_cortexa9_0' is selected.
18:42:22 INFO  : 'con' command is executed.
18:42:22 INFO  : ----------------XSDB Script (After Launch)----------------
targets -set -nocase -filter {name =~ "ARM*#0" && jtag_cable_name =~ "Digilent Zybo Z7 210351B0FC48A"} -index 0
con
----------------End of Script----------------

18:42:22 INFO  : Launch script is exported to file '/home/cameron/PhaseArraySpeaker/Firmware/OTHER/Zybo-Z7-10-DMA-2018.2-1/.sdk/launch_scripts/xilinx_c-c++_application_(system_debugger)/system_debugger_using_debug_zybo-z7-10-dma.elf_on_local.tcl'
18:43:00 INFO  : Disconnected from the channel tcfchan#11.
18:43:02 INFO  : 'targets -set -filter {jtag_cable_name =~ "Digilent Zybo Z7 210351B0FC48A" && level==0} -index 1' command is executed.
18:43:02 INFO  : 'fpga -state' command is executed.
18:43:02 INFO  : Connected to target on host '127.0.0.1' and port '3121'.
18:43:02 INFO  : Jtag cable 'Digilent Zybo Z7 210351B0FC48A' is selected.
18:43:02 INFO  : 'jtag frequency' command is executed.
18:43:02 INFO  : Sourcing of '/home/cameron/PhaseArraySpeaker/Firmware/OTHER/Zybo-Z7-10-DMA-2018.2-1/system_wrapper_hw_platform_0/ps7_init.tcl' is done.
18:43:02 INFO  : Context for 'APU' is selected.
18:43:02 INFO  : Hardware design information is loaded from '/home/cameron/PhaseArraySpeaker/Firmware/OTHER/Zybo-Z7-10-DMA-2018.2-1/system_wrapper_hw_platform_0/system.hdf'.
18:43:02 INFO  : 'configparams force-mem-access 1' command is executed.
18:43:02 INFO  : Context for 'APU' is selected.
18:43:02 INFO  : 'stop' command is executed.
18:43:02 INFO  : 'ps7_init' command is executed.
18:43:02 INFO  : 'ps7_post_config' command is executed.
18:43:02 INFO  : Context for processor 'ps7_cortexa9_0' is selected.
18:43:02 INFO  : Processor reset is completed for 'ps7_cortexa9_0'.
18:43:02 INFO  : Context for processor 'ps7_cortexa9_0' is selected.
18:43:02 INFO  : The application '/home/cameron/PhaseArraySpeaker/Firmware/OTHER/Zybo-Z7-10-DMA-2018.2-1/vivado_proj/Zybo-Z7-10-DMA.sdk/Zybo-Z7-10-DMA/Debug/Zybo-Z7-10-DMA.elf' is downloaded to processor 'ps7_cortexa9_0'.
18:43:02 INFO  : 'configparams force-mem-access 0' command is executed.
18:43:02 INFO  : ----------------XSDB Script----------------
connect -url tcp:127.0.0.1:3121
source /home/cameron/PhaseArraySpeaker/Firmware/OTHER/Zybo-Z7-10-DMA-2018.2-1/system_wrapper_hw_platform_0/ps7_init.tcl
targets -set -nocase -filter {name =~"APU*" && jtag_cable_name =~ "Digilent Zybo Z7 210351B0FC48A"} -index 0
loadhw -hw /home/cameron/PhaseArraySpeaker/Firmware/OTHER/Zybo-Z7-10-DMA-2018.2-1/system_wrapper_hw_platform_0/system.hdf -mem-ranges [list {0x40000000 0xbfffffff}]
configparams force-mem-access 1
targets -set -nocase -filter {name =~"APU*" && jtag_cable_name =~ "Digilent Zybo Z7 210351B0FC48A"} -index 0
stop
ps7_init
ps7_post_config
targets -set -nocase -filter {name =~ "ARM*#0" && jtag_cable_name =~ "Digilent Zybo Z7 210351B0FC48A"} -index 0
rst -processor
targets -set -nocase -filter {name =~ "ARM*#0" && jtag_cable_name =~ "Digilent Zybo Z7 210351B0FC48A"} -index 0
dow /home/cameron/PhaseArraySpeaker/Firmware/OTHER/Zybo-Z7-10-DMA-2018.2-1/vivado_proj/Zybo-Z7-10-DMA.sdk/Zybo-Z7-10-DMA/Debug/Zybo-Z7-10-DMA.elf
configparams force-mem-access 0
----------------End of Script----------------

18:43:02 INFO  : Memory regions updated for context APU
18:43:03 INFO  : Context for processor 'ps7_cortexa9_0' is selected.
18:43:03 INFO  : 'con' command is executed.
18:43:03 INFO  : ----------------XSDB Script (After Launch)----------------
targets -set -nocase -filter {name =~ "ARM*#0" && jtag_cable_name =~ "Digilent Zybo Z7 210351B0FC48A"} -index 0
con
----------------End of Script----------------

18:43:03 INFO  : Launch script is exported to file '/home/cameron/PhaseArraySpeaker/Firmware/OTHER/Zybo-Z7-10-DMA-2018.2-1/.sdk/launch_scripts/xilinx_c-c++_application_(system_debugger)/system_debugger_using_debug_zybo-z7-10-dma.elf_on_local.tcl'
19:28:47 ERROR : (XSDB Server)Terminated

