
*** Running vivado
    with args -log Zynq_I2C_CODEC_axi_iic_0_0.vds -m64 -product Vivado -mode batch -messageDb vivado.pb -notrace -source Zynq_I2C_CODEC_axi_iic_0_0.tcl


****** Vivado v2017.2 (64-bit)
  **** SW Build 1909853 on Thu Jun 15 18:39:10 MDT 2017
  **** IP Build 1909766 on Thu Jun 15 19:58:00 MDT 2017
    ** Copyright 1986-2017 Xilinx, Inc. All Rights Reserved.

source Zynq_I2C_CODEC_axi_iic_0_0.tcl -notrace
Starting RTL Elaboration : Time (s): cpu = 00:00:03 ; elapsed = 00:00:03 . Memory (MB): peak = 1202.527 ; gain = 74.996 ; free physical = 18470 ; free virtual = 25367
INFO: [Synth 8-638] synthesizing module 'Zynq_I2C_CODEC_axi_iic_0_0' [/home/cameron/PhaseArraySpeaker/Firmware/2017.2/Phase_Array_DSP_AUX/Phase_Array_DSP_AUX.srcs/sources_1/bd/Zynq_I2C_CODEC/ip/Zynq_I2C_CODEC_axi_iic_0_0/synth/Zynq_I2C_CODEC_axi_iic_0_0.vhd:91]
INFO: [Synth 8-638] synthesizing module 'axi_iic' [/home/cameron/PhaseArraySpeaker/Firmware/2017.2/Phase_Array_DSP_AUX/Phase_Array_DSP_AUX.srcs/sources_1/bd/Zynq_I2C_CODEC/ipshared/6bf4/hdl/axi_iic_v2_0_vh_rfs.vhd:6870]
INFO: [Synth 8-638] synthesizing module 'iic' [/home/cameron/PhaseArraySpeaker/Firmware/2017.2/Phase_Array_DSP_AUX/Phase_Array_DSP_AUX.srcs/sources_1/bd/Zynq_I2C_CODEC/ipshared/6bf4/hdl/axi_iic_v2_0_vh_rfs.vhd:6187]
INFO: [Synth 8-638] synthesizing module 'axi_ipif_ssp1' [/home/cameron/PhaseArraySpeaker/Firmware/2017.2/Phase_Array_DSP_AUX/Phase_Array_DSP_AUX.srcs/sources_1/bd/Zynq_I2C_CODEC/ipshared/6bf4/hdl/axi_iic_v2_0_vh_rfs.vhd:5661]
INFO: [Synth 8-638] synthesizing module 'axi_lite_ipif' [/home/cameron/PhaseArraySpeaker/Firmware/2017.2/Phase_Array_DSP_AUX/Phase_Array_DSP_AUX.srcs/sources_1/bd/Zynq_I2C_CODEC/ipshared/0ba0/hdl/axi_lite_ipif_v3_0_vh_rfs.vhd:2948]
INFO: [Synth 8-638] synthesizing module 'slave_attachment' [/home/cameron/PhaseArraySpeaker/Firmware/2017.2/Phase_Array_DSP_AUX/Phase_Array_DSP_AUX.srcs/sources_1/bd/Zynq_I2C_CODEC/ipshared/0ba0/hdl/axi_lite_ipif_v3_0_vh_rfs.vhd:2341]
INFO: [Synth 8-638] synthesizing module 'address_decoder' [/home/cameron/PhaseArraySpeaker/Firmware/2017.2/Phase_Array_DSP_AUX/Phase_Array_DSP_AUX.srcs/sources_1/bd/Zynq_I2C_CODEC/ipshared/0ba0/hdl/axi_lite_ipif_v3_0_vh_rfs.vhd:1775]
INFO: [Synth 8-638] synthesizing module 'pselect_f' [/home/cameron/PhaseArraySpeaker/Firmware/2017.2/Phase_Array_DSP_AUX/Phase_Array_DSP_AUX.srcs/sources_1/bd/Zynq_I2C_CODEC/ipshared/0ba0/hdl/axi_lite_ipif_v3_0_vh_rfs.vhd:1534]
INFO: [Synth 8-256] done synthesizing module 'pselect_f' (1#1) [/home/cameron/PhaseArraySpeaker/Firmware/2017.2/Phase_Array_DSP_AUX/Phase_Array_DSP_AUX.srcs/sources_1/bd/Zynq_I2C_CODEC/ipshared/0ba0/hdl/axi_lite_ipif_v3_0_vh_rfs.vhd:1534]
INFO: [Synth 8-638] synthesizing module 'pselect_f__parameterized0' [/home/cameron/PhaseArraySpeaker/Firmware/2017.2/Phase_Array_DSP_AUX/Phase_Array_DSP_AUX.srcs/sources_1/bd/Zynq_I2C_CODEC/ipshared/0ba0/hdl/axi_lite_ipif_v3_0_vh_rfs.vhd:1534]
INFO: [Synth 8-256] done synthesizing module 'pselect_f__parameterized0' (1#1) [/home/cameron/PhaseArraySpeaker/Firmware/2017.2/Phase_Array_DSP_AUX/Phase_Array_DSP_AUX.srcs/sources_1/bd/Zynq_I2C_CODEC/ipshared/0ba0/hdl/axi_lite_ipif_v3_0_vh_rfs.vhd:1534]
INFO: [Synth 8-638] synthesizing module 'pselect_f__parameterized1' [/home/cameron/PhaseArraySpeaker/Firmware/2017.2/Phase_Array_DSP_AUX/Phase_Array_DSP_AUX.srcs/sources_1/bd/Zynq_I2C_CODEC/ipshared/0ba0/hdl/axi_lite_ipif_v3_0_vh_rfs.vhd:1534]
INFO: [Synth 8-256] done synthesizing module 'pselect_f__parameterized1' (1#1) [/home/cameron/PhaseArraySpeaker/Firmware/2017.2/Phase_Array_DSP_AUX/Phase_Array_DSP_AUX.srcs/sources_1/bd/Zynq_I2C_CODEC/ipshared/0ba0/hdl/axi_lite_ipif_v3_0_vh_rfs.vhd:1534]
INFO: [Synth 8-638] synthesizing module 'pselect_f__parameterized2' [/home/cameron/PhaseArraySpeaker/Firmware/2017.2/Phase_Array_DSP_AUX/Phase_Array_DSP_AUX.srcs/sources_1/bd/Zynq_I2C_CODEC/ipshared/0ba0/hdl/axi_lite_ipif_v3_0_vh_rfs.vhd:1534]
INFO: [Synth 8-256] done synthesizing module 'pselect_f__parameterized2' (1#1) [/home/cameron/PhaseArraySpeaker/Firmware/2017.2/Phase_Array_DSP_AUX/Phase_Array_DSP_AUX.srcs/sources_1/bd/Zynq_I2C_CODEC/ipshared/0ba0/hdl/axi_lite_ipif_v3_0_vh_rfs.vhd:1534]
INFO: [Synth 8-638] synthesizing module 'pselect_f__parameterized3' [/home/cameron/PhaseArraySpeaker/Firmware/2017.2/Phase_Array_DSP_AUX/Phase_Array_DSP_AUX.srcs/sources_1/bd/Zynq_I2C_CODEC/ipshared/0ba0/hdl/axi_lite_ipif_v3_0_vh_rfs.vhd:1534]
INFO: [Synth 8-256] done synthesizing module 'pselect_f__parameterized3' (1#1) [/home/cameron/PhaseArraySpeaker/Firmware/2017.2/Phase_Array_DSP_AUX/Phase_Array_DSP_AUX.srcs/sources_1/bd/Zynq_I2C_CODEC/ipshared/0ba0/hdl/axi_lite_ipif_v3_0_vh_rfs.vhd:1534]
INFO: [Synth 8-638] synthesizing module 'pselect_f__parameterized4' [/home/cameron/PhaseArraySpeaker/Firmware/2017.2/Phase_Array_DSP_AUX/Phase_Array_DSP_AUX.srcs/sources_1/bd/Zynq_I2C_CODEC/ipshared/0ba0/hdl/axi_lite_ipif_v3_0_vh_rfs.vhd:1534]
INFO: [Synth 8-256] done synthesizing module 'pselect_f__parameterized4' (1#1) [/home/cameron/PhaseArraySpeaker/Firmware/2017.2/Phase_Array_DSP_AUX/Phase_Array_DSP_AUX.srcs/sources_1/bd/Zynq_I2C_CODEC/ipshared/0ba0/hdl/axi_lite_ipif_v3_0_vh_rfs.vhd:1534]
INFO: [Synth 8-638] synthesizing module 'pselect_f__parameterized5' [/home/cameron/PhaseArraySpeaker/Firmware/2017.2/Phase_Array_DSP_AUX/Phase_Array_DSP_AUX.srcs/sources_1/bd/Zynq_I2C_CODEC/ipshared/0ba0/hdl/axi_lite_ipif_v3_0_vh_rfs.vhd:1534]
INFO: [Synth 8-256] done synthesizing module 'pselect_f__parameterized5' (1#1) [/home/cameron/PhaseArraySpeaker/Firmware/2017.2/Phase_Array_DSP_AUX/Phase_Array_DSP_AUX.srcs/sources_1/bd/Zynq_I2C_CODEC/ipshared/0ba0/hdl/axi_lite_ipif_v3_0_vh_rfs.vhd:1534]
INFO: [Synth 8-638] synthesizing module 'pselect_f__parameterized6' [/home/cameron/PhaseArraySpeaker/Firmware/2017.2/Phase_Array_DSP_AUX/Phase_Array_DSP_AUX.srcs/sources_1/bd/Zynq_I2C_CODEC/ipshared/0ba0/hdl/axi_lite_ipif_v3_0_vh_rfs.vhd:1534]
INFO: [Synth 8-256] done synthesizing module 'pselect_f__parameterized6' (1#1) [/home/cameron/PhaseArraySpeaker/Firmware/2017.2/Phase_Array_DSP_AUX/Phase_Array_DSP_AUX.srcs/sources_1/bd/Zynq_I2C_CODEC/ipshared/0ba0/hdl/axi_lite_ipif_v3_0_vh_rfs.vhd:1534]
INFO: [Synth 8-638] synthesizing module 'pselect_f__parameterized7' [/home/cameron/PhaseArraySpeaker/Firmware/2017.2/Phase_Array_DSP_AUX/Phase_Array_DSP_AUX.srcs/sources_1/bd/Zynq_I2C_CODEC/ipshared/0ba0/hdl/axi_lite_ipif_v3_0_vh_rfs.vhd:1534]
INFO: [Synth 8-256] done synthesizing module 'pselect_f__parameterized7' (1#1) [/home/cameron/PhaseArraySpeaker/Firmware/2017.2/Phase_Array_DSP_AUX/Phase_Array_DSP_AUX.srcs/sources_1/bd/Zynq_I2C_CODEC/ipshared/0ba0/hdl/axi_lite_ipif_v3_0_vh_rfs.vhd:1534]
INFO: [Synth 8-638] synthesizing module 'pselect_f__parameterized8' [/home/cameron/PhaseArraySpeaker/Firmware/2017.2/Phase_Array_DSP_AUX/Phase_Array_DSP_AUX.srcs/sources_1/bd/Zynq_I2C_CODEC/ipshared/0ba0/hdl/axi_lite_ipif_v3_0_vh_rfs.vhd:1534]
INFO: [Synth 8-256] done synthesizing module 'pselect_f__parameterized8' (1#1) [/home/cameron/PhaseArraySpeaker/Firmware/2017.2/Phase_Array_DSP_AUX/Phase_Array_DSP_AUX.srcs/sources_1/bd/Zynq_I2C_CODEC/ipshared/0ba0/hdl/axi_lite_ipif_v3_0_vh_rfs.vhd:1534]
INFO: [Synth 8-638] synthesizing module 'pselect_f__parameterized9' [/home/cameron/PhaseArraySpeaker/Firmware/2017.2/Phase_Array_DSP_AUX/Phase_Array_DSP_AUX.srcs/sources_1/bd/Zynq_I2C_CODEC/ipshared/0ba0/hdl/axi_lite_ipif_v3_0_vh_rfs.vhd:1534]
INFO: [Synth 8-256] done synthesizing module 'pselect_f__parameterized9' (1#1) [/home/cameron/PhaseArraySpeaker/Firmware/2017.2/Phase_Array_DSP_AUX/Phase_Array_DSP_AUX.srcs/sources_1/bd/Zynq_I2C_CODEC/ipshared/0ba0/hdl/axi_lite_ipif_v3_0_vh_rfs.vhd:1534]
INFO: [Synth 8-638] synthesizing module 'pselect_f__parameterized10' [/home/cameron/PhaseArraySpeaker/Firmware/2017.2/Phase_Array_DSP_AUX/Phase_Array_DSP_AUX.srcs/sources_1/bd/Zynq_I2C_CODEC/ipshared/0ba0/hdl/axi_lite_ipif_v3_0_vh_rfs.vhd:1534]
INFO: [Synth 8-256] done synthesizing module 'pselect_f__parameterized10' (1#1) [/home/cameron/PhaseArraySpeaker/Firmware/2017.2/Phase_Array_DSP_AUX/Phase_Array_DSP_AUX.srcs/sources_1/bd/Zynq_I2C_CODEC/ipshared/0ba0/hdl/axi_lite_ipif_v3_0_vh_rfs.vhd:1534]
INFO: [Synth 8-638] synthesizing module 'pselect_f__parameterized11' [/home/cameron/PhaseArraySpeaker/Firmware/2017.2/Phase_Array_DSP_AUX/Phase_Array_DSP_AUX.srcs/sources_1/bd/Zynq_I2C_CODEC/ipshared/0ba0/hdl/axi_lite_ipif_v3_0_vh_rfs.vhd:1534]
INFO: [Synth 8-256] done synthesizing module 'pselect_f__parameterized11' (1#1) [/home/cameron/PhaseArraySpeaker/Firmware/2017.2/Phase_Array_DSP_AUX/Phase_Array_DSP_AUX.srcs/sources_1/bd/Zynq_I2C_CODEC/ipshared/0ba0/hdl/axi_lite_ipif_v3_0_vh_rfs.vhd:1534]
INFO: [Synth 8-638] synthesizing module 'pselect_f__parameterized12' [/home/cameron/PhaseArraySpeaker/Firmware/2017.2/Phase_Array_DSP_AUX/Phase_Array_DSP_AUX.srcs/sources_1/bd/Zynq_I2C_CODEC/ipshared/0ba0/hdl/axi_lite_ipif_v3_0_vh_rfs.vhd:1534]
INFO: [Synth 8-256] done synthesizing module 'pselect_f__parameterized12' (1#1) [/home/cameron/PhaseArraySpeaker/Firmware/2017.2/Phase_Array_DSP_AUX/Phase_Array_DSP_AUX.srcs/sources_1/bd/Zynq_I2C_CODEC/ipshared/0ba0/hdl/axi_lite_ipif_v3_0_vh_rfs.vhd:1534]
INFO: [Synth 8-638] synthesizing module 'pselect_f__parameterized13' [/home/cameron/PhaseArraySpeaker/Firmware/2017.2/Phase_Array_DSP_AUX/Phase_Array_DSP_AUX.srcs/sources_1/bd/Zynq_I2C_CODEC/ipshared/0ba0/hdl/axi_lite_ipif_v3_0_vh_rfs.vhd:1534]
INFO: [Synth 8-256] done synthesizing module 'pselect_f__parameterized13' (1#1) [/home/cameron/PhaseArraySpeaker/Firmware/2017.2/Phase_Array_DSP_AUX/Phase_Array_DSP_AUX.srcs/sources_1/bd/Zynq_I2C_CODEC/ipshared/0ba0/hdl/axi_lite_ipif_v3_0_vh_rfs.vhd:1534]
INFO: [Synth 8-638] synthesizing module 'pselect_f__parameterized14' [/home/cameron/PhaseArraySpeaker/Firmware/2017.2/Phase_Array_DSP_AUX/Phase_Array_DSP_AUX.srcs/sources_1/bd/Zynq_I2C_CODEC/ipshared/0ba0/hdl/axi_lite_ipif_v3_0_vh_rfs.vhd:1534]
INFO: [Synth 8-256] done synthesizing module 'pselect_f__parameterized14' (1#1) [/home/cameron/PhaseArraySpeaker/Firmware/2017.2/Phase_Array_DSP_AUX/Phase_Array_DSP_AUX.srcs/sources_1/bd/Zynq_I2C_CODEC/ipshared/0ba0/hdl/axi_lite_ipif_v3_0_vh_rfs.vhd:1534]
INFO: [Synth 8-638] synthesizing module 'pselect_f__parameterized15' [/home/cameron/PhaseArraySpeaker/Firmware/2017.2/Phase_Array_DSP_AUX/Phase_Array_DSP_AUX.srcs/sources_1/bd/Zynq_I2C_CODEC/ipshared/0ba0/hdl/axi_lite_ipif_v3_0_vh_rfs.vhd:1534]
INFO: [Synth 8-256] done synthesizing module 'pselect_f__parameterized15' (1#1) [/home/cameron/PhaseArraySpeaker/Firmware/2017.2/Phase_Array_DSP_AUX/Phase_Array_DSP_AUX.srcs/sources_1/bd/Zynq_I2C_CODEC/ipshared/0ba0/hdl/axi_lite_ipif_v3_0_vh_rfs.vhd:1534]
INFO: [Synth 8-638] synthesizing module 'pselect_f__parameterized16' [/home/cameron/PhaseArraySpeaker/Firmware/2017.2/Phase_Array_DSP_AUX/Phase_Array_DSP_AUX.srcs/sources_1/bd/Zynq_I2C_CODEC/ipshared/0ba0/hdl/axi_lite_ipif_v3_0_vh_rfs.vhd:1534]
INFO: [Synth 8-256] done synthesizing module 'pselect_f__parameterized16' (1#1) [/home/cameron/PhaseArraySpeaker/Firmware/2017.2/Phase_Array_DSP_AUX/Phase_Array_DSP_AUX.srcs/sources_1/bd/Zynq_I2C_CODEC/ipshared/0ba0/hdl/axi_lite_ipif_v3_0_vh_rfs.vhd:1534]
INFO: [Synth 8-638] synthesizing module 'pselect_f__parameterized17' [/home/cameron/PhaseArraySpeaker/Firmware/2017.2/Phase_Array_DSP_AUX/Phase_Array_DSP_AUX.srcs/sources_1/bd/Zynq_I2C_CODEC/ipshared/0ba0/hdl/axi_lite_ipif_v3_0_vh_rfs.vhd:1534]
INFO: [Synth 8-256] done synthesizing module 'pselect_f__parameterized17' (1#1) [/home/cameron/PhaseArraySpeaker/Firmware/2017.2/Phase_Array_DSP_AUX/Phase_Array_DSP_AUX.srcs/sources_1/bd/Zynq_I2C_CODEC/ipshared/0ba0/hdl/axi_lite_ipif_v3_0_vh_rfs.vhd:1534]
INFO: [Synth 8-638] synthesizing module 'pselect_f__parameterized18' [/home/cameron/PhaseArraySpeaker/Firmware/2017.2/Phase_Array_DSP_AUX/Phase_Array_DSP_AUX.srcs/sources_1/bd/Zynq_I2C_CODEC/ipshared/0ba0/hdl/axi_lite_ipif_v3_0_vh_rfs.vhd:1534]
INFO: [Synth 8-256] done synthesizing module 'pselect_f__parameterized18' (1#1) [/home/cameron/PhaseArraySpeaker/Firmware/2017.2/Phase_Array_DSP_AUX/Phase_Array_DSP_AUX.srcs/sources_1/bd/Zynq_I2C_CODEC/ipshared/0ba0/hdl/axi_lite_ipif_v3_0_vh_rfs.vhd:1534]
INFO: [Synth 8-638] synthesizing module 'pselect_f__parameterized19' [/home/cameron/PhaseArraySpeaker/Firmware/2017.2/Phase_Array_DSP_AUX/Phase_Array_DSP_AUX.srcs/sources_1/bd/Zynq_I2C_CODEC/ipshared/0ba0/hdl/axi_lite_ipif_v3_0_vh_rfs.vhd:1534]
INFO: [Synth 8-256] done synthesizing module 'pselect_f__parameterized19' (1#1) [/home/cameron/PhaseArraySpeaker/Firmware/2017.2/Phase_Array_DSP_AUX/Phase_Array_DSP_AUX.srcs/sources_1/bd/Zynq_I2C_CODEC/ipshared/0ba0/hdl/axi_lite_ipif_v3_0_vh_rfs.vhd:1534]
INFO: [Synth 8-638] synthesizing module 'pselect_f__parameterized20' [/home/cameron/PhaseArraySpeaker/Firmware/2017.2/Phase_Array_DSP_AUX/Phase_Array_DSP_AUX.srcs/sources_1/bd/Zynq_I2C_CODEC/ipshared/0ba0/hdl/axi_lite_ipif_v3_0_vh_rfs.vhd:1534]
INFO: [Synth 8-256] done synthesizing module 'pselect_f__parameterized20' (1#1) [/home/cameron/PhaseArraySpeaker/Firmware/2017.2/Phase_Array_DSP_AUX/Phase_Array_DSP_AUX.srcs/sources_1/bd/Zynq_I2C_CODEC/ipshared/0ba0/hdl/axi_lite_ipif_v3_0_vh_rfs.vhd:1534]
INFO: [Synth 8-638] synthesizing module 'pselect_f__parameterized21' [/home/cameron/PhaseArraySpeaker/Firmware/2017.2/Phase_Array_DSP_AUX/Phase_Array_DSP_AUX.srcs/sources_1/bd/Zynq_I2C_CODEC/ipshared/0ba0/hdl/axi_lite_ipif_v3_0_vh_rfs.vhd:1534]
INFO: [Synth 8-256] done synthesizing module 'pselect_f__parameterized21' (1#1) [/home/cameron/PhaseArraySpeaker/Firmware/2017.2/Phase_Array_DSP_AUX/Phase_Array_DSP_AUX.srcs/sources_1/bd/Zynq_I2C_CODEC/ipshared/0ba0/hdl/axi_lite_ipif_v3_0_vh_rfs.vhd:1534]
INFO: [Synth 8-638] synthesizing module 'pselect_f__parameterized22' [/home/cameron/PhaseArraySpeaker/Firmware/2017.2/Phase_Array_DSP_AUX/Phase_Array_DSP_AUX.srcs/sources_1/bd/Zynq_I2C_CODEC/ipshared/0ba0/hdl/axi_lite_ipif_v3_0_vh_rfs.vhd:1534]
INFO: [Synth 8-256] done synthesizing module 'pselect_f__parameterized22' (1#1) [/home/cameron/PhaseArraySpeaker/Firmware/2017.2/Phase_Array_DSP_AUX/Phase_Array_DSP_AUX.srcs/sources_1/bd/Zynq_I2C_CODEC/ipshared/0ba0/hdl/axi_lite_ipif_v3_0_vh_rfs.vhd:1534]
INFO: [Synth 8-638] synthesizing module 'pselect_f__parameterized23' [/home/cameron/PhaseArraySpeaker/Firmware/2017.2/Phase_Array_DSP_AUX/Phase_Array_DSP_AUX.srcs/sources_1/bd/Zynq_I2C_CODEC/ipshared/0ba0/hdl/axi_lite_ipif_v3_0_vh_rfs.vhd:1534]
INFO: [Synth 8-256] done synthesizing module 'pselect_f__parameterized23' (1#1) [/home/cameron/PhaseArraySpeaker/Firmware/2017.2/Phase_Array_DSP_AUX/Phase_Array_DSP_AUX.srcs/sources_1/bd/Zynq_I2C_CODEC/ipshared/0ba0/hdl/axi_lite_ipif_v3_0_vh_rfs.vhd:1534]
INFO: [Synth 8-638] synthesizing module 'pselect_f__parameterized24' [/home/cameron/PhaseArraySpeaker/Firmware/2017.2/Phase_Array_DSP_AUX/Phase_Array_DSP_AUX.srcs/sources_1/bd/Zynq_I2C_CODEC/ipshared/0ba0/hdl/axi_lite_ipif_v3_0_vh_rfs.vhd:1534]
INFO: [Synth 8-256] done synthesizing module 'pselect_f__parameterized24' (1#1) [/home/cameron/PhaseArraySpeaker/Firmware/2017.2/Phase_Array_DSP_AUX/Phase_Array_DSP_AUX.srcs/sources_1/bd/Zynq_I2C_CODEC/ipshared/0ba0/hdl/axi_lite_ipif_v3_0_vh_rfs.vhd:1534]
INFO: [Synth 8-638] synthesizing module 'pselect_f__parameterized25' [/home/cameron/PhaseArraySpeaker/Firmware/2017.2/Phase_Array_DSP_AUX/Phase_Array_DSP_AUX.srcs/sources_1/bd/Zynq_I2C_CODEC/ipshared/0ba0/hdl/axi_lite_ipif_v3_0_vh_rfs.vhd:1534]
INFO: [Synth 8-256] done synthesizing module 'pselect_f__parameterized25' (1#1) [/home/cameron/PhaseArraySpeaker/Firmware/2017.2/Phase_Array_DSP_AUX/Phase_Array_DSP_AUX.srcs/sources_1/bd/Zynq_I2C_CODEC/ipshared/0ba0/hdl/axi_lite_ipif_v3_0_vh_rfs.vhd:1534]
INFO: [Synth 8-638] synthesizing module 'pselect_f__parameterized26' [/home/cameron/PhaseArraySpeaker/Firmware/2017.2/Phase_Array_DSP_AUX/Phase_Array_DSP_AUX.srcs/sources_1/bd/Zynq_I2C_CODEC/ipshared/0ba0/hdl/axi_lite_ipif_v3_0_vh_rfs.vhd:1534]
INFO: [Synth 8-256] done synthesizing module 'pselect_f__parameterized26' (1#1) [/home/cameron/PhaseArraySpeaker/Firmware/2017.2/Phase_Array_DSP_AUX/Phase_Array_DSP_AUX.srcs/sources_1/bd/Zynq_I2C_CODEC/ipshared/0ba0/hdl/axi_lite_ipif_v3_0_vh_rfs.vhd:1534]
INFO: [Synth 8-638] synthesizing module 'pselect_f__parameterized27' [/home/cameron/PhaseArraySpeaker/Firmware/2017.2/Phase_Array_DSP_AUX/Phase_Array_DSP_AUX.srcs/sources_1/bd/Zynq_I2C_CODEC/ipshared/0ba0/hdl/axi_lite_ipif_v3_0_vh_rfs.vhd:1534]
INFO: [Synth 8-256] done synthesizing module 'pselect_f__parameterized27' (1#1) [/home/cameron/PhaseArraySpeaker/Firmware/2017.2/Phase_Array_DSP_AUX/Phase_Array_DSP_AUX.srcs/sources_1/bd/Zynq_I2C_CODEC/ipshared/0ba0/hdl/axi_lite_ipif_v3_0_vh_rfs.vhd:1534]
INFO: [Synth 8-638] synthesizing module 'pselect_f__parameterized28' [/home/cameron/PhaseArraySpeaker/Firmware/2017.2/Phase_Array_DSP_AUX/Phase_Array_DSP_AUX.srcs/sources_1/bd/Zynq_I2C_CODEC/ipshared/0ba0/hdl/axi_lite_ipif_v3_0_vh_rfs.vhd:1534]
INFO: [Synth 8-256] done synthesizing module 'pselect_f__parameterized28' (1#1) [/home/cameron/PhaseArraySpeaker/Firmware/2017.2/Phase_Array_DSP_AUX/Phase_Array_DSP_AUX.srcs/sources_1/bd/Zynq_I2C_CODEC/ipshared/0ba0/hdl/axi_lite_ipif_v3_0_vh_rfs.vhd:1534]
INFO: [Synth 8-638] synthesizing module 'pselect_f__parameterized29' [/home/cameron/PhaseArraySpeaker/Firmware/2017.2/Phase_Array_DSP_AUX/Phase_Array_DSP_AUX.srcs/sources_1/bd/Zynq_I2C_CODEC/ipshared/0ba0/hdl/axi_lite_ipif_v3_0_vh_rfs.vhd:1534]
INFO: [Synth 8-256] done synthesizing module 'pselect_f__parameterized29' (1#1) [/home/cameron/PhaseArraySpeaker/Firmware/2017.2/Phase_Array_DSP_AUX/Phase_Array_DSP_AUX.srcs/sources_1/bd/Zynq_I2C_CODEC/ipshared/0ba0/hdl/axi_lite_ipif_v3_0_vh_rfs.vhd:1534]
INFO: [Synth 8-638] synthesizing module 'pselect_f__parameterized30' [/home/cameron/PhaseArraySpeaker/Firmware/2017.2/Phase_Array_DSP_AUX/Phase_Array_DSP_AUX.srcs/sources_1/bd/Zynq_I2C_CODEC/ipshared/0ba0/hdl/axi_lite_ipif_v3_0_vh_rfs.vhd:1534]
INFO: [Synth 8-256] done synthesizing module 'pselect_f__parameterized30' (1#1) [/home/cameron/PhaseArraySpeaker/Firmware/2017.2/Phase_Array_DSP_AUX/Phase_Array_DSP_AUX.srcs/sources_1/bd/Zynq_I2C_CODEC/ipshared/0ba0/hdl/axi_lite_ipif_v3_0_vh_rfs.vhd:1534]
INFO: [Synth 8-638] synthesizing module 'pselect_f__parameterized31' [/home/cameron/PhaseArraySpeaker/Firmware/2017.2/Phase_Array_DSP_AUX/Phase_Array_DSP_AUX.srcs/sources_1/bd/Zynq_I2C_CODEC/ipshared/0ba0/hdl/axi_lite_ipif_v3_0_vh_rfs.vhd:1534]
INFO: [Synth 8-256] done synthesizing module 'pselect_f__parameterized31' (1#1) [/home/cameron/PhaseArraySpeaker/Firmware/2017.2/Phase_Array_DSP_AUX/Phase_Array_DSP_AUX.srcs/sources_1/bd/Zynq_I2C_CODEC/ipshared/0ba0/hdl/axi_lite_ipif_v3_0_vh_rfs.vhd:1534]
INFO: [Synth 8-638] synthesizing module 'pselect_f__parameterized32' [/home/cameron/PhaseArraySpeaker/Firmware/2017.2/Phase_Array_DSP_AUX/Phase_Array_DSP_AUX.srcs/sources_1/bd/Zynq_I2C_CODEC/ipshared/0ba0/hdl/axi_lite_ipif_v3_0_vh_rfs.vhd:1534]
INFO: [Synth 8-256] done synthesizing module 'pselect_f__parameterized32' (1#1) [/home/cameron/PhaseArraySpeaker/Firmware/2017.2/Phase_Array_DSP_AUX/Phase_Array_DSP_AUX.srcs/sources_1/bd/Zynq_I2C_CODEC/ipshared/0ba0/hdl/axi_lite_ipif_v3_0_vh_rfs.vhd:1534]
INFO: [Synth 8-638] synthesizing module 'pselect_f__parameterized33' [/home/cameron/PhaseArraySpeaker/Firmware/2017.2/Phase_Array_DSP_AUX/Phase_Array_DSP_AUX.srcs/sources_1/bd/Zynq_I2C_CODEC/ipshared/0ba0/hdl/axi_lite_ipif_v3_0_vh_rfs.vhd:1534]
INFO: [Synth 8-256] done synthesizing module 'pselect_f__parameterized33' (1#1) [/home/cameron/PhaseArraySpeaker/Firmware/2017.2/Phase_Array_DSP_AUX/Phase_Array_DSP_AUX.srcs/sources_1/bd/Zynq_I2C_CODEC/ipshared/0ba0/hdl/axi_lite_ipif_v3_0_vh_rfs.vhd:1534]
INFO: [Synth 8-638] synthesizing module 'pselect_f__parameterized34' [/home/cameron/PhaseArraySpeaker/Firmware/2017.2/Phase_Array_DSP_AUX/Phase_Array_DSP_AUX.srcs/sources_1/bd/Zynq_I2C_CODEC/ipshared/0ba0/hdl/axi_lite_ipif_v3_0_vh_rfs.vhd:1534]
INFO: [Synth 8-256] done synthesizing module 'pselect_f__parameterized34' (1#1) [/home/cameron/PhaseArraySpeaker/Firmware/2017.2/Phase_Array_DSP_AUX/Phase_Array_DSP_AUX.srcs/sources_1/bd/Zynq_I2C_CODEC/ipshared/0ba0/hdl/axi_lite_ipif_v3_0_vh_rfs.vhd:1534]
INFO: [Synth 8-638] synthesizing module 'pselect_f__parameterized35' [/home/cameron/PhaseArraySpeaker/Firmware/2017.2/Phase_Array_DSP_AUX/Phase_Array_DSP_AUX.srcs/sources_1/bd/Zynq_I2C_CODEC/ipshared/0ba0/hdl/axi_lite_ipif_v3_0_vh_rfs.vhd:1534]
INFO: [Synth 8-256] done synthesizing module 'pselect_f__parameterized35' (1#1) [/home/cameron/PhaseArraySpeaker/Firmware/2017.2/Phase_Array_DSP_AUX/Phase_Array_DSP_AUX.srcs/sources_1/bd/Zynq_I2C_CODEC/ipshared/0ba0/hdl/axi_lite_ipif_v3_0_vh_rfs.vhd:1534]
INFO: [Synth 8-256] done synthesizing module 'address_decoder' (2#1) [/home/cameron/PhaseArraySpeaker/Firmware/2017.2/Phase_Array_DSP_AUX/Phase_Array_DSP_AUX.srcs/sources_1/bd/Zynq_I2C_CODEC/ipshared/0ba0/hdl/axi_lite_ipif_v3_0_vh_rfs.vhd:1775]
INFO: [Synth 8-256] done synthesizing module 'slave_attachment' (3#1) [/home/cameron/PhaseArraySpeaker/Firmware/2017.2/Phase_Array_DSP_AUX/Phase_Array_DSP_AUX.srcs/sources_1/bd/Zynq_I2C_CODEC/ipshared/0ba0/hdl/axi_lite_ipif_v3_0_vh_rfs.vhd:2341]
INFO: [Synth 8-256] done synthesizing module 'axi_lite_ipif' (4#1) [/home/cameron/PhaseArraySpeaker/Firmware/2017.2/Phase_Array_DSP_AUX/Phase_Array_DSP_AUX.srcs/sources_1/bd/Zynq_I2C_CODEC/ipshared/0ba0/hdl/axi_lite_ipif_v3_0_vh_rfs.vhd:2948]
INFO: [Synth 8-638] synthesizing module 'interrupt_control' [/home/cameron/PhaseArraySpeaker/Firmware/2017.2/Phase_Array_DSP_AUX/Phase_Array_DSP_AUX.srcs/sources_1/bd/Zynq_I2C_CODEC/ipshared/e956/hdl/interrupt_control_v3_1_vh_rfs.vhd:259]
INFO: [Synth 8-256] done synthesizing module 'interrupt_control' (5#1) [/home/cameron/PhaseArraySpeaker/Firmware/2017.2/Phase_Array_DSP_AUX/Phase_Array_DSP_AUX.srcs/sources_1/bd/Zynq_I2C_CODEC/ipshared/e956/hdl/interrupt_control_v3_1_vh_rfs.vhd:259]
INFO: [Synth 8-638] synthesizing module 'soft_reset' [/home/cameron/PhaseArraySpeaker/Firmware/2017.2/Phase_Array_DSP_AUX/Phase_Array_DSP_AUX.srcs/sources_1/bd/Zynq_I2C_CODEC/ipshared/6bf4/hdl/axi_iic_v2_0_vh_rfs.vhd:141]
INFO: [Synth 8-256] done synthesizing module 'soft_reset' (6#1) [/home/cameron/PhaseArraySpeaker/Firmware/2017.2/Phase_Array_DSP_AUX/Phase_Array_DSP_AUX.srcs/sources_1/bd/Zynq_I2C_CODEC/ipshared/6bf4/hdl/axi_iic_v2_0_vh_rfs.vhd:141]
INFO: [Synth 8-256] done synthesizing module 'axi_ipif_ssp1' (7#1) [/home/cameron/PhaseArraySpeaker/Firmware/2017.2/Phase_Array_DSP_AUX/Phase_Array_DSP_AUX.srcs/sources_1/bd/Zynq_I2C_CODEC/ipshared/6bf4/hdl/axi_iic_v2_0_vh_rfs.vhd:5661]
INFO: [Synth 8-638] synthesizing module 'reg_interface' [/home/cameron/PhaseArraySpeaker/Firmware/2017.2/Phase_Array_DSP_AUX/Phase_Array_DSP_AUX.srcs/sources_1/bd/Zynq_I2C_CODEC/ipshared/6bf4/hdl/axi_iic_v2_0_vh_rfs.vhd:1677]
INFO: [Synth 8-256] done synthesizing module 'reg_interface' (8#1) [/home/cameron/PhaseArraySpeaker/Firmware/2017.2/Phase_Array_DSP_AUX/Phase_Array_DSP_AUX.srcs/sources_1/bd/Zynq_I2C_CODEC/ipshared/6bf4/hdl/axi_iic_v2_0_vh_rfs.vhd:1677]
INFO: [Synth 8-638] synthesizing module 'filter' [/home/cameron/PhaseArraySpeaker/Firmware/2017.2/Phase_Array_DSP_AUX/Phase_Array_DSP_AUX.srcs/sources_1/bd/Zynq_I2C_CODEC/ipshared/6bf4/hdl/axi_iic_v2_0_vh_rfs.vhd:4985]
INFO: [Synth 8-638] synthesizing module 'debounce' [/home/cameron/PhaseArraySpeaker/Firmware/2017.2/Phase_Array_DSP_AUX/Phase_Array_DSP_AUX.srcs/sources_1/bd/Zynq_I2C_CODEC/ipshared/6bf4/hdl/axi_iic_v2_0_vh_rfs.vhd:1307]
INFO: [Synth 8-638] synthesizing module 'cdc_sync' [/home/cameron/PhaseArraySpeaker/Firmware/2017.2/Phase_Array_DSP_AUX/Phase_Array_DSP_AUX.srcs/sources_1/bd/Zynq_I2C_CODEC/ipshared/52cb/hdl/lib_cdc_v1_0_rfs.vhd:106]
INFO: [Synth 8-256] done synthesizing module 'cdc_sync' (9#1) [/home/cameron/PhaseArraySpeaker/Firmware/2017.2/Phase_Array_DSP_AUX/Phase_Array_DSP_AUX.srcs/sources_1/bd/Zynq_I2C_CODEC/ipshared/52cb/hdl/lib_cdc_v1_0_rfs.vhd:106]
INFO: [Synth 8-256] done synthesizing module 'debounce' (10#1) [/home/cameron/PhaseArraySpeaker/Firmware/2017.2/Phase_Array_DSP_AUX/Phase_Array_DSP_AUX.srcs/sources_1/bd/Zynq_I2C_CODEC/ipshared/6bf4/hdl/axi_iic_v2_0_vh_rfs.vhd:1307]
INFO: [Synth 8-256] done synthesizing module 'filter' (11#1) [/home/cameron/PhaseArraySpeaker/Firmware/2017.2/Phase_Array_DSP_AUX/Phase_Array_DSP_AUX.srcs/sources_1/bd/Zynq_I2C_CODEC/ipshared/6bf4/hdl/axi_iic_v2_0_vh_rfs.vhd:4985]
INFO: [Synth 8-638] synthesizing module 'iic_control' [/home/cameron/PhaseArraySpeaker/Firmware/2017.2/Phase_Array_DSP_AUX/Phase_Array_DSP_AUX.srcs/sources_1/bd/Zynq_I2C_CODEC/ipshared/6bf4/hdl/axi_iic_v2_0_vh_rfs.vhd:2908]
INFO: [Synth 8-638] synthesizing module 'upcnt_n' [/home/cameron/PhaseArraySpeaker/Firmware/2017.2/Phase_Array_DSP_AUX/Phase_Array_DSP_AUX.srcs/sources_1/bd/Zynq_I2C_CODEC/ipshared/6bf4/hdl/axi_iic_v2_0_vh_rfs.vhd:740]
INFO: [Synth 8-256] done synthesizing module 'upcnt_n' (12#1) [/home/cameron/PhaseArraySpeaker/Firmware/2017.2/Phase_Array_DSP_AUX/Phase_Array_DSP_AUX.srcs/sources_1/bd/Zynq_I2C_CODEC/ipshared/6bf4/hdl/axi_iic_v2_0_vh_rfs.vhd:740]
INFO: [Synth 8-638] synthesizing module 'shift8' [/home/cameron/PhaseArraySpeaker/Firmware/2017.2/Phase_Array_DSP_AUX/Phase_Array_DSP_AUX.srcs/sources_1/bd/Zynq_I2C_CODEC/ipshared/6bf4/hdl/axi_iic_v2_0_vh_rfs.vhd:897]
INFO: [Synth 8-256] done synthesizing module 'shift8' (13#1) [/home/cameron/PhaseArraySpeaker/Firmware/2017.2/Phase_Array_DSP_AUX/Phase_Array_DSP_AUX.srcs/sources_1/bd/Zynq_I2C_CODEC/ipshared/6bf4/hdl/axi_iic_v2_0_vh_rfs.vhd:897]
INFO: [Synth 8-638] synthesizing module 'upcnt_n__parameterized0' [/home/cameron/PhaseArraySpeaker/Firmware/2017.2/Phase_Array_DSP_AUX/Phase_Array_DSP_AUX.srcs/sources_1/bd/Zynq_I2C_CODEC/ipshared/6bf4/hdl/axi_iic_v2_0_vh_rfs.vhd:740]
INFO: [Synth 8-256] done synthesizing module 'upcnt_n__parameterized0' (13#1) [/home/cameron/PhaseArraySpeaker/Firmware/2017.2/Phase_Array_DSP_AUX/Phase_Array_DSP_AUX.srcs/sources_1/bd/Zynq_I2C_CODEC/ipshared/6bf4/hdl/axi_iic_v2_0_vh_rfs.vhd:740]
INFO: [Synth 8-256] done synthesizing module 'iic_control' (14#1) [/home/cameron/PhaseArraySpeaker/Firmware/2017.2/Phase_Array_DSP_AUX/Phase_Array_DSP_AUX.srcs/sources_1/bd/Zynq_I2C_CODEC/ipshared/6bf4/hdl/axi_iic_v2_0_vh_rfs.vhd:2908]
INFO: [Synth 8-638] synthesizing module 'SRL_FIFO' [/home/cameron/PhaseArraySpeaker/Firmware/2017.2/Phase_Array_DSP_AUX/Phase_Array_DSP_AUX.srcs/sources_1/bd/Zynq_I2C_CODEC/ipshared/6bf4/hdl/axi_iic_v2_0_vh_rfs.vhd:449]
INFO: [Synth 8-638] synthesizing module 'FDR' [/opt/Xilinx/Vivado/2017.2/scripts/rt/data/unisim_comp.v:3951]
INFO: [Synth 8-256] done synthesizing module 'FDR' (15#1) [/opt/Xilinx/Vivado/2017.2/scripts/rt/data/unisim_comp.v:3951]
INFO: [Synth 8-638] synthesizing module 'MUXCY_L' [/opt/Xilinx/Vivado/2017.2/scripts/rt/data/unisim_comp.v:21638]
INFO: [Synth 8-256] done synthesizing module 'MUXCY_L' (16#1) [/opt/Xilinx/Vivado/2017.2/scripts/rt/data/unisim_comp.v:21638]
INFO: [Synth 8-638] synthesizing module 'XORCY' [/opt/Xilinx/Vivado/2017.2/scripts/rt/data/unisim_comp.v:45685]
INFO: [Synth 8-256] done synthesizing module 'XORCY' (17#1) [/opt/Xilinx/Vivado/2017.2/scripts/rt/data/unisim_comp.v:45685]
INFO: [Synth 8-638] synthesizing module 'FDRE' [/opt/Xilinx/Vivado/2017.2/scripts/rt/data/unisim_comp.v:3964]
INFO: [Synth 8-256] done synthesizing module 'FDRE' (18#1) [/opt/Xilinx/Vivado/2017.2/scripts/rt/data/unisim_comp.v:3964]
INFO: [Synth 8-638] synthesizing module 'SRL16E' [/opt/Xilinx/Vivado/2017.2/scripts/rt/data/unisim_comp.v:43673]
INFO: [Synth 8-256] done synthesizing module 'SRL16E' (19#1) [/opt/Xilinx/Vivado/2017.2/scripts/rt/data/unisim_comp.v:43673]
INFO: [Synth 8-256] done synthesizing module 'SRL_FIFO' (20#1) [/home/cameron/PhaseArraySpeaker/Firmware/2017.2/Phase_Array_DSP_AUX/Phase_Array_DSP_AUX.srcs/sources_1/bd/Zynq_I2C_CODEC/ipshared/6bf4/hdl/axi_iic_v2_0_vh_rfs.vhd:449]
INFO: [Synth 8-638] synthesizing module 'dynamic_master' [/home/cameron/PhaseArraySpeaker/Firmware/2017.2/Phase_Array_DSP_AUX/Phase_Array_DSP_AUX.srcs/sources_1/bd/Zynq_I2C_CODEC/ipshared/6bf4/hdl/axi_iic_v2_0_vh_rfs.vhd:5204]
INFO: [Synth 8-256] done synthesizing module 'dynamic_master' (21#1) [/home/cameron/PhaseArraySpeaker/Firmware/2017.2/Phase_Array_DSP_AUX/Phase_Array_DSP_AUX.srcs/sources_1/bd/Zynq_I2C_CODEC/ipshared/6bf4/hdl/axi_iic_v2_0_vh_rfs.vhd:5204]
INFO: [Synth 8-638] synthesizing module 'SRL_FIFO__parameterized0' [/home/cameron/PhaseArraySpeaker/Firmware/2017.2/Phase_Array_DSP_AUX/Phase_Array_DSP_AUX.srcs/sources_1/bd/Zynq_I2C_CODEC/ipshared/6bf4/hdl/axi_iic_v2_0_vh_rfs.vhd:449]
INFO: [Synth 8-256] done synthesizing module 'SRL_FIFO__parameterized0' (21#1) [/home/cameron/PhaseArraySpeaker/Firmware/2017.2/Phase_Array_DSP_AUX/Phase_Array_DSP_AUX.srcs/sources_1/bd/Zynq_I2C_CODEC/ipshared/6bf4/hdl/axi_iic_v2_0_vh_rfs.vhd:449]
INFO: [Synth 8-256] done synthesizing module 'iic' (22#1) [/home/cameron/PhaseArraySpeaker/Firmware/2017.2/Phase_Array_DSP_AUX/Phase_Array_DSP_AUX.srcs/sources_1/bd/Zynq_I2C_CODEC/ipshared/6bf4/hdl/axi_iic_v2_0_vh_rfs.vhd:6187]
INFO: [Synth 8-256] done synthesizing module 'axi_iic' (23#1) [/home/cameron/PhaseArraySpeaker/Firmware/2017.2/Phase_Array_DSP_AUX/Phase_Array_DSP_AUX.srcs/sources_1/bd/Zynq_I2C_CODEC/ipshared/6bf4/hdl/axi_iic_v2_0_vh_rfs.vhd:6870]
INFO: [Synth 8-256] done synthesizing module 'Zynq_I2C_CODEC_axi_iic_0_0' (24#1) [/home/cameron/PhaseArraySpeaker/Firmware/2017.2/Phase_Array_DSP_AUX/Phase_Array_DSP_AUX.srcs/sources_1/bd/Zynq_I2C_CODEC/ip/Zynq_I2C_CODEC_axi_iic_0_0/synth/Zynq_I2C_CODEC_axi_iic_0_0.vhd:91]
Finished RTL Elaboration : Time (s): cpu = 00:00:04 ; elapsed = 00:00:05 . Memory (MB): peak = 1252.027 ; gain = 124.496 ; free physical = 18296 ; free virtual = 25194
Finished RTL Optimization Phase 1 : Time (s): cpu = 00:00:05 ; elapsed = 00:00:05 . Memory (MB): peak = 1252.027 ; gain = 124.496 ; free physical = 18246 ; free virtual = 25144
INFO: [Device 21-403] Loading part xc7z010clg400-1
Constraint Validation Runtime : Time (s): cpu = 00:00:00.03 ; elapsed = 00:00:00.02 . Memory (MB): peak = 1602.660 ; gain = 0.000 ; free physical = 17686 ; free virtual = 24585
Finished Constraint Validation : Time (s): cpu = 00:00:13 ; elapsed = 00:00:13 . Memory (MB): peak = 1602.660 ; gain = 475.129 ; free physical = 17737 ; free virtual = 24637
Finished Loading Part and Timing Information : Time (s): cpu = 00:00:13 ; elapsed = 00:00:13 . Memory (MB): peak = 1602.660 ; gain = 475.129 ; free physical = 17737 ; free virtual = 24637
Finished applying 'set_property' XDC Constraints : Time (s): cpu = 00:00:13 ; elapsed = 00:00:13 . Memory (MB): peak = 1602.660 ; gain = 475.129 ; free physical = 17738 ; free virtual = 24638
Finished RTL Optimization Phase 2 : Time (s): cpu = 00:00:14 ; elapsed = 00:00:15 . Memory (MB): peak = 1602.660 ; gain = 475.129 ; free physical = 17670 ; free virtual = 24570
Finished Cross Boundary and Area Optimization : Time (s): cpu = 00:00:16 ; elapsed = 00:00:17 . Memory (MB): peak = 1602.660 ; gain = 475.129 ; free physical = 17580 ; free virtual = 24481
Finished Applying XDC Timing Constraints : Time (s): cpu = 00:00:22 ; elapsed = 00:00:22 . Memory (MB): peak = 1602.660 ; gain = 475.129 ; free physical = 18128 ; free virtual = 25030
Finished Timing Optimization : Time (s): cpu = 00:00:23 ; elapsed = 00:00:24 . Memory (MB): peak = 1602.660 ; gain = 475.129 ; free physical = 18237 ; free virtual = 25139
Finished Technology Mapping : Time (s): cpu = 00:00:23 ; elapsed = 00:00:24 . Memory (MB): peak = 1602.660 ; gain = 475.129 ; free physical = 18200 ; free virtual = 25102
Finished IO Insertion : Time (s): cpu = 00:00:24 ; elapsed = 00:00:24 . Memory (MB): peak = 1602.660 ; gain = 475.129 ; free physical = 18263 ; free virtual = 25164
Finished Renaming Generated Instances : Time (s): cpu = 00:00:24 ; elapsed = 00:00:24 . Memory (MB): peak = 1602.660 ; gain = 475.129 ; free physical = 18275 ; free virtual = 25177
Finished Rebuilding User Hierarchy : Time (s): cpu = 00:00:24 ; elapsed = 00:00:24 . Memory (MB): peak = 1602.660 ; gain = 475.129 ; free physical = 18281 ; free virtual = 25184
Finished Renaming Generated Ports : Time (s): cpu = 00:00:24 ; elapsed = 00:00:24 . Memory (MB): peak = 1602.660 ; gain = 475.129 ; free physical = 18281 ; free virtual = 25184
Finished Handling Custom Attributes : Time (s): cpu = 00:00:24 ; elapsed = 00:00:24 . Memory (MB): peak = 1602.660 ; gain = 475.129 ; free physical = 18281 ; free virtual = 25184
Finished Renaming Generated Nets : Time (s): cpu = 00:00:24 ; elapsed = 00:00:24 . Memory (MB): peak = 1602.660 ; gain = 475.129 ; free physical = 18280 ; free virtual = 25183

Report Cell Usage: 
+------+--------+------+
|      |Cell    |Count |
+------+--------+------+
|1     |CARRY4  |     8|
|2     |LUT1    |     8|
|3     |LUT2    |    70|
|4     |LUT3    |    35|
|5     |LUT4    |    70|
|6     |LUT5    |    75|
|7     |LUT6    |   191|
|8     |MUXCY_L |     9|
|9     |MUXF7   |     2|
|10    |SRL16E  |    18|
|11    |XORCY   |    12|
|12    |FDR     |    11|
|13    |FDRE    |   308|
|14    |FDSE    |    49|
+------+--------+------+
Finished Writing Synthesis Report : Time (s): cpu = 00:00:24 ; elapsed = 00:00:24 . Memory (MB): peak = 1602.660 ; gain = 475.129 ; free physical = 18279 ; free virtual = 25182
synth_design: Time (s): cpu = 00:00:25 ; elapsed = 00:00:26 . Memory (MB): peak = 1633.293 ; gain = 518.348 ; free physical = 18326 ; free virtual = 25229
