Copyright 1986-2018 Xilinx, Inc. All Rights Reserved.
--------------------------------------------------------------------------------------------
| Tool Version : Vivado v.2018.2 (lin64) Build 2258646 Thu Jun 14 20:02:38 MDT 2018
| Date         : Sun Dec  5 16:01:20 2021
| Host         : cameron-xps running 64-bit Ubuntu 18.04.5 LTS
| Command      : report_clock_utilization -file system_wrapper_clock_utilization_routed.rpt
| Design       : system_wrapper
| Device       : 7z010-clg400
| Speed File   : -1  PRODUCTION 1.11 2014-09-11
--------------------------------------------------------------------------------------------

Clock Utilization Report

Table of Contents
-----------------
1. Clock Primitive Utilization
2. Global Clock Resources
3. Global Clock Source Details
4. Local Clock Details
5. Clock Regions: Key Resource Utilization
6. Clock Regions : Global Clock Summary
7. Device Cell Placement Summary for Global Clock g0
8. Device Cell Placement Summary for Global Clock g1
9. Device Cell Placement Summary for Global Clock g2
10. Device Cell Placement Summary for Global Clock g3
11. Device Cell Placement Summary for Global Clock g4
12. Clock Region Cell Placement per Global Clock: Region X0Y0
13. Clock Region Cell Placement per Global Clock: Region X1Y0
14. Clock Region Cell Placement per Global Clock: Region X0Y1
15. Clock Region Cell Placement per Global Clock: Region X1Y1

1. Clock Primitive Utilization
------------------------------

+----------+------+-----------+-----+--------------+--------+
| Type     | Used | Available | LOC | Clock Region | Pblock |
+----------+------+-----------+-----+--------------+--------+
| BUFGCTRL |    5 |        32 |   0 |            0 |      0 |
| BUFH     |    0 |        48 |   0 |            0 |      0 |
| BUFIO    |    0 |         8 |   0 |            0 |      0 |
| BUFMR    |    0 |         4 |   0 |            0 |      0 |
| BUFR     |    0 |         8 |   0 |            0 |      0 |
| MMCM     |    0 |         2 |   0 |            0 |      0 |
| PLL      |    1 |         2 |   0 |            0 |      0 |
+----------+------+-----------+-----+--------------+--------+


2. Global Clock Resources
-------------------------

+-----------+-----------+-----------------+------------+---------------+--------------+-------------------+-------------+-----------------+--------------+------------+--------------------------------------------------------------------------------------------------+-----------------------------------------------------------------------------------------------+
| Global Id | Source Id | Driver Type/Pin | Constraint | Site          | Clock Region | Load Clock Region | Clock Loads | Non-Clock Loads | Clock Period | Clock      | Driver Pin                                                                                       | Net                                                                                           |
+-----------+-----------+-----------------+------------+---------------+--------------+-------------------+-------------+-----------------+--------------+------------+--------------------------------------------------------------------------------------------------+-----------------------------------------------------------------------------------------------+
| g0        | src0      | BUFG/O          | None       | BUFGCTRL_X0Y0 | n/a          |                 4 |        6176 |              19 |              |            | system_i/d_axi_i2s_audio_0/U0/d_axi_i2s_audio_v2_0_AXI_L_inst/Inst_I2sCtl/LRCK_buf/O             | system_i/d_axi_i2s_audio_0/U0/d_axi_i2s_audio_v2_0_AXI_L_inst/Inst_I2sCtl/LRCK_int            |
| g1        | src1      | BUFG/O          | None       | BUFGCTRL_X0Y1 | n/a          |                 3 |        5135 |               0 |       10.000 | clk_fpga_0 | system_i/processing_system7_0/inst/buffer_fclk_clk_0.FCLK_CLK_0_BUFG/O                           | system_i/processing_system7_0/inst/FCLK_CLK0                                                  |
| g2        | src2      | BUFG/O          | None       | BUFGCTRL_X0Y2 | n/a          |                 4 |         875 |               1 |              |            | system_i/d_axi_i2s_audio_0/U0/d_axi_i2s_audio_v2_0_AXI_L_inst/Inst_I2sCtl/BCK_buf/O              | system_i/d_axi_i2s_audio_0/U0/d_axi_i2s_audio_v2_0_AXI_L_inst/Inst_I2sCtl/BCK_int             |
| g3        | src3      | BUFG/O          | None       | BUFGCTRL_X0Y3 | n/a          |                 4 |         802 |               1 |       81.373 | clkout0    | system_i/d_axi_i2s_audio_0/U0/d_axi_i2s_audio_v2_0_AXI_L_inst/Inst_I2sCtl/Inst_Dcm/clkout1_buf/O | system_i/d_axi_i2s_audio_0/U0/d_axi_i2s_audio_v2_0_AXI_L_inst/Inst_I2sCtl/Inst_Dcm/CLK_12_288 |
| g4        | src4      | BUFG/O          | None       | BUFGCTRL_X0Y4 | n/a          |                 2 |           0 |              64 |          n/a | n/a        | nolabel_line239/PCM_TX/Clock_Divider/LATCH_BUFF/O                                                | nolabel_line239/PCM_TX/Clock_Divider/Latch_out                                                |
+-----------+-----------+-----------------+------------+---------------+--------------+-------------------+-------------+-----------------+--------------+------------+--------------------------------------------------------------------------------------------------+-----------------------------------------------------------------------------------------------+
* Clock Loads column represents the clock pin loads (pin count)
** Non-Clock Loads column represents the non-clock pin loads (pin count)


3. Global Clock Source Details
------------------------------

+-----------+-----------+-------------------+------------+----------------+--------------+-------------+-----------------+---------------------+--------------+-----------------------------------------------------------------------------------------------------------+------------------------------------------------------------------------------------------------+
| Source Id | Global Id | Driver Type/Pin   | Constraint | Site           | Clock Region | Clock Loads | Non-Clock Loads | Source Clock Period | Source Clock | Driver Pin                                                                                                | Net                                                                                            |
+-----------+-----------+-------------------+------------+----------------+--------------+-------------+-----------------+---------------------+--------------+-----------------------------------------------------------------------------------------------------------+------------------------------------------------------------------------------------------------+
| src0      | g0        | LUT3/O            | None       | SLICE_X42Y18   | X1Y0         |           1 |               2 |                     |              | system_i/d_axi_i2s_audio_0/U0/d_axi_i2s_audio_v2_0_AXI_L_inst/Inst_I2sCtl/Inst_I2sRxTx/LRCLK_O_INST_0/O   | system_i/d_axi_i2s_audio_0/U0/d_axi_i2s_audio_v2_0_AXI_L_inst/Inst_I2sCtl/Inst_I2sRxTx/LRCLK_O |
| src1      | g1        | PS7/FCLKCLK[0]    | PS7_X0Y0   | PS7_X0Y0       | X0Y1         |           1 |               0 |              10.000 | clk_fpga_0   | system_i/processing_system7_0/inst/PS7_i/FCLKCLK[0]                                                       | system_i/processing_system7_0/inst/FCLK_CLK_unbuffered[0]                                      |
| src2      | g2        | LUT3/O            | None       | SLICE_X39Y20   | X1Y0         |           1 |               3 |                     |              | system_i/d_axi_i2s_audio_0/U0/d_axi_i2s_audio_v2_0_AXI_L_inst/Inst_I2sCtl/Inst_I2sRxTx/BCLK_O_INST_0/O    | system_i/d_axi_i2s_audio_0/U0/d_axi_i2s_audio_v2_0_AXI_L_inst/Inst_I2sCtl/Inst_I2sRxTx/BCLK_O  |
| src3      | g3        | PLLE2_ADV/CLKOUT0 | None       | PLLE2_ADV_X0Y0 | X1Y0         |           1 |               0 |              81.373 | clkout0      | system_i/d_axi_i2s_audio_0/U0/d_axi_i2s_audio_v2_0_AXI_L_inst/Inst_I2sCtl/Inst_Dcm/plle2_adv_inst/CLKOUT0 | system_i/d_axi_i2s_audio_0/U0/d_axi_i2s_audio_v2_0_AXI_L_inst/Inst_I2sCtl/Inst_Dcm/clkout0     |
| src4      | g4        | FDRE/Q            | None       | SLICE_X28Y85   | X1Y1         |           1 |               0 |                     |              | nolabel_line239/PCM_TX/Clock_Divider/nolabel_line47/state_reg[1]_lopt_replica/Q                           | nolabel_line239/PCM_TX/Clock_Divider/nolabel_line47/Q_replN                                    |
+-----------+-----------+-------------------+------------+----------------+--------------+-------------+-----------------+---------------------+--------------+-----------------------------------------------------------------------------------------------------------+------------------------------------------------------------------------------------------------+
* Clock Loads column represents the clock pin loads (pin count)
** Non-Clock Loads column represents the non-clock pin loads (pin count)


4. Local Clock Details
----------------------

+----------+-----------------+------------+-------------------+--------------+-------------+-----------------+--------------+-------+------------------------------------------------------+---------------------------------------------+
| Local Id | Driver Type/Pin | Constraint | Site/BEL          | Clock Region | Clock Loads | Non-Clock Loads | Clock Period | Clock | Driver Pin                                           | Net                                         |
+----------+-----------------+------------+-------------------+--------------+-------------+-----------------+--------------+-------+------------------------------------------------------+---------------------------------------------||
| 0        | FDRE/Q          | None       | SLICE_X25Y82/A5FF | X1Y1         |          48 |               2 |              |       | nolabel_line239/CODEC_Reciever/LATCH2/state_reg[1]/Q | nolabel_line239/CODEC_Reciever/LATCH2/pulse - Static -
+----------+-----------------+------------+-------------------+--------------+-------------+-----------------+--------------+-------+------------------------------------------------------+---------------------------------------------||
* Local Clocks in this context represents only clocks driven by non-global buffers
** Clock Loads column represents the clock pin loads (pin count)
*** Non-Clock Loads column represents the non-clock pin loads (pin count)


5. Clock Regions: Key Resource Utilization
------------------------------------------

+-------------------+--------------+--------------+--------------+--------------+--------------+--------------+--------------+--------------+--------------+--------------+--------------+--------------+--------------+--------------+--------------+
|                   | Global Clock |     BUFRs    |    BUFMRs    |    BUFIOs    |     MMCM     |      PLL     |      GT      |      PCI     |    ILOGIC    |    OLOGIC    |      FF      |     LUTM     |    RAMB18    |    RAMB36    |    DSP48E2   |
+-------------------+------+-------+------+-------+------+-------+------+-------+------+-------+------+-------+------+-------+------+-------+------+-------+------+-------+------+-------+------+-------+------+-------+------+-------+------+-------+
| Clock Region Name | Used | Avail | Used | Avail | Used | Avail | Used | Avail | Used | Avail | Used | Avail | Used | Avail | Used | Avail | Used | Avail | Used | Avail | Used | Avail | Used | Avail | Used | Avail | Used | Avail | Used | Avail |
+-------------------+------+-------+------+-------+------+-------+------+-------+------+-------+------+-------+------+-------+------+-------+------+-------+------+-------+------+-------+------+-------+------+-------+------+-------+------+-------+
| X0Y0              |    4 |    12 |    0 |     0 |    0 |     0 |    0 |     0 |    0 |     0 |    0 |     0 |    0 |     0 |    0 |     0 |    0 |     0 |    0 |     0 | 3489 |  1100 | 1496 |   400 |    0 |    20 |    1 |    10 |    0 |    20 |
| X1Y0              |    5 |    12 |    0 |     4 |    0 |     2 |    0 |     4 |    0 |     1 |    1 |     1 |    0 |     0 |    0 |     0 |    0 |    50 |    1 |    50 | 2718 |  1100 |  919 |   350 |    0 |    40 |    7 |    20 |    0 |    20 |
| X0Y1              |    4 |    12 |    0 |     0 |    0 |     0 |    0 |     0 |    0 |     0 |    0 |     0 |    0 |     0 |    0 |     0 |    0 |     0 |    0 |     0 | 3138 |  1100 | 1367 |   400 |    0 |    20 |    0 |    10 |    0 |    20 |
| X1Y1              |    4 |    12 |    0 |     4 |    0 |     2 |    0 |     4 |    0 |     1 |    0 |     1 |    0 |     0 |    0 |     0 |    0 |    50 |    0 |    50 | 3361 |  1100 | 1149 |   350 |    0 |    40 |    0 |    20 |    0 |    20 |
+-------------------+------+-------+------+-------+------+-------+------+-------+------+-------+------+-------+------+-------+------+-------+------+-------+------+-------+------+-------+------+-------+------+-------+------+-------+------+-------+
* Global Clock column represents track count; while other columns represents cell counts


6. Clock Regions : Global Clock Summary
---------------------------------------

All Modules
+----+----+----+
|    | X0 | X1 |
+----+----+----+
| Y1 |  4 |  4 |
| Y0 |  4 |  5 |
+----+----+----+


7. Device Cell Placement Summary for Global Clock g0
----------------------------------------------------

+-----------+-----------------+-------------------+-------+-------------+---------------+-------------+----------+----------------+----------+------------------------------------------------------------------------------------+
| Global Id | Driver Type/Pin | Driver Region (D) | Clock | Period (ns) | Waveform (ns) | Slice Loads | IO Loads | Clocking Loads | GT Loads | Net                                                                                |
+-----------+-----------------+-------------------+-------+-------------+---------------+-------------+----------+----------------+----------+------------------------------------------------------------------------------------+
| g0        | BUFG/O          | n/a               |       |             |               |        6194 |        1 |              0 |        0 | system_i/d_axi_i2s_audio_0/U0/d_axi_i2s_audio_v2_0_AXI_L_inst/Inst_I2sCtl/LRCK_int |
+-----------+-----------------+-------------------+-------+-------------+---------------+-------------+----------+----------------+----------+------------------------------------------------------------------------------------+
* Logic Loads column represents load cell count of all cell types other than IO, GT and clock resources
** IO Loads column represents load cell count of IO types
*** Clocking Loads column represents load cell count that are clock resources (global clock buffer, MMCM, PLL, etc)
**** GT Loads column represents load cell count of GT types


+----+-------+-------+
|    | X0    | X1    |
+----+-------+-------+
| Y1 |  2994 |  2848 |
| Y0 |   140 |   213 |
+----+-------+-------+


8. Device Cell Placement Summary for Global Clock g1
----------------------------------------------------

+-----------+-----------------+-------------------+------------+-------------+---------------+-------------+----------+----------------+----------+----------------------------------------------+
| Global Id | Driver Type/Pin | Driver Region (D) | Clock      | Period (ns) | Waveform (ns) | Slice Loads | IO Loads | Clocking Loads | GT Loads | Net                                          |
+-----------+-----------------+-------------------+------------+-------------+---------------+-------------+----------+----------------+----------+----------------------------------------------+
| g1        | BUFG/O          | n/a               | clk_fpga_0 |      10.000 | {0.000 5.000} |        5126 |        0 |              1 |        0 | system_i/processing_system7_0/inst/FCLK_CLK0 |
+-----------+-----------------+-------------------+------------+-------------+---------------+-------------+----------+----------------+----------+----------------------------------------------+
* Logic Loads column represents load cell count of all cell types other than IO, GT and clock resources
** IO Loads column represents load cell count of IO types
*** Clocking Loads column represents load cell count that are clock resources (global clock buffer, MMCM, PLL, etc)
**** GT Loads column represents load cell count of GT types


+----+-------+-------+
|    | X0    | X1    |
+----+-------+-------+
| Y1 |    51 |     0 |
| Y0 |  3380 |  1696 |
+----+-------+-------+


9. Device Cell Placement Summary for Global Clock g2
----------------------------------------------------

+-----------+-----------------+-------------------+-------+-------------+---------------+-------------+----------+----------------+----------+-----------------------------------------------------------------------------------+
| Global Id | Driver Type/Pin | Driver Region (D) | Clock | Period (ns) | Waveform (ns) | Slice Loads | IO Loads | Clocking Loads | GT Loads | Net                                                                               |
+-----------+-----------------+-------------------+-------+-------------+---------------+-------------+----------+----------------+----------+-----------------------------------------------------------------------------------+
| g2        | BUFG/O          | n/a               |       |             |               |         875 |        1 |              0 |        0 | system_i/d_axi_i2s_audio_0/U0/d_axi_i2s_audio_v2_0_AXI_L_inst/Inst_I2sCtl/BCK_int |
+-----------+-----------------+-------------------+-------+-------------+---------------+-------------+----------+----------------+----------+-----------------------------------------------------------------------------------+
* Logic Loads column represents load cell count of all cell types other than IO, GT and clock resources
** IO Loads column represents load cell count of IO types
*** Clocking Loads column represents load cell count that are clock resources (global clock buffer, MMCM, PLL, etc)
**** GT Loads column represents load cell count of GT types


+----+------+------+
|    | X0   | X1   |
+----+------+------+
| Y1 |   67 |  341 |
| Y0 |  109 |  359 |
+----+------+------+


10. Device Cell Placement Summary for Global Clock g3
-----------------------------------------------------

+-----------+-----------------+-------------------+---------+-------------+----------------+-------------+----------+----------------+----------+-----------------------------------------------------------------------------------------------+
| Global Id | Driver Type/Pin | Driver Region (D) | Clock   | Period (ns) | Waveform (ns)  | Slice Loads | IO Loads | Clocking Loads | GT Loads | Net                                                                                           |
+-----------+-----------------+-------------------+---------+-------------+----------------+-------------+----------+----------------+----------+-----------------------------------------------------------------------------------------------+
| g3        | BUFG/O          | n/a               | clkout0 |      81.373 | {0.000 40.686} |         801 |        1 |              0 |        0 | system_i/d_axi_i2s_audio_0/U0/d_axi_i2s_audio_v2_0_AXI_L_inst/Inst_I2sCtl/Inst_Dcm/CLK_12_288 |
+-----------+-----------------+-------------------+---------+-------------+----------------+-------------+----------+----------------+----------+-----------------------------------------------------------------------------------------------+
* Logic Loads column represents load cell count of all cell types other than IO, GT and clock resources
** IO Loads column represents load cell count of IO types
*** Clocking Loads column represents load cell count that are clock resources (global clock buffer, MMCM, PLL, etc)
**** GT Loads column represents load cell count of GT types


+----+-----+------+
|    | X0  | X1   |
+----+-----+------+
| Y1 |  35 |  145 |
| Y0 |  61 |  561 |
+----+-----+------+


11. Device Cell Placement Summary for Global Clock g4
-----------------------------------------------------

+-----------+-----------------+-------------------+-------+-------------+---------------+-------------+----------+----------------+----------+------------------------------------------------+
| Global Id | Driver Type/Pin | Driver Region (D) | Clock | Period (ns) | Waveform (ns) | Slice Loads | IO Loads | Clocking Loads | GT Loads | Net                                            |
+-----------+-----------------+-------------------+-------+-------------+---------------+-------------+----------+----------------+----------+------------------------------------------------+
| g4        | BUFG/O          | n/a               |       |             |               |          64 |        0 |              0 |        0 | nolabel_line239/PCM_TX/Clock_Divider/Latch_out |
+-----------+-----------------+-------------------+-------+-------------+---------------+-------------+----------+----------------+----------+------------------------------------------------+
* Logic Loads column represents load cell count of all cell types other than IO, GT and clock resources
** IO Loads column represents load cell count of IO types
*** Clocking Loads column represents load cell count that are clock resources (global clock buffer, MMCM, PLL, etc)
**** GT Loads column represents load cell count of GT types


+----+----+-----+
|    | X0 | X1  |
+----+----+-----+
| Y1 |  0 |  33 |
| Y0 |  0 |  31 |
+----+----+-----+


12. Clock Region Cell Placement per Global Clock: Region X0Y0
-------------------------------------------------------------

+-----------+-------+-----------------+------------+-------------+-----------------+------+--------+------+-----+----+------+-----+---------+-----------------------------------------------------------------------------------------------+
| Global Id | Track | Driver Type/Pin | Constraint | Clock Loads | Non-Clock Loads | FF   | LUTRAM | RAMB | DSP | GT | MMCM | PLL | Hard IP | Net                                                                                           |
+-----------+-------+-----------------+------------+-------------+-----------------+------+--------+------+-----+----+------+-----+---------+-----------------------------------------------------------------------------------------------+
| g0        | n/a   | BUFG/O          | None       |         140 |               0 |  140 |      0 |    0 |   0 |  0 |    0 |   0 |       0 | system_i/d_axi_i2s_audio_0/U0/d_axi_i2s_audio_v2_0_AXI_L_inst/Inst_I2sCtl/LRCK_int            |
| g1        | n/a   | BUFG/O          | None       |        3380 |               0 | 3179 |    200 |    1 |   0 |  0 |    0 |   0 |       0 | system_i/processing_system7_0/inst/FCLK_CLK0                                                  |
| g2        | n/a   | BUFG/O          | None       |         109 |               0 |  109 |      0 |    0 |   0 |  0 |    0 |   0 |       0 | system_i/d_axi_i2s_audio_0/U0/d_axi_i2s_audio_v2_0_AXI_L_inst/Inst_I2sCtl/BCK_int             |
| g3        | n/a   | BUFG/O          | None       |          61 |               0 |   61 |      0 |    0 |   0 |  0 |    0 |   0 |       0 | system_i/d_axi_i2s_audio_0/U0/d_axi_i2s_audio_v2_0_AXI_L_inst/Inst_I2sCtl/Inst_Dcm/CLK_12_288 |
+-----------+-------+-----------------+------------+-------------+-----------------+------+--------+------+-----+----+------+-----+---------+-----------------------------------------------------------------------------------------------+
* Clock Loads column represents the clock pin loads (pin count)
** Non-Clock Loads column represents the non-clock pin loads (pin count)
*** Columns FF, LUTRAM, RAMB through 'Hard IP' represents load cell counts


13. Clock Region Cell Placement per Global Clock: Region X1Y0
-------------------------------------------------------------

+-----------+-------+-----------------+------------+-------------+-----------------+------+--------+------+-----+----+------+-----+---------+-----------------------------------------------------------------------------------------------+
| Global Id | Track | Driver Type/Pin | Constraint | Clock Loads | Non-Clock Loads | FF   | LUTRAM | RAMB | DSP | GT | MMCM | PLL | Hard IP | Net                                                                                           |
+-----------+-------+-----------------+------------+-------------+-----------------+------+--------+------+-----+----+------+-----+---------+-----------------------------------------------------------------------------------------------+
| g0        | n/a   | BUFG/O          | None       |         212 |               1 |  212 |      0 |    0 |   0 |  0 |    0 |   0 |       0 | system_i/d_axi_i2s_audio_0/U0/d_axi_i2s_audio_v2_0_AXI_L_inst/Inst_I2sCtl/LRCK_int            |
| g1        | n/a   | BUFG/O          | None       |        1696 |               0 | 1598 |     89 |    7 |   0 |  0 |    0 |   1 |       0 | system_i/processing_system7_0/inst/FCLK_CLK0                                                  |
| g2        | n/a   | BUFG/O          | None       |         358 |               1 |  358 |      0 |    0 |   0 |  0 |    0 |   0 |       0 | system_i/d_axi_i2s_audio_0/U0/d_axi_i2s_audio_v2_0_AXI_L_inst/Inst_I2sCtl/BCK_int             |
| g3        | n/a   | BUFG/O          | None       |         560 |               1 |  550 |      2 |    6 |   0 |  0 |    0 |   0 |       0 | system_i/d_axi_i2s_audio_0/U0/d_axi_i2s_audio_v2_0_AXI_L_inst/Inst_I2sCtl/Inst_Dcm/CLK_12_288 |
| g4        | n/a   | BUFG/O          | None       |           0 |              31 |   31 |      0 |    0 |   0 |  0 |    0 |   0 |       0 | nolabel_line239/PCM_TX/Clock_Divider/Latch_out                                                |
+-----------+-------+-----------------+------------+-------------+-----------------+------+--------+------+-----+----+------+-----+---------+-----------------------------------------------------------------------------------------------+
* Clock Loads column represents the clock pin loads (pin count)
** Non-Clock Loads column represents the non-clock pin loads (pin count)
*** Columns FF, LUTRAM, RAMB through 'Hard IP' represents load cell counts


14. Clock Region Cell Placement per Global Clock: Region X0Y1
-------------------------------------------------------------

+-----------+-------+-----------------+------------+-------------+-----------------+------+--------+------+-----+----+------+-----+---------+-----------------------------------------------------------------------------------------------+
| Global Id | Track | Driver Type/Pin | Constraint | Clock Loads | Non-Clock Loads | FF   | LUTRAM | RAMB | DSP | GT | MMCM | PLL | Hard IP | Net                                                                                           |
+-----------+-------+-----------------+------------+-------------+-----------------+------+--------+------+-----+----+------+-----+---------+-----------------------------------------------------------------------------------------------+
| g0        | n/a   | BUFG/O          | None       |        2994 |               0 | 2994 |      0 |    0 |   0 |  0 |    0 |   0 |       0 | system_i/d_axi_i2s_audio_0/U0/d_axi_i2s_audio_v2_0_AXI_L_inst/Inst_I2sCtl/LRCK_int            |
| g1        | n/a   | BUFG/O          | None       |          51 |               0 |   42 |      8 |    0 |   0 |  0 |    0 |   0 |       0 | system_i/processing_system7_0/inst/FCLK_CLK0                                                  |
| g2        | n/a   | BUFG/O          | None       |          67 |               0 |   67 |      0 |    0 |   0 |  0 |    0 |   0 |       0 | system_i/d_axi_i2s_audio_0/U0/d_axi_i2s_audio_v2_0_AXI_L_inst/Inst_I2sCtl/BCK_int             |
| g3        | n/a   | BUFG/O          | None       |          35 |               0 |   35 |      0 |    0 |   0 |  0 |    0 |   0 |       0 | system_i/d_axi_i2s_audio_0/U0/d_axi_i2s_audio_v2_0_AXI_L_inst/Inst_I2sCtl/Inst_Dcm/CLK_12_288 |
+-----------+-------+-----------------+------------+-------------+-----------------+------+--------+------+-----+----+------+-----+---------+-----------------------------------------------------------------------------------------------+
* Clock Loads column represents the clock pin loads (pin count)
** Non-Clock Loads column represents the non-clock pin loads (pin count)
*** Columns FF, LUTRAM, RAMB through 'Hard IP' represents load cell counts


15. Clock Region Cell Placement per Global Clock: Region X1Y1
-------------------------------------------------------------

+-----------+-------+-----------------+------------+-------------+-----------------+------+--------+------+-----+----+------+-----+---------+-----------------------------------------------------------------------------------------------+
| Global Id | Track | Driver Type/Pin | Constraint | Clock Loads | Non-Clock Loads | FF   | LUTRAM | RAMB | DSP | GT | MMCM | PLL | Hard IP | Net                                                                                           |
+-----------+-------+-----------------+------------+-------------+-----------------+------+--------+------+-----+----+------+-----+---------+-----------------------------------------------------------------------------------------------+
| g0        | n/a   | BUFG/O          | None       |        2830 |              18 | 2844 |      0 |    0 |   0 |  0 |    0 |   0 |       0 | system_i/d_axi_i2s_audio_0/U0/d_axi_i2s_audio_v2_0_AXI_L_inst/Inst_I2sCtl/LRCK_int            |
| g2        | n/a   | BUFG/O          | None       |         341 |               0 |  339 |      2 |    0 |   0 |  0 |    0 |   0 |       0 | system_i/d_axi_i2s_audio_0/U0/d_axi_i2s_audio_v2_0_AXI_L_inst/Inst_I2sCtl/BCK_int             |
| g3        | n/a   | BUFG/O          | None       |         145 |               0 |  144 |      0 |    0 |   0 |  0 |    0 |   0 |       0 | system_i/d_axi_i2s_audio_0/U0/d_axi_i2s_audio_v2_0_AXI_L_inst/Inst_I2sCtl/Inst_Dcm/CLK_12_288 |
| g4        | n/a   | BUFG/O          | None       |           0 |              33 |   33 |      0 |    0 |   0 |  0 |    0 |   0 |       0 | nolabel_line239/PCM_TX/Clock_Divider/Latch_out                                                |
+-----------+-------+-----------------+------------+-------------+-----------------+------+--------+------+-----+----+------+-----+---------+-----------------------------------------------------------------------------------------------+
* Clock Loads column represents the clock pin loads (pin count)
** Non-Clock Loads column represents the non-clock pin loads (pin count)
*** Columns FF, LUTRAM, RAMB through 'Hard IP' represents load cell counts



# Location of BUFG Primitives 
set_property LOC BUFGCTRL_X0Y1 [get_cells system_i/processing_system7_0/inst/buffer_fclk_clk_0.FCLK_CLK_0_BUFG]
set_property LOC BUFGCTRL_X0Y0 [get_cells system_i/d_axi_i2s_audio_0/U0/d_axi_i2s_audio_v2_0_AXI_L_inst/Inst_I2sCtl/LRCK_buf]
set_property LOC BUFGCTRL_X0Y3 [get_cells system_i/d_axi_i2s_audio_0/U0/d_axi_i2s_audio_v2_0_AXI_L_inst/Inst_I2sCtl/Inst_Dcm/clkout1_buf]
set_property LOC BUFGCTRL_X0Y2 [get_cells system_i/d_axi_i2s_audio_0/U0/d_axi_i2s_audio_v2_0_AXI_L_inst/Inst_I2sCtl/BCK_buf]
set_property LOC BUFGCTRL_X0Y4 [get_cells nolabel_line239/PCM_TX/Clock_Divider/LATCH_BUFF]

# Location of IO Primitives which is load of clock spine
set_property LOC IOB_X0Y40 [get_cells MCK_BF]
set_property LOC IOB_X0Y39 [get_cells LRCK_BF]
set_property LOC IOB_X0Y38 [get_cells BCK_BF]

# Location of clock ports

# Clock net "system_i/processing_system7_0/inst/FCLK_CLK0" driven by instance "system_i/processing_system7_0/inst/buffer_fclk_clk_0.FCLK_CLK_0_BUFG" located at site "BUFGCTRL_X0Y1"
#startgroup
create_pblock {CLKAG_system_i/processing_system7_0/inst/FCLK_CLK0}
add_cells_to_pblock [get_pblocks  {CLKAG_system_i/processing_system7_0/inst/FCLK_CLK0}] [get_cells -filter { PRIMITIVE_GROUP != I/O && IS_PRIMITIVE==1 && PRIMITIVE_LEVEL !=INTERNAL && NAME!=system_i/d_axi_i2s_audio_0/U0/d_axi_i2s_audio_v2_0_AXI_L_inst/Inst_I2sCtl/Inst_Dcm/plle2_adv_inst} -of_object [get_pins -filter {DIRECTION==IN} -of_objects [get_nets -hierarchical -filter {PARENT=="system_i/processing_system7_0/inst/FCLK_CLK0"}]]]
resize_pblock [get_pblocks {CLKAG_system_i/processing_system7_0/inst/FCLK_CLK0}] -add {CLOCKREGION_X0Y0:CLOCKREGION_X0Y0 CLOCKREGION_X0Y1:CLOCKREGION_X0Y1 CLOCKREGION_X1Y0:CLOCKREGION_X1Y0}
#endgroup

# Clock net "system_i/d_axi_i2s_audio_0/U0/d_axi_i2s_audio_v2_0_AXI_L_inst/Inst_I2sCtl/LRCK_int" driven by instance "system_i/d_axi_i2s_audio_0/U0/d_axi_i2s_audio_v2_0_AXI_L_inst/Inst_I2sCtl/LRCK_buf" located at site "BUFGCTRL_X0Y0"
#startgroup
create_pblock {CLKAG_system_i/d_axi_i2s_audio_0/U0/d_axi_i2s_audio_v2_0_AXI_L_inst/Inst_I2sCtl/LRCK_int}
add_cells_to_pblock [get_pblocks  {CLKAG_system_i/d_axi_i2s_audio_0/U0/d_axi_i2s_audio_v2_0_AXI_L_inst/Inst_I2sCtl/LRCK_int}] [get_cells -filter { PRIMITIVE_GROUP != I/O && IS_PRIMITIVE==1 && PRIMITIVE_LEVEL !=INTERNAL && NAME!=LRCK_BF} -of_object [get_pins -filter {DIRECTION==IN} -of_objects [get_nets -hierarchical -filter {PARENT=="system_i/d_axi_i2s_audio_0/U0/d_axi_i2s_audio_v2_0_AXI_L_inst/Inst_I2sCtl/LRCK_int"}]]]
resize_pblock [get_pblocks {CLKAG_system_i/d_axi_i2s_audio_0/U0/d_axi_i2s_audio_v2_0_AXI_L_inst/Inst_I2sCtl/LRCK_int}] -add {CLOCKREGION_X0Y0:CLOCKREGION_X0Y0 CLOCKREGION_X0Y1:CLOCKREGION_X0Y1 CLOCKREGION_X1Y0:CLOCKREGION_X1Y0 CLOCKREGION_X1Y1:CLOCKREGION_X1Y1}
#endgroup

# Clock net "system_i/d_axi_i2s_audio_0/U0/d_axi_i2s_audio_v2_0_AXI_L_inst/Inst_I2sCtl/Inst_Dcm/CLK_12_288" driven by instance "system_i/d_axi_i2s_audio_0/U0/d_axi_i2s_audio_v2_0_AXI_L_inst/Inst_I2sCtl/Inst_Dcm/clkout1_buf" located at site "BUFGCTRL_X0Y3"
#startgroup
create_pblock {CLKAG_system_i/d_axi_i2s_audio_0/U0/d_axi_i2s_audio_v2_0_AXI_L_inst/Inst_I2sCtl/Inst_Dcm/CLK_12_288}
add_cells_to_pblock [get_pblocks  {CLKAG_system_i/d_axi_i2s_audio_0/U0/d_axi_i2s_audio_v2_0_AXI_L_inst/Inst_I2sCtl/Inst_Dcm/CLK_12_288}] [get_cells -filter { PRIMITIVE_GROUP != I/O && IS_PRIMITIVE==1 && PRIMITIVE_LEVEL !=INTERNAL && NAME!=MCK_BF} -of_object [get_pins -filter {DIRECTION==IN} -of_objects [get_nets -hierarchical -filter {PARENT=="system_i/d_axi_i2s_audio_0/U0/d_axi_i2s_audio_v2_0_AXI_L_inst/Inst_I2sCtl/Inst_Dcm/CLK_12_288"}]]]
resize_pblock [get_pblocks {CLKAG_system_i/d_axi_i2s_audio_0/U0/d_axi_i2s_audio_v2_0_AXI_L_inst/Inst_I2sCtl/Inst_Dcm/CLK_12_288}] -add {CLOCKREGION_X0Y0:CLOCKREGION_X0Y0 CLOCKREGION_X0Y1:CLOCKREGION_X0Y1 CLOCKREGION_X1Y0:CLOCKREGION_X1Y0 CLOCKREGION_X1Y1:CLOCKREGION_X1Y1}
#endgroup

# Clock net "system_i/d_axi_i2s_audio_0/U0/d_axi_i2s_audio_v2_0_AXI_L_inst/Inst_I2sCtl/BCK_int" driven by instance "system_i/d_axi_i2s_audio_0/U0/d_axi_i2s_audio_v2_0_AXI_L_inst/Inst_I2sCtl/BCK_buf" located at site "BUFGCTRL_X0Y2"
#startgroup
create_pblock {CLKAG_system_i/d_axi_i2s_audio_0/U0/d_axi_i2s_audio_v2_0_AXI_L_inst/Inst_I2sCtl/BCK_int}
add_cells_to_pblock [get_pblocks  {CLKAG_system_i/d_axi_i2s_audio_0/U0/d_axi_i2s_audio_v2_0_AXI_L_inst/Inst_I2sCtl/BCK_int}] [get_cells -filter { PRIMITIVE_GROUP != I/O && IS_PRIMITIVE==1 && PRIMITIVE_LEVEL !=INTERNAL && NAME!=BCK_BF} -of_object [get_pins -filter {DIRECTION==IN} -of_objects [get_nets -hierarchical -filter {PARENT=="system_i/d_axi_i2s_audio_0/U0/d_axi_i2s_audio_v2_0_AXI_L_inst/Inst_I2sCtl/BCK_int"}]]]
resize_pblock [get_pblocks {CLKAG_system_i/d_axi_i2s_audio_0/U0/d_axi_i2s_audio_v2_0_AXI_L_inst/Inst_I2sCtl/BCK_int}] -add {CLOCKREGION_X0Y0:CLOCKREGION_X0Y0 CLOCKREGION_X0Y1:CLOCKREGION_X0Y1 CLOCKREGION_X1Y0:CLOCKREGION_X1Y0 CLOCKREGION_X1Y1:CLOCKREGION_X1Y1}
#endgroup

# Clock net "nolabel_line239/PCM_TX/Clock_Divider/Latch_out" driven by instance "nolabel_line239/PCM_TX/Clock_Divider/LATCH_BUFF" located at site "BUFGCTRL_X0Y4"
#startgroup
create_pblock {CLKAG_nolabel_line239/PCM_TX/Clock_Divider/Latch_out}
add_cells_to_pblock [get_pblocks  {CLKAG_nolabel_line239/PCM_TX/Clock_Divider/Latch_out}] [get_cells -filter { PRIMITIVE_GROUP != I/O && IS_PRIMITIVE==1 && PRIMITIVE_LEVEL !=INTERNAL } -of_object [get_pins -filter {DIRECTION==IN} -of_objects [get_nets -hierarchical -filter {PARENT=="nolabel_line239/PCM_TX/Clock_Divider/Latch_out"}]]]
resize_pblock [get_pblocks {CLKAG_nolabel_line239/PCM_TX/Clock_Divider/Latch_out}] -add {CLOCKREGION_X1Y0:CLOCKREGION_X1Y0 CLOCKREGION_X1Y1:CLOCKREGION_X1Y1}
#endgroup
