Copyright 1986-2018 Xilinx, Inc. All Rights Reserved.
------------------------------------------------------------------------------------------------------------
| Tool Version : Vivado v.2018.2 (lin64) Build 2258646 Thu Jun 14 20:02:38 MDT 2018
| Date         : Mon Nov 15 22:30:40 2021
| Host         : cameron-xps running 64-bit Ubuntu 18.04.5 LTS
| Command      : report_clock_utilization -file Zynq_Base_Phased_Array_wrapper_clock_utilization_routed.rpt
| Design       : Zynq_Base_Phased_Array_wrapper
| Device       : 7z010-clg400
| Speed File   : -1  PRODUCTION 1.11 2014-09-11
------------------------------------------------------------------------------------------------------------

Clock Utilization Report

Table of Contents
-----------------
1. Clock Primitive Utilization
2. Global Clock Resources
3. Global Clock Source Details
4. Clock Regions: Key Resource Utilization
5. Clock Regions : Global Clock Summary
6. Device Cell Placement Summary for Global Clock g0
7. Device Cell Placement Summary for Global Clock g1
8. Device Cell Placement Summary for Global Clock g2
9. Device Cell Placement Summary for Global Clock g3
10. Device Cell Placement Summary for Global Clock g4
11. Device Cell Placement Summary for Global Clock g5
12. Clock Region Cell Placement per Global Clock: Region X0Y0
13. Clock Region Cell Placement per Global Clock: Region X1Y0
14. Clock Region Cell Placement per Global Clock: Region X0Y1
15. Clock Region Cell Placement per Global Clock: Region X1Y1

1. Clock Primitive Utilization
------------------------------

+----------+------+-----------+-----+--------------+--------+
| Type     | Used | Available | LOC | Clock Region | Pblock |
+----------+------+-----------+-----+--------------+--------+
| BUFGCTRL |    6 |        32 |   0 |            0 |      0 |
| BUFH     |    0 |        48 |   0 |            0 |      0 |
| BUFIO    |    0 |         8 |   0 |            0 |      0 |
| BUFMR    |    0 |         4 |   0 |            0 |      0 |
| BUFR     |    0 |         8 |   0 |            0 |      0 |
| MMCM     |    1 |         2 |   0 |            0 |      0 |
| PLL      |    0 |         2 |   0 |            0 |      0 |
+----------+------+-----------+-----+--------------+--------+


2. Global Clock Resources
-------------------------

+-----------+-----------+-----------------+------------+----------------+--------------+-------------------+-------------+-----------------+--------------+--------------------+----------------------------------------------------------------------------------------+--------------------------------------------------------------+
| Global Id | Source Id | Driver Type/Pin | Constraint | Site           | Clock Region | Load Clock Region | Clock Loads | Non-Clock Loads | Clock Period | Clock              | Driver Pin                                                                             | Net                                                          |
+-----------+-----------+-----------------+------------+----------------+--------------+-------------------+-------------+-----------------+--------------+--------------------+----------------------------------------------------------------------------------------+--------------------------------------------------------------+
| g0        | src0      | BUFG/O          | None       | BUFGCTRL_X0Y0  | n/a          |                 4 |        6176 |               2 |              |                    | Array_DSP_i/PCM_TX/Clock_Divider/LRCK_BUFF/O                                           | Array_DSP_i/PCM_TX/Clock_Divider/LRCK_out                    |
| g1        | src1      | BUFG/O          | None       | BUFGCTRL_X0Y1  | n/a          |                 3 |         923 |               0 |       10.000 | clk_fpga_0         | Zynq_Base_Phased_Array_i/processing_system7_0/inst/buffer_fclk_clk_0.FCLK_CLK_0_BUFG/O | Zynq_Base_Phased_Array_i/processing_system7_0/inst/FCLK_CLK0 |
| g2        | src2      | BUFG/O          | None       | BUFGCTRL_X0Y2  | n/a          |                 4 |         851 |               1 |      325.521 | BCK                | Array_DSP_i/PCM_TX/Clock_Divider/BCK_BUFF/O                                            | Array_DSP_i/PCM_TX/Clock_Divider/BCK_out                     |
| g3        | src3      | BUFG/O          | None       | BUFGCTRL_X0Y16 | n/a          |                 4 |         505 |               1 |       81.380 | clk_out1_clk_wiz_0 | Array_DSP_i/Clock_Wizard/inst/clkout1_buf/O                                            | Array_DSP_i/Clock_Wizard/inst/clk_out1                       |
| g4        | src4      | BUFG/O          | None       | BUFGCTRL_X0Y3  | n/a          |                 3 |          48 |               1 |              |                    | SRL16E_inst_0_i_1__0/O                                                                 | CODEC_Reciever/Latch                                         |
| g5        | src3      | BUFG/O          | None       | BUFGCTRL_X0Y17 | n/a          |                 1 |           1 |               0 |       56.000 | clkfbout_clk_wiz_0 | Array_DSP_i/Clock_Wizard/inst/clkf_buf/O                                               | Array_DSP_i/Clock_Wizard/inst/clkfbout_buf_clk_wiz_0         |
+-----------+-----------+-----------------+------------+----------------+--------------+-------------------+-------------+-----------------+--------------+--------------------+----------------------------------------------------------------------------------------+--------------------------------------------------------------+
* Clock Loads column represents the clock pin loads (pin count)
** Non-Clock Loads column represents the non-clock pin loads (pin count)


3. Global Clock Source Details
------------------------------

+-----------+-----------+---------------------+------------+-----------------+--------------+-------------+-----------------+---------------------+--------------------+------------------------------------------------------------------------+---------------------------------------------------------------------------+
| Source Id | Global Id | Driver Type/Pin     | Constraint | Site            | Clock Region | Clock Loads | Non-Clock Loads | Source Clock Period | Source Clock       | Driver Pin                                                             | Net                                                                       |
+-----------+-----------+---------------------+------------+-----------------+--------------+-------------+-----------------+---------------------+--------------------+------------------------------------------------------------------------+---------------------------------------------------------------------------+
| src0      | g0        | SRLC32E/Q           | None       | SLICE_X24Y47    | X1Y0         |           1 |               1 |                     |                    | Array_DSP_i/PCM_TX/Clock_Divider/DIV_LRCK/SRL16E_inst_6_lopt_merged/Q  | Array_DSP_i/PCM_TX/Clock_Divider/DIV_LRCK/feed_forward_6                  |
| src1      | g1        | PS7/FCLKCLK[0]      | PS7_X0Y0   | PS7_X0Y0        | X0Y1         |           1 |               0 |              10.000 | clk_fpga_0         | Zynq_Base_Phased_Array_i/processing_system7_0/inst/PS7_i/FCLKCLK[0]    | Zynq_Base_Phased_Array_i/processing_system7_0/inst/FCLK_CLK_unbuffered[0] |
| src2      | g2        | SRL16E/Q            | None       | SLICE_X24Y45    | X1Y0         |           1 |               1 |                     |                    | Array_DSP_i/PCM_TX/Clock_Divider/DIV_BCK/SRL16E_inst/Q                 | Array_DSP_i/PCM_TX/Clock_Divider/DIV_BCK/BCK_int                          |
| src3      | g3        | MMCME2_ADV/CLKOUT0  | None       | MMCME2_ADV_X0Y1 | X1Y1         |           1 |               0 |              81.380 | clk_out1_clk_wiz_0 | Array_DSP_i/Clock_Wizard/inst/mmcm_adv_inst/CLKOUT0                    | Array_DSP_i/Clock_Wizard/inst/clk_out1_clk_wiz_0                          |
| src3      | g5        | MMCME2_ADV/CLKFBOUT | None       | MMCME2_ADV_X0Y1 | X1Y1         |           1 |               0 |              56.000 | clkfbout_clk_wiz_0 | Array_DSP_i/Clock_Wizard/inst/mmcm_adv_inst/CLKFBOUT                   | Array_DSP_i/Clock_Wizard/inst/clkfbout_clk_wiz_0                          |
| src4      | g4        | SRLC32E/Q           | None       | SLICE_X24Y46    | X1Y0         |           1 |               0 |                     |                    | Array_DSP_i/CODEC_Reciever/nolabel_line40/SRL16E_inst_14_lopt_merged/Q | Array_DSP_i/CODEC_Reciever/nolabel_line40/feed_forward[14]                |
+-----------+-----------+---------------------+------------+-----------------+--------------+-------------+-----------------+---------------------+--------------------+------------------------------------------------------------------------+---------------------------------------------------------------------------+
* Clock Loads column represents the clock pin loads (pin count)
** Non-Clock Loads column represents the non-clock pin loads (pin count)


4. Clock Regions: Key Resource Utilization
------------------------------------------

+-------------------+--------------+--------------+--------------+--------------+--------------+--------------+--------------+--------------+--------------+--------------+--------------+--------------+--------------+--------------+--------------+
|                   | Global Clock |     BUFRs    |    BUFMRs    |    BUFIOs    |     MMCM     |      PLL     |      GT      |      PCI     |    ILOGIC    |    OLOGIC    |      FF      |     LUTM     |    RAMB18    |    RAMB36    |    DSP48E2   |
+-------------------+------+-------+------+-------+------+-------+------+-------+------+-------+------+-------+------+-------+------+-------+------+-------+------+-------+------+-------+------+-------+------+-------+------+-------+------+-------+
| Clock Region Name | Used | Avail | Used | Avail | Used | Avail | Used | Avail | Used | Avail | Used | Avail | Used | Avail | Used | Avail | Used | Avail | Used | Avail | Used | Avail | Used | Avail | Used | Avail | Used | Avail | Used | Avail |
+-------------------+------+-------+------+-------+------+-------+------+-------+------+-------+------+-------+------+-------+------+-------+------+-------+------+-------+------+-------+------+-------+------+-------+------+-------+------+-------+
| X0Y0              |    4 |    12 |    0 |     0 |    0 |     0 |    0 |     0 |    0 |     0 |    0 |     0 |    0 |     0 |    0 |     0 |    0 |     0 |    0 |     0 |  883 |  1100 |  368 |   400 |    0 |    20 |    0 |    10 |    0 |    20 |
| X1Y0              |    5 |    12 |    0 |     4 |    0 |     2 |    0 |     4 |    0 |     1 |    0 |     1 |    0 |     0 |    0 |     0 |    0 |    50 |    0 |    50 |  443 |  1100 |  142 |   350 |    0 |    40 |    0 |    20 |    0 |    20 |
| X0Y1              |    5 |    12 |    0 |     0 |    0 |     0 |    0 |     0 |    0 |     0 |    0 |     0 |    0 |     0 |    0 |     0 |    0 |     0 |    0 |     0 | 3966 |  1100 | 1804 |   400 |    0 |    20 |    0 |    10 |    0 |    20 |
| X1Y1              |    5 |    12 |    0 |     4 |    0 |     2 |    0 |     4 |    1 |     1 |    0 |     1 |    0 |     0 |    0 |     0 |    0 |    50 |    0 |    50 | 3113 |  1100 | 1168 |   350 |    1 |    40 |    0 |    20 |    0 |    20 |
+-------------------+------+-------+------+-------+------+-------+------+-------+------+-------+------+-------+------+-------+------+-------+------+-------+------+-------+------+-------+------+-------+------+-------+------+-------+------+-------+
* Global Clock column represents track count; while other columns represents cell counts


5. Clock Regions : Global Clock Summary
---------------------------------------

All Modules
+----+----+----+
|    | X0 | X1 |
+----+----+----+
| Y1 |  5 |  5 |
| Y0 |  4 |  5 |
+----+----+----+


6. Device Cell Placement Summary for Global Clock g0
----------------------------------------------------

+-----------+-----------------+-------------------+-------+-------------+---------------+-------------+----------+----------------+----------+-------------------------------------------+
| Global Id | Driver Type/Pin | Driver Region (D) | Clock | Period (ns) | Waveform (ns) | Slice Loads | IO Loads | Clocking Loads | GT Loads | Net                                       |
+-----------+-----------------+-------------------+-------+-------------+---------------+-------------+----------+----------------+----------+-------------------------------------------+
| g0        | BUFG/O          | n/a               |       |             |               |        6177 |        1 |              0 |        0 | Array_DSP_i/PCM_TX/Clock_Divider/LRCK_out |
+-----------+-----------------+-------------------+-------+-------------+---------------+-------------+----------+----------------+----------+-------------------------------------------+
* Logic Loads column represents load cell count of all cell types other than IO, GT and clock resources
** IO Loads column represents load cell count of IO types
*** Clocking Loads column represents load cell count that are clock resources (global clock buffer, MMCM, PLL, etc)
**** GT Loads column represents load cell count of GT types


+----+-------+-------+
|    | X0    | X1    |
+----+-------+-------+
| Y1 |  3702 |  2359 |
| Y0 |    52 |    65 |
+----+-------+-------+


7. Device Cell Placement Summary for Global Clock g1
----------------------------------------------------

+-----------+-----------------+-------------------+------------+-------------+---------------+-------------+----------+----------------+----------+--------------------------------------------------------------+
| Global Id | Driver Type/Pin | Driver Region (D) | Clock      | Period (ns) | Waveform (ns) | Slice Loads | IO Loads | Clocking Loads | GT Loads | Net                                                          |
+-----------+-----------------+-------------------+------------+-------------+---------------+-------------+----------+----------------+----------+--------------------------------------------------------------+
| g1        | BUFG/O          | n/a               | clk_fpga_0 |      10.000 | {0.000 5.000} |         923 |        0 |              0 |        0 | Zynq_Base_Phased_Array_i/processing_system7_0/inst/FCLK_CLK0 |
+-----------+-----------------+-------------------+------------+-------------+---------------+-------------+----------+----------------+----------+--------------------------------------------------------------+
* Logic Loads column represents load cell count of all cell types other than IO, GT and clock resources
** IO Loads column represents load cell count of IO types
*** Clocking Loads column represents load cell count that are clock resources (global clock buffer, MMCM, PLL, etc)
**** GT Loads column represents load cell count of GT types


+----+------+----+
|    | X0   | X1 |
+----+------+----+
| Y1 |   25 |  0 |
| Y0 |  890 |  8 |
+----+------+----+


8. Device Cell Placement Summary for Global Clock g2
----------------------------------------------------

+-----------+-----------------+-------------------+-------+-------------+-----------------+-------------+----------+----------------+----------+------------------------------------------+
| Global Id | Driver Type/Pin | Driver Region (D) | Clock | Period (ns) | Waveform (ns)   | Slice Loads | IO Loads | Clocking Loads | GT Loads | Net                                      |
+-----------+-----------------+-------------------+-------+-------------+-----------------+-------------+----------+----------------+----------+------------------------------------------+
| g2        | BUFG/O          | n/a               | BCK   |     325.521 | {0.000 162.761} |         851 |        1 |              0 |        0 | Array_DSP_i/PCM_TX/Clock_Divider/BCK_out |
+-----------+-----------------+-------------------+-------+-------------+-----------------+-------------+----------+----------------+----------+------------------------------------------+
* Logic Loads column represents load cell count of all cell types other than IO, GT and clock resources
** IO Loads column represents load cell count of IO types
*** Clocking Loads column represents load cell count that are clock resources (global clock buffer, MMCM, PLL, etc)
**** GT Loads column represents load cell count of GT types


+----+------+------+
|    | X0   | X1   |
+----+------+------+
| Y1 |  135 |  433 |
| Y0 |    2 |  282 |
+----+------+------+


9. Device Cell Placement Summary for Global Clock g3
----------------------------------------------------

+-----------+-----------------+-------------------+--------------------+-------------+----------------+-------------+----------+----------------+----------+----------------------------------------+
| Global Id | Driver Type/Pin | Driver Region (D) | Clock              | Period (ns) | Waveform (ns)  | Slice Loads | IO Loads | Clocking Loads | GT Loads | Net                                    |
+-----------+-----------------+-------------------+--------------------+-------------+----------------+-------------+----------+----------------+----------+----------------------------------------+
| g3        | BUFG/O          | n/a               | clk_out1_clk_wiz_0 |      81.380 | {0.000 40.690} |         503 |        1 |              0 |        0 | Array_DSP_i/Clock_Wizard/inst/clk_out1 |
+-----------+-----------------+-------------------+--------------------+-------------+----------------+-------------+----------+----------------+----------+----------------------------------------+
* Logic Loads column represents load cell count of all cell types other than IO, GT and clock resources
** IO Loads column represents load cell count of IO types
*** Clocking Loads column represents load cell count that are clock resources (global clock buffer, MMCM, PLL, etc)
**** GT Loads column represents load cell count of GT types


+----+-----+------+
|    | X0  | X1   |
+----+-----+------+
| Y1 |  89 |  310 |
| Y0 |   1 |  104 |
+----+-----+------+


10. Device Cell Placement Summary for Global Clock g4
-----------------------------------------------------

+-----------+-----------------+-------------------+-------+-------------+---------------+-------------+----------+----------------+----------+----------------------+
| Global Id | Driver Type/Pin | Driver Region (D) | Clock | Period (ns) | Waveform (ns) | Slice Loads | IO Loads | Clocking Loads | GT Loads | Net                  |
+-----------+-----------------+-------------------+-------+-------------+---------------+-------------+----------+----------------+----------+----------------------+
| g4        | BUFG/O          | n/a               |       |             |               |          49 |        0 |              0 |        0 | CODEC_Reciever/Latch |
+-----------+-----------------+-------------------+-------+-------------+---------------+-------------+----------+----------------+----------+----------------------+
* Logic Loads column represents load cell count of all cell types other than IO, GT and clock resources
** IO Loads column represents load cell count of IO types
*** Clocking Loads column represents load cell count that are clock resources (global clock buffer, MMCM, PLL, etc)
**** GT Loads column represents load cell count of GT types


+----+-----+-----+
|    | X0  | X1  |
+----+-----+-----+
| Y1 |  17 |  31 |
| Y0 |   0 |   1 |
+----+-----+-----+


11. Device Cell Placement Summary for Global Clock g5
-----------------------------------------------------

+-----------+-----------------+-------------------+--------------------+-------------+----------------+-------------+----------+----------------+----------+------------------------------------------------------+
| Global Id | Driver Type/Pin | Driver Region (D) | Clock              | Period (ns) | Waveform (ns)  | Slice Loads | IO Loads | Clocking Loads | GT Loads | Net                                                  |
+-----------+-----------------+-------------------+--------------------+-------------+----------------+-------------+----------+----------------+----------+------------------------------------------------------+
| g5        | BUFG/O          | n/a               | clkfbout_clk_wiz_0 |      56.000 | {0.000 28.000} |           0 |        0 |              1 |        0 | Array_DSP_i/Clock_Wizard/inst/clkfbout_buf_clk_wiz_0 |
+-----------+-----------------+-------------------+--------------------+-------------+----------------+-------------+----------+----------------+----------+------------------------------------------------------+
* Logic Loads column represents load cell count of all cell types other than IO, GT and clock resources
** IO Loads column represents load cell count of IO types
*** Clocking Loads column represents load cell count that are clock resources (global clock buffer, MMCM, PLL, etc)
**** GT Loads column represents load cell count of GT types


+----+----+----+
|    | X0 | X1 |
+----+----+----+
| Y1 |  0 |  1 |
| Y0 |  0 |  0 |
+----+----+----+


12. Clock Region Cell Placement per Global Clock: Region X0Y0
-------------------------------------------------------------

+-----------+-------+-----------------+------------+-------------+-----------------+-----+--------+------+-----+----+------+-----+---------+--------------------------------------------------------------+
| Global Id | Track | Driver Type/Pin | Constraint | Clock Loads | Non-Clock Loads | FF  | LUTRAM | RAMB | DSP | GT | MMCM | PLL | Hard IP | Net                                                          |
+-----------+-------+-----------------+------------+-------------+-----------------+-----+--------+------+-----+----+------+-----+---------+--------------------------------------------------------------+
| g0        | n/a   | BUFG/O          | None       |          52 |               0 |  52 |      0 |    0 |   0 |  0 |    0 |   0 |       0 | Array_DSP_i/PCM_TX/Clock_Divider/LRCK_out                    |
| g1        | n/a   | BUFG/O          | None       |         890 |               0 | 828 |     62 |    0 |   0 |  0 |    0 |   0 |       0 | Zynq_Base_Phased_Array_i/processing_system7_0/inst/FCLK_CLK0 |
| g2        | n/a   | BUFG/O          | None       |           2 |               0 |   2 |      0 |    0 |   0 |  0 |    0 |   0 |       0 | Array_DSP_i/PCM_TX/Clock_Divider/BCK_out                     |
| g3        | n/a   | BUFG/O          | None       |           1 |               0 |   1 |      0 |    0 |   0 |  0 |    0 |   0 |       0 | Array_DSP_i/Clock_Wizard/inst/clk_out1                       |
+-----------+-------+-----------------+------------+-------------+-----------------+-----+--------+------+-----+----+------+-----+---------+--------------------------------------------------------------+
* Clock Loads column represents the clock pin loads (pin count)
** Non-Clock Loads column represents the non-clock pin loads (pin count)
*** Columns FF, LUTRAM, RAMB through 'Hard IP' represents load cell counts


13. Clock Region Cell Placement per Global Clock: Region X1Y0
-------------------------------------------------------------

+-----------+-------+-----------------+------------+-------------+-----------------+-----+--------+------+-----+----+------+-----+---------+--------------------------------------------------------------+
| Global Id | Track | Driver Type/Pin | Constraint | Clock Loads | Non-Clock Loads | FF  | LUTRAM | RAMB | DSP | GT | MMCM | PLL | Hard IP | Net                                                          |
+-----------+-------+-----------------+------------+-------------+-----------------+-----+--------+------+-----+----+------+-----+---------+--------------------------------------------------------------+
| g0        | n/a   | BUFG/O          | None       |          64 |               1 |  64 |      0 |    0 |   0 |  0 |    0 |   0 |       0 | Array_DSP_i/PCM_TX/Clock_Divider/LRCK_out                    |
| g1        | n/a   | BUFG/O          | None       |           8 |               0 |   8 |      0 |    0 |   0 |  0 |    0 |   0 |       0 | Zynq_Base_Phased_Array_i/processing_system7_0/inst/FCLK_CLK0 |
| g2        | n/a   | BUFG/O          | None       |         281 |               1 | 281 |      0 |    0 |   0 |  0 |    0 |   0 |       0 | Array_DSP_i/PCM_TX/Clock_Divider/BCK_out                     |
| g3        | n/a   | BUFG/O          | None       |         103 |               1 |  90 |     13 |    0 |   0 |  0 |    0 |   0 |       0 | Array_DSP_i/Clock_Wizard/inst/clk_out1                       |
| g4        | n/a   | BUFG/O          | None       |           0 |               1 |   0 |      1 |    0 |   0 |  0 |    0 |   0 |       0 | CODEC_Reciever/Latch                                         |
+-----------+-------+-----------------+------------+-------------+-----------------+-----+--------+------+-----+----+------+-----+---------+--------------------------------------------------------------+
* Clock Loads column represents the clock pin loads (pin count)
** Non-Clock Loads column represents the non-clock pin loads (pin count)
*** Columns FF, LUTRAM, RAMB through 'Hard IP' represents load cell counts


14. Clock Region Cell Placement per Global Clock: Region X0Y1
-------------------------------------------------------------

+-----------+-------+-----------------+------------+-------------+-----------------+------+--------+------+-----+----+------+-----+---------+--------------------------------------------------------------+
| Global Id | Track | Driver Type/Pin | Constraint | Clock Loads | Non-Clock Loads | FF   | LUTRAM | RAMB | DSP | GT | MMCM | PLL | Hard IP | Net                                                          |
+-----------+-------+-----------------+------------+-------------+-----------------+------+--------+------+-----+----+------+-----+---------+--------------------------------------------------------------+
| g0        | n/a   | BUFG/O          | None       |        3702 |               0 | 3702 |      0 |    0 |   0 |  0 |    0 |   0 |       0 | Array_DSP_i/PCM_TX/Clock_Divider/LRCK_out                    |
| g1        | n/a   | BUFG/O          | None       |          25 |               0 |   24 |      0 |    0 |   0 |  0 |    0 |   0 |       0 | Zynq_Base_Phased_Array_i/processing_system7_0/inst/FCLK_CLK0 |
| g2        | n/a   | BUFG/O          | None       |         135 |               0 |  134 |      1 |    0 |   0 |  0 |    0 |   0 |       0 | Array_DSP_i/PCM_TX/Clock_Divider/BCK_out                     |
| g3        | n/a   | BUFG/O          | None       |          89 |               0 |   89 |      0 |    0 |   0 |  0 |    0 |   0 |       0 | Array_DSP_i/Clock_Wizard/inst/clk_out1                       |
| g4        | n/a   | BUFG/O          | None       |          17 |               0 |   17 |      0 |    0 |   0 |  0 |    0 |   0 |       0 | CODEC_Reciever/Latch                                         |
+-----------+-------+-----------------+------------+-------------+-----------------+------+--------+------+-----+----+------+-----+---------+--------------------------------------------------------------+
* Clock Loads column represents the clock pin loads (pin count)
** Non-Clock Loads column represents the non-clock pin loads (pin count)
*** Columns FF, LUTRAM, RAMB through 'Hard IP' represents load cell counts


15. Clock Region Cell Placement per Global Clock: Region X1Y1
-------------------------------------------------------------

+-----------+-------+-----------------+------------+-------------+-----------------+------+--------+------+-----+----+------+-----+---------+------------------------------------------------------+
| Global Id | Track | Driver Type/Pin | Constraint | Clock Loads | Non-Clock Loads | FF   | LUTRAM | RAMB | DSP | GT | MMCM | PLL | Hard IP | Net                                                  |
+-----------+-------+-----------------+------------+-------------+-----------------+------+--------+------+-----+----+------+-----+---------+------------------------------------------------------+
| g0        | n/a   | BUFG/O          | None       |        2358 |               1 | 2358 |      0 |    0 |   0 |  0 |    0 |   0 |       0 | Array_DSP_i/PCM_TX/Clock_Divider/LRCK_out            |
| g2        | n/a   | BUFG/O          | None       |         433 |               0 |  424 |      9 |    0 |   0 |  0 |    0 |   0 |       0 | Array_DSP_i/PCM_TX/Clock_Divider/BCK_out             |
| g3        | n/a   | BUFG/O          | None       |         310 |               0 |  300 |      8 |    1 |   0 |  0 |    0 |   0 |       0 | Array_DSP_i/Clock_Wizard/inst/clk_out1               |
| g4        | n/a   | BUFG/O          | None       |          31 |               0 |   31 |      0 |    0 |   0 |  0 |    0 |   0 |       0 | CODEC_Reciever/Latch                                 |
| g5        | n/a   | BUFG/O          | None       |           1 |               0 |    0 |      0 |    0 |   0 |  0 |    1 |   0 |       0 | Array_DSP_i/Clock_Wizard/inst/clkfbout_buf_clk_wiz_0 |
+-----------+-------+-----------------+------------+-------------+-----------------+------+--------+------+-----+----+------+-----+---------+------------------------------------------------------+
* Clock Loads column represents the clock pin loads (pin count)
** Non-Clock Loads column represents the non-clock pin loads (pin count)
*** Columns FF, LUTRAM, RAMB through 'Hard IP' represents load cell counts



# Location of BUFG Primitives 
set_property LOC BUFGCTRL_X0Y1 [get_cells Zynq_Base_Phased_Array_i/processing_system7_0/inst/buffer_fclk_clk_0.FCLK_CLK_0_BUFG]
set_property LOC BUFGCTRL_X0Y3 [get_cells SRL16E_inst_0_i_1__0]
set_property LOC BUFGCTRL_X0Y0 [get_cells Array_DSP_i/PCM_TX/Clock_Divider/LRCK_BUFF]
set_property LOC BUFGCTRL_X0Y2 [get_cells Array_DSP_i/PCM_TX/Clock_Divider/BCK_BUFF]
set_property LOC BUFGCTRL_X0Y17 [get_cells Array_DSP_i/Clock_Wizard/inst/clkf_buf]
set_property LOC BUFGCTRL_X0Y16 [get_cells Array_DSP_i/Clock_Wizard/inst/clkout1_buf]

# Location of IO Primitives which is load of clock spine
set_property LOC IOB_X0Y40 [get_cells Array_DSP_i/MCK_buff]
set_property LOC IOB_X0Y39 [get_cells Array_DSP_i/LRCK_buff]
set_property LOC IOB_X0Y38 [get_cells Array_DSP_i/BCK_buff]

# Location of clock ports
set_property LOC IOB_X0Y76 [get_ports SCK]

# Clock net "Zynq_Base_Phased_Array_i/processing_system7_0/inst/FCLK_CLK0" driven by instance "Zynq_Base_Phased_Array_i/processing_system7_0/inst/buffer_fclk_clk_0.FCLK_CLK_0_BUFG" located at site "BUFGCTRL_X0Y1"
#startgroup
create_pblock {CLKAG_Zynq_Base_Phased_Array_i/processing_system7_0/inst/FCLK_CLK0}
add_cells_to_pblock [get_pblocks  {CLKAG_Zynq_Base_Phased_Array_i/processing_system7_0/inst/FCLK_CLK0}] [get_cells -filter { PRIMITIVE_GROUP != I/O && IS_PRIMITIVE==1 && PRIMITIVE_LEVEL !=INTERNAL } -of_object [get_pins -filter {DIRECTION==IN} -of_objects [get_nets -hierarchical -filter {PARENT=="Zynq_Base_Phased_Array_i/processing_system7_0/inst/FCLK_CLK0"}]]]
resize_pblock [get_pblocks {CLKAG_Zynq_Base_Phased_Array_i/processing_system7_0/inst/FCLK_CLK0}] -add {CLOCKREGION_X0Y0:CLOCKREGION_X0Y0 CLOCKREGION_X0Y1:CLOCKREGION_X0Y1 CLOCKREGION_X1Y0:CLOCKREGION_X1Y0}
#endgroup

# Clock net "CODEC_Reciever/Latch" driven by instance "SRL16E_inst_0_i_1__0" located at site "BUFGCTRL_X0Y3"
#startgroup
create_pblock {CLKAG_CODEC_Reciever/Latch}
add_cells_to_pblock [get_pblocks  {CLKAG_CODEC_Reciever/Latch}] [get_cells -filter { PRIMITIVE_GROUP != I/O && IS_PRIMITIVE==1 && PRIMITIVE_LEVEL !=INTERNAL } -of_object [get_pins -filter {DIRECTION==IN} -of_objects [get_nets -hierarchical -filter {PARENT=="CODEC_Reciever/Latch"}]]]
resize_pblock [get_pblocks {CLKAG_CODEC_Reciever/Latch}] -add {CLOCKREGION_X0Y1:CLOCKREGION_X0Y1 CLOCKREGION_X1Y0:CLOCKREGION_X1Y0 CLOCKREGION_X1Y1:CLOCKREGION_X1Y1}
#endgroup

# Clock net "Array_DSP_i/PCM_TX/Clock_Divider/LRCK_out" driven by instance "Array_DSP_i/PCM_TX/Clock_Divider/LRCK_BUFF" located at site "BUFGCTRL_X0Y0"
#startgroup
create_pblock {CLKAG_Array_DSP_i/PCM_TX/Clock_Divider/LRCK_out}
add_cells_to_pblock [get_pblocks  {CLKAG_Array_DSP_i/PCM_TX/Clock_Divider/LRCK_out}] [get_cells -filter { PRIMITIVE_GROUP != I/O && IS_PRIMITIVE==1 && PRIMITIVE_LEVEL !=INTERNAL && NAME!=Array_DSP_i/LRCK_buff} -of_object [get_pins -filter {DIRECTION==IN} -of_objects [get_nets -hierarchical -filter {PARENT=="Array_DSP_i/PCM_TX/Clock_Divider/LRCK_out"}]]]
resize_pblock [get_pblocks {CLKAG_Array_DSP_i/PCM_TX/Clock_Divider/LRCK_out}] -add {CLOCKREGION_X0Y0:CLOCKREGION_X0Y0 CLOCKREGION_X0Y1:CLOCKREGION_X0Y1 CLOCKREGION_X1Y0:CLOCKREGION_X1Y0 CLOCKREGION_X1Y1:CLOCKREGION_X1Y1}
#endgroup

# Clock net "Array_DSP_i/PCM_TX/Clock_Divider/BCK_out" driven by instance "Array_DSP_i/PCM_TX/Clock_Divider/BCK_BUFF" located at site "BUFGCTRL_X0Y2"
#startgroup
create_pblock {CLKAG_Array_DSP_i/PCM_TX/Clock_Divider/BCK_out}
add_cells_to_pblock [get_pblocks  {CLKAG_Array_DSP_i/PCM_TX/Clock_Divider/BCK_out}] [get_cells -filter { PRIMITIVE_GROUP != I/O && IS_PRIMITIVE==1 && PRIMITIVE_LEVEL !=INTERNAL && NAME!=Array_DSP_i/BCK_buff} -of_object [get_pins -filter {DIRECTION==IN} -of_objects [get_nets -hierarchical -filter {PARENT=="Array_DSP_i/PCM_TX/Clock_Divider/BCK_out"}]]]
resize_pblock [get_pblocks {CLKAG_Array_DSP_i/PCM_TX/Clock_Divider/BCK_out}] -add {CLOCKREGION_X0Y0:CLOCKREGION_X0Y0 CLOCKREGION_X0Y1:CLOCKREGION_X0Y1 CLOCKREGION_X1Y0:CLOCKREGION_X1Y0 CLOCKREGION_X1Y1:CLOCKREGION_X1Y1}
#endgroup

# Clock net "Array_DSP_i/Clock_Wizard/inst/clk_out1" driven by instance "Array_DSP_i/Clock_Wizard/inst/clkout1_buf" located at site "BUFGCTRL_X0Y16"
#startgroup
create_pblock {CLKAG_Array_DSP_i/Clock_Wizard/inst/clk_out1}
add_cells_to_pblock [get_pblocks  {CLKAG_Array_DSP_i/Clock_Wizard/inst/clk_out1}] [get_cells -filter { PRIMITIVE_GROUP != I/O && IS_PRIMITIVE==1 && PRIMITIVE_LEVEL !=INTERNAL && NAME!=Array_DSP_i/MCK_buff} -of_object [get_pins -filter {DIRECTION==IN} -of_objects [get_nets -hierarchical -filter {PARENT=="Array_DSP_i/Clock_Wizard/inst/clk_out1"}]]]
resize_pblock [get_pblocks {CLKAG_Array_DSP_i/Clock_Wizard/inst/clk_out1}] -add {CLOCKREGION_X0Y0:CLOCKREGION_X0Y0 CLOCKREGION_X0Y1:CLOCKREGION_X0Y1 CLOCKREGION_X1Y0:CLOCKREGION_X1Y0 CLOCKREGION_X1Y1:CLOCKREGION_X1Y1}
#endgroup
