Copyright 1986-2017 Xilinx, Inc. All Rights Reserved.
----------------------------------------------------------------------------------------------------
| Tool Version : Vivado v.2017.2 (lin64) Build 1909853 Thu Jun 15 18:39:10 MDT 2017
| Date         : Thu Dec  2 10:11:07 2021
| Host         : cameron-xps running 64-bit Ubuntu 18.04.5 LTS
| Command      : report_clock_utilization -file Zynq_I2C_CODEC_wrapper_clock_utilization_routed.rpt
| Design       : Zynq_I2C_CODEC_wrapper
| Device       : 7z010-clg400
| Speed File   : -1  PRODUCTION 1.11 2014-09-11
----------------------------------------------------------------------------------------------------

Clock Utilization Report

Table of Contents
-----------------
1. Clock Primitive Utilization
2. Global Clock Resources
3. Global Clock Source Details
4. Clock Regions: Key Resource Utilization
5. Clock Regions : Global Clock Summary
6. Device Cell Placement Summary for Global Clock g0
7. Device Cell Placement Summary for Global Clock g1
8. Device Cell Placement Summary for Global Clock g2
9. Device Cell Placement Summary for Global Clock g3
10. Device Cell Placement Summary for Global Clock g4
11. Device Cell Placement Summary for Global Clock g5
12. Clock Region Cell Placement per Global Clock: Region X0Y0
13. Clock Region Cell Placement per Global Clock: Region X1Y0
14. Clock Region Cell Placement per Global Clock: Region X0Y1
15. Clock Region Cell Placement per Global Clock: Region X1Y1

1. Clock Primitive Utilization
------------------------------

+----------+------+-----------+-----+--------------+--------+
| Type     | Used | Available | LOC | Clock Region | Pblock |
+----------+------+-----------+-----+--------------+--------+
| BUFGCTRL |    6 |        32 |   0 |            0 |      0 |
| BUFH     |    0 |        48 |   0 |            0 |      0 |
| BUFIO    |    0 |         8 |   0 |            0 |      0 |
| BUFMR    |    0 |         4 |   0 |            0 |      0 |
| BUFR     |    0 |         8 |   0 |            0 |      0 |
| MMCM     |    1 |         2 |   0 |            0 |      0 |
| PLL      |    0 |         2 |   0 |            0 |      0 |
+----------+------+-----------+-----+--------------+--------+


2. Global Clock Resources
-------------------------

+-----------+-----------+-----------------+------------+----------------+--------------+-------------------+-------------+-----------------+--------------+--------------------+--------------------------------------------------------------------------------+------------------------------------------------------+
| Global Id | Source Id | Driver Type/Pin | Constraint | Site           | Clock Region | Load Clock Region | Clock Loads | Non-Clock Loads | Clock Period | Clock              | Driver Pin                                                                     | Net                                                  |
+-----------+-----------+-----------------+------------+----------------+--------------+-------------------+-------------+-----------------+--------------+--------------------+--------------------------------------------------------------------------------+------------------------------------------------------+
| g0        | src0      | BUFG/O          | None       | BUFGCTRL_X0Y0  | n/a          |                 4 |        6176 |               4 |              |                    | Array_DSP_i/PCM_TX/Clock_Divider/LRCK_BUFF/O                                   | Array_DSP_i/PCM_TX/Clock_Divider/LRCK_out            |
| g1        | src1      | BUFG/O          | None       | BUFGCTRL_X0Y1  | n/a          |                 2 |         984 |               0 |       10.000 | clk_fpga_0         | Zynq_I2C_CODEC_i/processing_system7_0/inst/buffer_fclk_clk_0.FCLK_CLK_0_BUFG/O | Zynq_I2C_CODEC_i/processing_system7_0/inst/FCLK_CLK0 |
| g2        | src2      | BUFG/O          | None       | BUFGCTRL_X0Y2  | n/a          |                 4 |         851 |               2 |              |                    | Array_DSP_i/PCM_TX/Clock_Divider/BCK_BUFF/O                                    | Array_DSP_i/PCM_TX/Clock_Divider/BCK_out             |
| g3        | src3      | BUFG/O          | None       | BUFGCTRL_X0Y16 | n/a          |                 3 |         525 |               3 |       81.380 | clk_out1_clk_wiz_0 | Array_DSP_i/Clock_Wizard/inst/clkout1_buf/O                                    | Array_DSP_i/Clock_Wizard/inst/clk_out1               |
| g4        | src4      | BUFG/O          | None       | BUFGCTRL_X0Y3  | n/a          |                 2 |          48 |               1 |              |                    | SRL16E_inst_0_i_1__0/O                                                         | CODEC_Reciever/Latch                                 |
| g5        | src3      | BUFG/O          | None       | BUFGCTRL_X0Y17 | n/a          |                 1 |           1 |               0 |       56.000 | clkfbout_clk_wiz_0 | Array_DSP_i/Clock_Wizard/inst/clkf_buf/O                                       | Array_DSP_i/Clock_Wizard/inst/clkfbout_buf_clk_wiz_0 |
+-----------+-----------+-----------------+------------+----------------+--------------+-------------------+-------------+-----------------+--------------+--------------------+--------------------------------------------------------------------------------+------------------------------------------------------+
* Clock Loads column represents the clock pin loads (pin count)
** Non-Clock Loads column represents the non-clock pin loads (pin count)


3. Global Clock Source Details
------------------------------

+-----------+-----------+---------------------+------------+-----------------+--------------+-------------+-----------------+---------------------+--------------------+-------------------------------------------------------------+-------------------------------------------------------------------+
| Source Id | Global Id | Driver Type/Pin     | Constraint | Site            | Clock Region | Clock Loads | Non-Clock Loads | Source Clock Period | Source Clock       | Driver Pin                                                  | Net                                                               |
+-----------+-----------+---------------------+------------+-----------------+--------------+-------------+-----------------+---------------------+--------------------+-------------------------------------------------------------+-------------------------------------------------------------------+
| src0      | g0        | SRL16E/Q            | None       | SLICE_X34Y46    | X1Y0         |           1 |               1 |                     |                    | Array_DSP_i/PCM_TX/Clock_Divider/DIV_LRCK/SRL16E_inst_7/Q   | Array_DSP_i/PCM_TX/Clock_Divider/DIV_LRCK/LRCK_int                |
| src1      | g1        | PS7/FCLKCLK[0]      | PS7_X0Y0   | PS7_X0Y0        | X0Y1         |           1 |               0 |              10.000 | clk_fpga_0         | Zynq_I2C_CODEC_i/processing_system7_0/inst/PS7_i/FCLKCLK[0] | Zynq_I2C_CODEC_i/processing_system7_0/inst/FCLK_CLK_unbuffered[0] |
| src2      | g2        | SRL16E/Q            | None       | SLICE_X30Y47    | X1Y0         |           1 |               1 |                     |                    | Array_DSP_i/PCM_TX/Clock_Divider/DIV_BCK/SRL16E_inst/Q      | Array_DSP_i/PCM_TX/Clock_Divider/DIV_BCK/BCK_int                  |
| src3      | g3        | MMCME2_ADV/CLKOUT0  | None       | MMCME2_ADV_X0Y1 | X1Y1         |           1 |               0 |              81.380 | clk_out1_clk_wiz_0 | Array_DSP_i/Clock_Wizard/inst/mmcm_adv_inst/CLKOUT0         | Array_DSP_i/Clock_Wizard/inst/clk_out1_clk_wiz_0                  |
| src3      | g5        | MMCME2_ADV/CLKFBOUT | None       | MMCME2_ADV_X0Y1 | X1Y1         |           1 |               0 |              56.000 | clkfbout_clk_wiz_0 | Array_DSP_i/Clock_Wizard/inst/mmcm_adv_inst/CLKFBOUT        | Array_DSP_i/Clock_Wizard/inst/clkfbout_clk_wiz_0                  |
| src4      | g4        | SRL16E/Q            | None       | SLICE_X34Y47    | X1Y0         |           1 |               0 |                     |                    | Array_DSP_i/CODEC_Reciever/nolabel_line40/SRL16E_inst_15/Q  | Array_DSP_i/CODEC_Reciever/nolabel_line40/CLK_out                 |
+-----------+-----------+---------------------+------------+-----------------+--------------+-------------+-----------------+---------------------+--------------------+-------------------------------------------------------------+-------------------------------------------------------------------+
* Clock Loads column represents the clock pin loads (pin count)
** Non-Clock Loads column represents the non-clock pin loads (pin count)


4. Clock Regions: Key Resource Utilization
------------------------------------------

+-------------------+--------------+--------------+--------------+--------------+--------------+--------------+--------------+--------------+--------------+--------------+--------------+--------------+--------------+--------------+--------------+
|                   | Global Clock |     BUFRs    |    BUFMRs    |    BUFIOs    |     MMCM     |      PLL     |      GT      |      PCI     |    ILOGIC    |    OLOGIC    |      FF      |     LUTM     |    RAMB18    |    RAMB36    |    DSP48E2   |
+-------------------+------+-------+------+-------+------+-------+------+-------+------+-------+------+-------+------+-------+------+-------+------+-------+------+-------+------+-------+------+-------+------+-------+------+-------+------+-------+
| Clock Region Name | Used | Avail | Used | Avail | Used | Avail | Used | Avail | Used | Avail | Used | Avail | Used | Avail | Used | Avail | Used | Avail | Used | Avail | Used | Avail | Used | Avail | Used | Avail | Used | Avail | Used | Avail |
+-------------------+------+-------+------+-------+------+-------+------+-------+------+-------+------+-------+------+-------+------+-------+------+-------+------+-------+------+-------+------+-------+------+-------+------+-------+------+-------+
| X0Y0              |    5 |    12 |    0 |     0 |    0 |     0 |    0 |     0 |    0 |     0 |    0 |     0 |    0 |     0 |    0 |     0 |    0 |     0 |    0 |     0 | 4099 |  1100 | 1763 |   400 |    0 |    20 |    0 |    10 |    0 |    20 |
| X1Y0              |    4 |    12 |    0 |     4 |    0 |     2 |    0 |     4 |    0 |     1 |    0 |     1 |    0 |     0 |    0 |     0 |    0 |    50 |    0 |    50 | 3340 |  1100 | 1190 |   350 |    1 |    40 |    0 |    20 |    0 |    20 |
| X0Y1              |    3 |    12 |    0 |     0 |    0 |     0 |    0 |     0 |    0 |     0 |    0 |     0 |    0 |     0 |    0 |     0 |    0 |     0 |    0 |     0 |  255 |  1100 |  105 |   400 |    0 |    20 |    0 |    10 |    0 |    20 |
| X1Y1              |    4 |    12 |    0 |     4 |    0 |     2 |    0 |     4 |    1 |     1 |    0 |     1 |    0 |     0 |    0 |     0 |    0 |    50 |    0 |    50 |  750 |  1100 |  235 |   350 |    0 |    40 |    0 |    20 |    0 |    20 |
+-------------------+------+-------+------+-------+------+-------+------+-------+------+-------+------+-------+------+-------+------+-------+------+-------+------+-------+------+-------+------+-------+------+-------+------+-------+------+-------+
* Global Clock column represents track count; while other columns represents cell counts


5. Clock Regions : Global Clock Summary
---------------------------------------

+----+----+----+
|    | X0 | X1 |
+----+----+----+
| Y1 |  3 |  4 |
| Y0 |  5 |  4 |
+----+----+----+


6. Device Cell Placement Summary for Global Clock g0
----------------------------------------------------

+-----------+-----------------+-------------------+-------+-------------+---------------+-------------+----------+----------------+----------+-------------------------------------------+
| Global Id | Driver Type/Pin | Driver Region (D) | Clock | Period (ns) | Waveform (ns) | Slice Loads | IO Loads | Clocking Loads | GT Loads | Net                                       |
+-----------+-----------------+-------------------+-------+-------------+---------------+-------------+----------+----------------+----------+-------------------------------------------+
| g0        | BUFG/O          | n/a               |       |             |               |        6177 |        3 |              0 |        0 | Array_DSP_i/PCM_TX/Clock_Divider/LRCK_out |
+-----------+-----------------+-------------------+-------+-------------+---------------+-------------+----------+----------------+----------+-------------------------------------------+
* Logic Loads column represents load cell count of all cell types other than IO, GT and clock resources
** IO Loads column represents load cell count of IO types
*** Clocking Loads column represents load cell count that are clock resources (global clock buffer, MMCM, PLL, etc)
**** GT Loads column represents load cell count of GT types


+----+-------+-------+
|    | X0    | X1    |
+----+-------+-------+
| Y1 |    22 |   350 |
| Y0 |  3300 |  2508 |
+----+-------+-------+


7. Device Cell Placement Summary for Global Clock g1
----------------------------------------------------

+-----------+-----------------+-------------------+------------+-------------+---------------+-------------+----------+----------------+----------+------------------------------------------------------+
| Global Id | Driver Type/Pin | Driver Region (D) | Clock      | Period (ns) | Waveform (ns) | Slice Loads | IO Loads | Clocking Loads | GT Loads | Net                                                  |
+-----------+-----------------+-------------------+------------+-------------+---------------+-------------+----------+----------------+----------+------------------------------------------------------+
| g1        | BUFG/O          | n/a               | clk_fpga_0 |      10.000 | {0.000 5.000} |         984 |        0 |              0 |        0 | Zynq_I2C_CODEC_i/processing_system7_0/inst/FCLK_CLK0 |
+-----------+-----------------+-------------------+------------+-------------+---------------+-------------+----------+----------------+----------+------------------------------------------------------+
* Logic Loads column represents load cell count of all cell types other than IO, GT and clock resources
** IO Loads column represents load cell count of IO types
*** Clocking Loads column represents load cell count that are clock resources (global clock buffer, MMCM, PLL, etc)
**** GT Loads column represents load cell count of GT types


+----+------+----+
|    | X0   | X1 |
+----+------+----+
| Y1 |  250 |  0 |
| Y0 |  734 |  0 |
+----+------+----+


8. Device Cell Placement Summary for Global Clock g2
----------------------------------------------------

+-----------+-----------------+-------------------+-------+-------------+---------------+-------------+----------+----------------+----------+------------------------------------------+
| Global Id | Driver Type/Pin | Driver Region (D) | Clock | Period (ns) | Waveform (ns) | Slice Loads | IO Loads | Clocking Loads | GT Loads | Net                                      |
+-----------+-----------------+-------------------+-------+-------------+---------------+-------------+----------+----------------+----------+------------------------------------------+
| g2        | BUFG/O          | n/a               |       |             |               |         851 |        2 |              0 |        0 | Array_DSP_i/PCM_TX/Clock_Divider/BCK_out |
+-----------+-----------------+-------------------+-------+-------------+---------------+-------------+----------+----------------+----------+------------------------------------------+
* Logic Loads column represents load cell count of all cell types other than IO, GT and clock resources
** IO Loads column represents load cell count of IO types
*** Clocking Loads column represents load cell count that are clock resources (global clock buffer, MMCM, PLL, etc)
**** GT Loads column represents load cell count of GT types


+----+-----+------+
|    | X0  | X1   |
+----+-----+------+
| Y1 |   2 |  365 |
| Y0 |  81 |  405 |
+----+-----+------+


9. Device Cell Placement Summary for Global Clock g3
----------------------------------------------------

+-----------+-----------------+-------------------+--------------------+-------------+----------------+-------------+----------+----------------+----------+----------------------------------------+
| Global Id | Driver Type/Pin | Driver Region (D) | Clock              | Period (ns) | Waveform (ns)  | Slice Loads | IO Loads | Clocking Loads | GT Loads | Net                                    |
+-----------+-----------------+-------------------+--------------------+-------------+----------------+-------------+----------+----------------+----------+----------------------------------------+
| g3        | BUFG/O          | n/a               | clk_out1_clk_wiz_0 |      81.380 | {0.000 40.690} |         523 |        3 |              0 |        0 | Array_DSP_i/Clock_Wizard/inst/clk_out1 |
+-----------+-----------------+-------------------+--------------------+-------------+----------------+-------------+----------+----------------+----------+----------------------------------------+
* Logic Loads column represents load cell count of all cell types other than IO, GT and clock resources
** IO Loads column represents load cell count of IO types
*** Clocking Loads column represents load cell count that are clock resources (global clock buffer, MMCM, PLL, etc)
**** GT Loads column represents load cell count of GT types


+----+-----+------+
|    | X0  | X1   |
+----+-----+------+
| Y1 |   0 |   35 |
| Y0 |  46 |  445 |
+----+-----+------+


10. Device Cell Placement Summary for Global Clock g4
-----------------------------------------------------

+-----------+-----------------+-------------------+-------+-------------+---------------+-------------+----------+----------------+----------+----------------------+
| Global Id | Driver Type/Pin | Driver Region (D) | Clock | Period (ns) | Waveform (ns) | Slice Loads | IO Loads | Clocking Loads | GT Loads | Net                  |
+-----------+-----------------+-------------------+-------+-------------+---------------+-------------+----------+----------------+----------+----------------------+
| g4        | BUFG/O          | n/a               |       |             |               |          49 |        0 |              0 |        0 | CODEC_Reciever/Latch |
+-----------+-----------------+-------------------+-------+-------------+---------------+-------------+----------+----------------+----------+----------------------+
* Logic Loads column represents load cell count of all cell types other than IO, GT and clock resources
** IO Loads column represents load cell count of IO types
*** Clocking Loads column represents load cell count that are clock resources (global clock buffer, MMCM, PLL, etc)
**** GT Loads column represents load cell count of GT types


+----+----+-----+
|    | X0 | X1  |
+----+----+-----+
| Y1 |  0 |   0 |
| Y0 |  4 |  45 |
+----+----+-----+


11. Device Cell Placement Summary for Global Clock g5
-----------------------------------------------------

+-----------+-----------------+-------------------+--------------------+-------------+----------------+-------------+----------+----------------+----------+------------------------------------------------------+
| Global Id | Driver Type/Pin | Driver Region (D) | Clock              | Period (ns) | Waveform (ns)  | Slice Loads | IO Loads | Clocking Loads | GT Loads | Net                                                  |
+-----------+-----------------+-------------------+--------------------+-------------+----------------+-------------+----------+----------------+----------+------------------------------------------------------+
| g5        | BUFG/O          | n/a               | clkfbout_clk_wiz_0 |      56.000 | {0.000 28.000} |           0 |        0 |              1 |        0 | Array_DSP_i/Clock_Wizard/inst/clkfbout_buf_clk_wiz_0 |
+-----------+-----------------+-------------------+--------------------+-------------+----------------+-------------+----------+----------------+----------+------------------------------------------------------+
* Logic Loads column represents load cell count of all cell types other than IO, GT and clock resources
** IO Loads column represents load cell count of IO types
*** Clocking Loads column represents load cell count that are clock resources (global clock buffer, MMCM, PLL, etc)
**** GT Loads column represents load cell count of GT types


+----+----+----+
|    | X0 | X1 |
+----+----+----+
| Y1 |  0 |  1 |
| Y0 |  0 |  0 |
+----+----+----+


12. Clock Region Cell Placement per Global Clock: Region X0Y0
-------------------------------------------------------------

+-----------+-------+-----------------+------------+-------------+-----------------+------+--------+------+-----+----+------+-----+---------+------------------------------------------------------+
| Global Id | Track | Driver Type/Pin | Constraint | Clock Loads | Non-Clock Loads | FF   | LUTRAM | RAMB | DSP | GT | MMCM | PLL | Hard IP | Net                                                  |
+-----------+-------+-----------------+------------+-------------+-----------------+------+--------+------+-----+----+------+-----+---------+------------------------------------------------------+
| g0        | n/a   | BUFG/O          | None       |        3300 |               0 | 3300 |      0 |    0 |   0 |  0 |    0 |   0 |       0 | Array_DSP_i/PCM_TX/Clock_Divider/LRCK_out            |
| g1        | n/a   | BUFG/O          | None       |         734 |               0 |  668 |     66 |    0 |   0 |  0 |    0 |   0 |       0 | Zynq_I2C_CODEC_i/processing_system7_0/inst/FCLK_CLK0 |
| g2        | n/a   | BUFG/O          | None       |          81 |               0 |   81 |      0 |    0 |   0 |  0 |    0 |   0 |       0 | Array_DSP_i/PCM_TX/Clock_Divider/BCK_out             |
| g3        | n/a   | BUFG/O          | None       |          46 |               0 |   46 |      0 |    0 |   0 |  0 |    0 |   0 |       0 | Array_DSP_i/Clock_Wizard/inst/clk_out1               |
| g4        | n/a   | BUFG/O          | None       |           4 |               0 |    4 |      0 |    0 |   0 |  0 |    0 |   0 |       0 | CODEC_Reciever/Latch                                 |
+-----------+-------+-----------------+------------+-------------+-----------------+------+--------+------+-----+----+------+-----+---------+------------------------------------------------------+
* Clock Loads column represents the clock pin loads (pin count)
** Non-Clock Loads column represents the non-clock pin loads (pin count)
*** Columns FF, LUTRAM, RAMB through 'Hard IP' represents load cell counts


13. Clock Region Cell Placement per Global Clock: Region X1Y0
-------------------------------------------------------------

+-----------+-------+-----------------+------------+-------------+-----------------+------+--------+------+-----+----+------+-----+---------+-------------------------------------------+
| Global Id | Track | Driver Type/Pin | Constraint | Clock Loads | Non-Clock Loads | FF   | LUTRAM | RAMB | DSP | GT | MMCM | PLL | Hard IP | Net                                       |
+-----------+-------+-----------------+------------+-------------+-----------------+------+--------+------+-----+----+------+-----+---------+-------------------------------------------+
| g0        | n/a   | BUFG/O          | None       |        2504 |               4 | 2504 |      0 |    0 |   0 |  0 |    0 |   0 |       0 | Array_DSP_i/PCM_TX/Clock_Divider/LRCK_out |
| g2        | n/a   | BUFG/O          | None       |         403 |               2 |  393 |     10 |    0 |   0 |  0 |    0 |   0 |       0 | Array_DSP_i/PCM_TX/Clock_Divider/BCK_out  |
| g3        | n/a   | BUFG/O          | None       |         442 |               3 |  399 |     41 |    1 |   0 |  0 |    0 |   0 |       0 | Array_DSP_i/Clock_Wizard/inst/clk_out1    |
| g4        | n/a   | BUFG/O          | None       |          44 |               1 |   44 |      1 |    0 |   0 |  0 |    0 |   0 |       0 | CODEC_Reciever/Latch                      |
+-----------+-------+-----------------+------------+-------------+-----------------+------+--------+------+-----+----+------+-----+---------+-------------------------------------------+
* Clock Loads column represents the clock pin loads (pin count)
** Non-Clock Loads column represents the non-clock pin loads (pin count)
*** Columns FF, LUTRAM, RAMB through 'Hard IP' represents load cell counts


14. Clock Region Cell Placement per Global Clock: Region X0Y1
-------------------------------------------------------------

+-----------+-------+-----------------+------------+-------------+-----------------+-----+--------+------+-----+----+------+-----+---------+------------------------------------------------------+
| Global Id | Track | Driver Type/Pin | Constraint | Clock Loads | Non-Clock Loads | FF  | LUTRAM | RAMB | DSP | GT | MMCM | PLL | Hard IP | Net                                                  |
+-----------+-------+-----------------+------------+-------------+-----------------+-----+--------+------+-----+----+------+-----+---------+------------------------------------------------------+
| g0        | n/a   | BUFG/O          | None       |          22 |               0 |  22 |      0 |    0 |   0 |  0 |    0 |   0 |       0 | Array_DSP_i/PCM_TX/Clock_Divider/LRCK_out            |
| g1        | n/a   | BUFG/O          | None       |         250 |               0 | 231 |     18 |    0 |   0 |  0 |    0 |   0 |       0 | Zynq_I2C_CODEC_i/processing_system7_0/inst/FCLK_CLK0 |
| g2        | n/a   | BUFG/O          | None       |           2 |               0 |   2 |      0 |    0 |   0 |  0 |    0 |   0 |       0 | Array_DSP_i/PCM_TX/Clock_Divider/BCK_out             |
+-----------+-------+-----------------+------------+-------------+-----------------+-----+--------+------+-----+----+------+-----+---------+------------------------------------------------------+
* Clock Loads column represents the clock pin loads (pin count)
** Non-Clock Loads column represents the non-clock pin loads (pin count)
*** Columns FF, LUTRAM, RAMB through 'Hard IP' represents load cell counts


15. Clock Region Cell Placement per Global Clock: Region X1Y1
-------------------------------------------------------------

+-----------+-------+-----------------+------------+-------------+-----------------+-----+--------+------+-----+----+------+-----+---------+------------------------------------------------------+
| Global Id | Track | Driver Type/Pin | Constraint | Clock Loads | Non-Clock Loads | FF  | LUTRAM | RAMB | DSP | GT | MMCM | PLL | Hard IP | Net                                                  |
+-----------+-------+-----------------+------------+-------------+-----------------+-----+--------+------+-----+----+------+-----+---------+------------------------------------------------------+
| g0        | n/a   | BUFG/O          | None       |         350 |               0 | 350 |      0 |    0 |   0 |  0 |    0 |   0 |       0 | Array_DSP_i/PCM_TX/Clock_Divider/LRCK_out            |
| g2        | n/a   | BUFG/O          | None       |         365 |               0 | 365 |      0 |    0 |   0 |  0 |    0 |   0 |       0 | Array_DSP_i/PCM_TX/Clock_Divider/BCK_out             |
| g3        | n/a   | BUFG/O          | None       |          35 |               0 |  35 |      0 |    0 |   0 |  0 |    0 |   0 |       0 | Array_DSP_i/Clock_Wizard/inst/clk_out1               |
| g5        | n/a   | BUFG/O          | None       |           1 |               0 |   0 |      0 |    0 |   0 |  0 |    1 |   0 |       0 | Array_DSP_i/Clock_Wizard/inst/clkfbout_buf_clk_wiz_0 |
+-----------+-------+-----------------+------------+-------------+-----------------+-----+--------+------+-----+----+------+-----+---------+------------------------------------------------------+
* Clock Loads column represents the clock pin loads (pin count)
** Non-Clock Loads column represents the non-clock pin loads (pin count)
*** Columns FF, LUTRAM, RAMB through 'Hard IP' represents load cell counts



# Location of BUFG Primitives 
set_property LOC BUFGCTRL_X0Y1 [get_cells Zynq_I2C_CODEC_i/processing_system7_0/inst/buffer_fclk_clk_0.FCLK_CLK_0_BUFG]
set_property LOC BUFGCTRL_X0Y3 [get_cells SRL16E_inst_0_i_1__0]
set_property LOC BUFGCTRL_X0Y0 [get_cells Array_DSP_i/PCM_TX/Clock_Divider/LRCK_BUFF]
set_property LOC BUFGCTRL_X0Y2 [get_cells Array_DSP_i/PCM_TX/Clock_Divider/BCK_BUFF]
set_property LOC BUFGCTRL_X0Y17 [get_cells Array_DSP_i/Clock_Wizard/inst/clkf_buf]
set_property LOC BUFGCTRL_X0Y16 [get_cells Array_DSP_i/Clock_Wizard/inst/clkout1_buf]

# Location of IO Primitives which is load of clock spine
set_property LOC IOB_X0Y47 [get_cells JC_4_OBUF_inst]
set_property LOC IOB_X0Y48 [get_cells JC_3_OBUF_inst]
set_property LOC IOB_X0Y40 [get_cells Array_DSP_i/MCK_buff]
set_property LOC IOB_X0Y39 [get_cells Array_DSP_i/LRCK_buff]
set_property LOC IOB_X0Y38 [get_cells Array_DSP_i/BCK_buff]
set_property LOC IOB_X0Y11 [get_cells ADC_MCK_OBUF_inst]
set_property LOC IOB_X0Y16 [get_cells ADC_LRCK_OBUF_inst]
set_property LOC IOB_X0Y49 [get_cells ADC_BCK_OBUF_inst]

# Location of clock ports
set_property LOC IOB_X0Y76 [get_ports SCK]

# Clock net "Zynq_I2C_CODEC_i/processing_system7_0/inst/FCLK_CLK0" driven by instance "Zynq_I2C_CODEC_i/processing_system7_0/inst/buffer_fclk_clk_0.FCLK_CLK_0_BUFG" located at site "BUFGCTRL_X0Y1"
#startgroup
create_pblock {CLKAG_Zynq_I2C_CODEC_i/processing_system7_0/inst/FCLK_CLK0}
add_cells_to_pblock [get_pblocks  {CLKAG_Zynq_I2C_CODEC_i/processing_system7_0/inst/FCLK_CLK0}] [get_cells -filter { PRIMITIVE_GROUP != I/O && IS_PRIMITIVE==1 && PRIMITIVE_LEVEL !=INTERNAL } -of_object [get_pins -filter {DIRECTION==IN} -of_objects [get_nets -hierarchical -filter {PARENT=="Zynq_I2C_CODEC_i/processing_system7_0/inst/FCLK_CLK0"}]]]
resize_pblock [get_pblocks {CLKAG_Zynq_I2C_CODEC_i/processing_system7_0/inst/FCLK_CLK0}] -add {CLOCKREGION_X0Y0:CLOCKREGION_X0Y0 CLOCKREGION_X0Y1:CLOCKREGION_X0Y1}
#endgroup

# Clock net "CODEC_Reciever/Latch" driven by instance "SRL16E_inst_0_i_1__0" located at site "BUFGCTRL_X0Y3"
#startgroup
create_pblock {CLKAG_CODEC_Reciever/Latch}
add_cells_to_pblock [get_pblocks  {CLKAG_CODEC_Reciever/Latch}] [get_cells -filter { PRIMITIVE_GROUP != I/O && IS_PRIMITIVE==1 && PRIMITIVE_LEVEL !=INTERNAL } -of_object [get_pins -filter {DIRECTION==IN} -of_objects [get_nets -hierarchical -filter {PARENT=="CODEC_Reciever/Latch"}]]]
resize_pblock [get_pblocks {CLKAG_CODEC_Reciever/Latch}] -add {CLOCKREGION_X0Y0:CLOCKREGION_X0Y0 CLOCKREGION_X1Y0:CLOCKREGION_X1Y0}
#endgroup

# Clock net "Array_DSP_i/PCM_TX/Clock_Divider/LRCK_out" driven by instance "Array_DSP_i/PCM_TX/Clock_Divider/LRCK_BUFF" located at site "BUFGCTRL_X0Y0"
#startgroup
create_pblock {CLKAG_Array_DSP_i/PCM_TX/Clock_Divider/LRCK_out}
add_cells_to_pblock [get_pblocks  {CLKAG_Array_DSP_i/PCM_TX/Clock_Divider/LRCK_out}] [get_cells -filter { PRIMITIVE_GROUP != I/O && IS_PRIMITIVE==1 && PRIMITIVE_LEVEL !=INTERNAL && NAME!=JC_4_OBUF_inst && NAME!=Array_DSP_i/LRCK_buff && NAME!=ADC_LRCK_OBUF_inst} -of_object [get_pins -filter {DIRECTION==IN} -of_objects [get_nets -hierarchical -filter {PARENT=="Array_DSP_i/PCM_TX/Clock_Divider/LRCK_out"}]]]
resize_pblock [get_pblocks {CLKAG_Array_DSP_i/PCM_TX/Clock_Divider/LRCK_out}] -add {CLOCKREGION_X0Y0:CLOCKREGION_X0Y0 CLOCKREGION_X0Y1:CLOCKREGION_X0Y1 CLOCKREGION_X1Y0:CLOCKREGION_X1Y0 CLOCKREGION_X1Y1:CLOCKREGION_X1Y1}
#endgroup

# Clock net "Array_DSP_i/PCM_TX/Clock_Divider/BCK_out" driven by instance "Array_DSP_i/PCM_TX/Clock_Divider/BCK_BUFF" located at site "BUFGCTRL_X0Y2"
#startgroup
create_pblock {CLKAG_Array_DSP_i/PCM_TX/Clock_Divider/BCK_out}
add_cells_to_pblock [get_pblocks  {CLKAG_Array_DSP_i/PCM_TX/Clock_Divider/BCK_out}] [get_cells -filter { PRIMITIVE_GROUP != I/O && IS_PRIMITIVE==1 && PRIMITIVE_LEVEL !=INTERNAL && NAME!=Array_DSP_i/BCK_buff && NAME!=ADC_BCK_OBUF_inst} -of_object [get_pins -filter {DIRECTION==IN} -of_objects [get_nets -hierarchical -filter {PARENT=="Array_DSP_i/PCM_TX/Clock_Divider/BCK_out"}]]]
resize_pblock [get_pblocks {CLKAG_Array_DSP_i/PCM_TX/Clock_Divider/BCK_out}] -add {CLOCKREGION_X0Y0:CLOCKREGION_X0Y0 CLOCKREGION_X0Y1:CLOCKREGION_X0Y1 CLOCKREGION_X1Y0:CLOCKREGION_X1Y0 CLOCKREGION_X1Y1:CLOCKREGION_X1Y1}
#endgroup

# Clock net "Array_DSP_i/Clock_Wizard/inst/clk_out1" driven by instance "Array_DSP_i/Clock_Wizard/inst/clkout1_buf" located at site "BUFGCTRL_X0Y16"
#startgroup
create_pblock {CLKAG_Array_DSP_i/Clock_Wizard/inst/clk_out1}
add_cells_to_pblock [get_pblocks  {CLKAG_Array_DSP_i/Clock_Wizard/inst/clk_out1}] [get_cells -filter { PRIMITIVE_GROUP != I/O && IS_PRIMITIVE==1 && PRIMITIVE_LEVEL !=INTERNAL && NAME!=JC_3_OBUF_inst && NAME!=Array_DSP_i/MCK_buff && NAME!=ADC_MCK_OBUF_inst} -of_object [get_pins -filter {DIRECTION==IN} -of_objects [get_nets -hierarchical -filter {PARENT=="Array_DSP_i/Clock_Wizard/inst/clk_out1"}]]]
resize_pblock [get_pblocks {CLKAG_Array_DSP_i/Clock_Wizard/inst/clk_out1}] -add {CLOCKREGION_X0Y0:CLOCKREGION_X0Y0 CLOCKREGION_X1Y0:CLOCKREGION_X1Y0 CLOCKREGION_X1Y1:CLOCKREGION_X1Y1}
#endgroup
