17:27:02 INFO  : Registering command handlers for SDK TCF services
17:27:03 INFO  : Launching XSCT server: xsct -n -interactive /home/cameron/PhaseArraySpeaker/Firmware/2018.2/Zynq_Base_Phased_Array/Zynq_Base_Phased_Array.sdk/temp_xsdb_launch_script.tcl
17:27:04 INFO  : XSCT server has started successfully.
17:27:04 INFO  : Successfully done setting XSCT server connection channel  
17:27:04 INFO  : Successfully done setting SDK workspace  
17:27:04 INFO  : Processing command line option -hwspec /home/cameron/PhaseArraySpeaker/Firmware/2018.2/Zynq_Base_Phased_Array/Zynq_Base_Phased_Array.sdk/Zynq_Base_Phased_Array_wrapper.hdf.
17:31:43 INFO  : Connected to target on host '127.0.0.1' and port '3121'.
17:31:43 INFO  : 'targets -set -filter {jtag_cable_name =~ "Digilent Zybo Z7 210351B0FC48A" && level==0} -index 1' command is executed.
17:31:44 INFO  : FPGA configured successfully with bitstream "/home/cameron/PhaseArraySpeaker/Firmware/2018.2/Zynq_Base_Phased_Array/Zynq_Base_Phased_Array.sdk/Zynq_Base_Phased_Array_wrapper_hw_platform_0/Zynq_Base_Phased_Array_wrapper.bit"
17:32:03 INFO  : 'targets -set -filter {jtag_cable_name =~ "Digilent Zybo Z7 210351B0FC48A" && level==0} -index 1' command is executed.
17:32:03 INFO  : 'fpga -state' command is executed.
17:32:03 INFO  : Connected to target on host '127.0.0.1' and port '3121'.
17:32:04 INFO  : Jtag cable 'Digilent Zybo Z7 210351B0FC48A' is selected.
17:32:04 INFO  : 'jtag frequency' command is executed.
17:32:04 INFO  : Sourcing of '/home/cameron/PhaseArraySpeaker/Firmware/2018.2/Zynq_Base_Phased_Array/Zynq_Base_Phased_Array.sdk/Zynq_Base_Phased_Array_wrapper_hw_platform_0/ps7_init.tcl' is done.
17:32:04 INFO  : Context for 'APU' is selected.
17:32:04 INFO  : Hardware design information is loaded from '/home/cameron/PhaseArraySpeaker/Firmware/2018.2/Zynq_Base_Phased_Array/Zynq_Base_Phased_Array.sdk/Zynq_Base_Phased_Array_wrapper_hw_platform_0/system.hdf'.
17:32:04 INFO  : 'configparams force-mem-access 1' command is executed.
17:32:04 INFO  : Context for 'APU' is selected.
17:32:04 INFO  : 'stop' command is executed.
17:32:04 INFO  : 'ps7_init' command is executed.
17:32:04 INFO  : 'ps7_post_config' command is executed.
17:32:04 INFO  : Context for processor 'ps7_cortexa9_0' is selected.
17:32:04 INFO  : Processor reset is completed for 'ps7_cortexa9_0'.
17:32:04 INFO  : Context for processor 'ps7_cortexa9_0' is selected.
17:32:04 INFO  : The application '/home/cameron/PhaseArraySpeaker/Firmware/2018.2/Zynq_Base_Phased_Array/Zynq_Base_Phased_Array.sdk/CODEC_Initializer/Debug/CODEC_Initializer.elf' is downloaded to processor 'ps7_cortexa9_0'.
17:32:04 INFO  : 'configparams force-mem-access 0' command is executed.
17:32:04 INFO  : ----------------XSDB Script----------------
connect -url tcp:127.0.0.1:3121
source /home/cameron/PhaseArraySpeaker/Firmware/2018.2/Zynq_Base_Phased_Array/Zynq_Base_Phased_Array.sdk/Zynq_Base_Phased_Array_wrapper_hw_platform_0/ps7_init.tcl
targets -set -nocase -filter {name =~"APU*" && jtag_cable_name =~ "Digilent Zybo Z7 210351B0FC48A"} -index 0
loadhw -hw /home/cameron/PhaseArraySpeaker/Firmware/2018.2/Zynq_Base_Phased_Array/Zynq_Base_Phased_Array.sdk/Zynq_Base_Phased_Array_wrapper_hw_platform_0/system.hdf -mem-ranges [list {0x40000000 0xbfffffff}]
configparams force-mem-access 1
targets -set -nocase -filter {name =~"APU*" && jtag_cable_name =~ "Digilent Zybo Z7 210351B0FC48A"} -index 0
stop
ps7_init
ps7_post_config
targets -set -nocase -filter {name =~ "ARM*#0" && jtag_cable_name =~ "Digilent Zybo Z7 210351B0FC48A"} -index 0
rst -processor
targets -set -nocase -filter {name =~ "ARM*#0" && jtag_cable_name =~ "Digilent Zybo Z7 210351B0FC48A"} -index 0
dow /home/cameron/PhaseArraySpeaker/Firmware/2018.2/Zynq_Base_Phased_Array/Zynq_Base_Phased_Array.sdk/CODEC_Initializer/Debug/CODEC_Initializer.elf
configparams force-mem-access 0
----------------End of Script----------------

17:32:04 INFO  : Memory regions updated for context APU
17:32:04 INFO  : Context for processor 'ps7_cortexa9_0' is selected.
17:32:04 INFO  : 'con' command is executed.
17:32:04 INFO  : ----------------XSDB Script (After Launch)----------------
targets -set -nocase -filter {name =~ "ARM*#0" && jtag_cable_name =~ "Digilent Zybo Z7 210351B0FC48A"} -index 0
con
----------------End of Script----------------

17:32:04 INFO  : Launch script is exported to file '/home/cameron/PhaseArraySpeaker/Firmware/2018.2/Zynq_Base_Phased_Array/Zynq_Base_Phased_Array.sdk/.sdk/launch_scripts/xilinx_c-c++_application_(system_debugger)/system_debugger_using_debug_codec_initializer.elf_on_local.tcl'
17:34:36 INFO  : Disconnected from the channel tcfchan#1.
17:34:37 INFO  : 'targets -set -filter {jtag_cable_name =~ "Digilent Zybo Z7 210351B0FC48A" && level==0} -index 1' command is executed.
17:34:37 INFO  : 'fpga -state' command is executed.
17:34:37 INFO  : Connected to target on host '127.0.0.1' and port '3121'.
17:34:37 INFO  : Jtag cable 'Digilent Zybo Z7 210351B0FC48A' is selected.
17:34:37 INFO  : 'jtag frequency' command is executed.
17:34:37 INFO  : Sourcing of '/home/cameron/PhaseArraySpeaker/Firmware/2018.2/Zynq_Base_Phased_Array/Zynq_Base_Phased_Array.sdk/Zynq_Base_Phased_Array_wrapper_hw_platform_0/ps7_init.tcl' is done.
17:34:37 INFO  : Context for 'APU' is selected.
17:34:38 INFO  : Hardware design information is loaded from '/home/cameron/PhaseArraySpeaker/Firmware/2018.2/Zynq_Base_Phased_Array/Zynq_Base_Phased_Array.sdk/Zynq_Base_Phased_Array_wrapper_hw_platform_0/system.hdf'.
17:34:38 INFO  : 'configparams force-mem-access 1' command is executed.
17:34:38 INFO  : Context for 'APU' is selected.
17:34:38 INFO  : 'stop' command is executed.
17:34:38 INFO  : 'ps7_init' command is executed.
17:34:38 INFO  : 'ps7_post_config' command is executed.
17:34:38 INFO  : Context for processor 'ps7_cortexa9_0' is selected.
17:34:38 INFO  : Processor reset is completed for 'ps7_cortexa9_0'.
17:34:38 INFO  : Context for processor 'ps7_cortexa9_0' is selected.
17:34:38 INFO  : The application '/home/cameron/PhaseArraySpeaker/Firmware/2018.2/Zynq_Base_Phased_Array/Zynq_Base_Phased_Array.sdk/CODEC_Initializer/Debug/CODEC_Initializer.elf' is downloaded to processor 'ps7_cortexa9_0'.
17:34:38 INFO  : 'configparams force-mem-access 0' command is executed.
17:34:38 INFO  : ----------------XSDB Script----------------
connect -url tcp:127.0.0.1:3121
source /home/cameron/PhaseArraySpeaker/Firmware/2018.2/Zynq_Base_Phased_Array/Zynq_Base_Phased_Array.sdk/Zynq_Base_Phased_Array_wrapper_hw_platform_0/ps7_init.tcl
targets -set -nocase -filter {name =~"APU*" && jtag_cable_name =~ "Digilent Zybo Z7 210351B0FC48A"} -index 0
loadhw -hw /home/cameron/PhaseArraySpeaker/Firmware/2018.2/Zynq_Base_Phased_Array/Zynq_Base_Phased_Array.sdk/Zynq_Base_Phased_Array_wrapper_hw_platform_0/system.hdf -mem-ranges [list {0x40000000 0xbfffffff}]
configparams force-mem-access 1
targets -set -nocase -filter {name =~"APU*" && jtag_cable_name =~ "Digilent Zybo Z7 210351B0FC48A"} -index 0
stop
ps7_init
ps7_post_config
targets -set -nocase -filter {name =~ "ARM*#0" && jtag_cable_name =~ "Digilent Zybo Z7 210351B0FC48A"} -index 0
rst -processor
targets -set -nocase -filter {name =~ "ARM*#0" && jtag_cable_name =~ "Digilent Zybo Z7 210351B0FC48A"} -index 0
dow /home/cameron/PhaseArraySpeaker/Firmware/2018.2/Zynq_Base_Phased_Array/Zynq_Base_Phased_Array.sdk/CODEC_Initializer/Debug/CODEC_Initializer.elf
configparams force-mem-access 0
----------------End of Script----------------

17:34:38 INFO  : Memory regions updated for context APU
17:34:38 INFO  : Context for processor 'ps7_cortexa9_0' is selected.
17:34:38 INFO  : 'con' command is executed.
17:34:38 INFO  : ----------------XSDB Script (After Launch)----------------
targets -set -nocase -filter {name =~ "ARM*#0" && jtag_cable_name =~ "Digilent Zybo Z7 210351B0FC48A"} -index 0
con
----------------End of Script----------------

17:34:38 INFO  : Launch script is exported to file '/home/cameron/PhaseArraySpeaker/Firmware/2018.2/Zynq_Base_Phased_Array/Zynq_Base_Phased_Array.sdk/.sdk/launch_scripts/xilinx_c-c++_application_(system_debugger)/system_debugger_using_debug_codec_initializer.elf_on_local.tcl'
17:36:17 INFO  : Connected to target on host '127.0.0.1' and port '3121'.
17:36:17 INFO  : 'targets -set -filter {jtag_cable_name =~ "Digilent Zybo Z7 210351B0FC48A" && level==0} -index 1' command is executed.
17:36:19 INFO  : FPGA configured successfully with bitstream "/home/cameron/PhaseArraySpeaker/Firmware/2018.2/Zynq_Base_Phased_Array/Zynq_Base_Phased_Array.sdk/Zynq_Base_Phased_Array_wrapper_hw_platform_0/Zynq_Base_Phased_Array_wrapper.bit"
17:36:24 INFO  : Disconnected from the channel tcfchan#2.
17:36:25 INFO  : 'targets -set -filter {jtag_cable_name =~ "Digilent Zybo Z7 210351B0FC48A" && level==0} -index 1' command is executed.
17:36:25 INFO  : 'fpga -state' command is executed.
17:36:25 INFO  : Connected to target on host '127.0.0.1' and port '3121'.
17:36:25 INFO  : Jtag cable 'Digilent Zybo Z7 210351B0FC48A' is selected.
17:36:25 INFO  : 'jtag frequency' command is executed.
17:36:25 INFO  : Sourcing of '/home/cameron/PhaseArraySpeaker/Firmware/2018.2/Zynq_Base_Phased_Array/Zynq_Base_Phased_Array.sdk/Zynq_Base_Phased_Array_wrapper_hw_platform_0/ps7_init.tcl' is done.
17:36:25 INFO  : Context for 'APU' is selected.
17:36:26 INFO  : Hardware design information is loaded from '/home/cameron/PhaseArraySpeaker/Firmware/2018.2/Zynq_Base_Phased_Array/Zynq_Base_Phased_Array.sdk/Zynq_Base_Phased_Array_wrapper_hw_platform_0/system.hdf'.
17:36:26 INFO  : 'configparams force-mem-access 1' command is executed.
17:36:26 INFO  : Context for 'APU' is selected.
17:36:26 INFO  : 'stop' command is executed.
17:36:26 INFO  : 'ps7_init' command is executed.
17:36:26 INFO  : 'ps7_post_config' command is executed.
17:36:27 INFO  : Context for processor 'ps7_cortexa9_0' is selected.
17:36:27 INFO  : Processor reset is completed for 'ps7_cortexa9_0'.
17:36:27 INFO  : Context for processor 'ps7_cortexa9_0' is selected.
17:36:27 INFO  : The application '/home/cameron/PhaseArraySpeaker/Firmware/2018.2/Zynq_Base_Phased_Array/Zynq_Base_Phased_Array.sdk/CODEC_Initializer/Debug/CODEC_Initializer.elf' is downloaded to processor 'ps7_cortexa9_0'.
17:36:27 INFO  : 'configparams force-mem-access 0' command is executed.
17:36:27 INFO  : ----------------XSDB Script----------------
connect -url tcp:127.0.0.1:3121
source /home/cameron/PhaseArraySpeaker/Firmware/2018.2/Zynq_Base_Phased_Array/Zynq_Base_Phased_Array.sdk/Zynq_Base_Phased_Array_wrapper_hw_platform_0/ps7_init.tcl
targets -set -nocase -filter {name =~"APU*" && jtag_cable_name =~ "Digilent Zybo Z7 210351B0FC48A"} -index 0
loadhw -hw /home/cameron/PhaseArraySpeaker/Firmware/2018.2/Zynq_Base_Phased_Array/Zynq_Base_Phased_Array.sdk/Zynq_Base_Phased_Array_wrapper_hw_platform_0/system.hdf -mem-ranges [list {0x40000000 0xbfffffff}]
configparams force-mem-access 1
targets -set -nocase -filter {name =~"APU*" && jtag_cable_name =~ "Digilent Zybo Z7 210351B0FC48A"} -index 0
stop
ps7_init
ps7_post_config
targets -set -nocase -filter {name =~ "ARM*#0" && jtag_cable_name =~ "Digilent Zybo Z7 210351B0FC48A"} -index 0
rst -processor
targets -set -nocase -filter {name =~ "ARM*#0" && jtag_cable_name =~ "Digilent Zybo Z7 210351B0FC48A"} -index 0
dow /home/cameron/PhaseArraySpeaker/Firmware/2018.2/Zynq_Base_Phased_Array/Zynq_Base_Phased_Array.sdk/CODEC_Initializer/Debug/CODEC_Initializer.elf
configparams force-mem-access 0
----------------End of Script----------------

17:36:27 INFO  : Memory regions updated for context APU
17:36:27 INFO  : Context for processor 'ps7_cortexa9_0' is selected.
17:36:27 INFO  : 'con' command is executed.
17:36:27 INFO  : ----------------XSDB Script (After Launch)----------------
targets -set -nocase -filter {name =~ "ARM*#0" && jtag_cable_name =~ "Digilent Zybo Z7 210351B0FC48A"} -index 0
con
----------------End of Script----------------

17:36:27 INFO  : Launch script is exported to file '/home/cameron/PhaseArraySpeaker/Firmware/2018.2/Zynq_Base_Phased_Array/Zynq_Base_Phased_Array.sdk/.sdk/launch_scripts/xilinx_c-c++_application_(system_debugger)/system_debugger_using_debug_codec_initializer.elf_on_local.tcl'
17:51:32 INFO  : Disconnected from the channel tcfchan#3.
18:14:31 INFO  : Connected to target on host '127.0.0.1' and port '3121'.
18:14:31 INFO  : 'targets -set -filter {jtag_cable_name =~ "Digilent Zybo Z7 210351B0FC48A" && level==0} -index 1' command is executed.
18:14:35 INFO  : FPGA configured successfully with bitstream "/home/cameron/PhaseArraySpeaker/Firmware/2018.2/Zynq_Base_Phased_Array/Zynq_Base_Phased_Array.sdk/Zynq_Base_Phased_Array_wrapper_hw_platform_0/Zynq_Base_Phased_Array_wrapper.bit"
18:14:48 INFO  : 'targets -set -filter {jtag_cable_name =~ "Digilent Zybo Z7 210351B0FC48A" && level==0} -index 1' command is executed.
18:14:48 INFO  : 'fpga -state' command is executed.
18:14:48 INFO  : Connected to target on host '127.0.0.1' and port '3121'.
18:14:48 INFO  : Jtag cable 'Digilent Zybo Z7 210351B0FC48A' is selected.
18:14:48 INFO  : 'jtag frequency' command is executed.
18:14:48 INFO  : Sourcing of '/home/cameron/PhaseArraySpeaker/Firmware/2018.2/Zynq_Base_Phased_Array/Zynq_Base_Phased_Array.sdk/Zynq_Base_Phased_Array_wrapper_hw_platform_0/ps7_init.tcl' is done.
18:14:48 INFO  : Context for 'APU' is selected.
18:14:48 INFO  : Hardware design information is loaded from '/home/cameron/PhaseArraySpeaker/Firmware/2018.2/Zynq_Base_Phased_Array/Zynq_Base_Phased_Array.sdk/Zynq_Base_Phased_Array_wrapper_hw_platform_0/system.hdf'.
18:14:48 INFO  : 'configparams force-mem-access 1' command is executed.
18:14:48 INFO  : Context for 'APU' is selected.
18:14:48 INFO  : 'stop' command is executed.
18:14:48 INFO  : 'ps7_init' command is executed.
18:14:48 INFO  : 'ps7_post_config' command is executed.
18:14:48 INFO  : Context for processor 'ps7_cortexa9_0' is selected.
18:14:48 INFO  : Processor reset is completed for 'ps7_cortexa9_0'.
18:14:48 INFO  : Context for processor 'ps7_cortexa9_0' is selected.
18:14:49 INFO  : The application '/home/cameron/PhaseArraySpeaker/Firmware/2018.2/Zynq_Base_Phased_Array/Zynq_Base_Phased_Array.sdk/CODEC_Initializer/Debug/CODEC_Initializer.elf' is downloaded to processor 'ps7_cortexa9_0'.
18:14:49 INFO  : 'configparams force-mem-access 0' command is executed.
18:14:49 INFO  : ----------------XSDB Script----------------
connect -url tcp:127.0.0.1:3121
source /home/cameron/PhaseArraySpeaker/Firmware/2018.2/Zynq_Base_Phased_Array/Zynq_Base_Phased_Array.sdk/Zynq_Base_Phased_Array_wrapper_hw_platform_0/ps7_init.tcl
targets -set -nocase -filter {name =~"APU*" && jtag_cable_name =~ "Digilent Zybo Z7 210351B0FC48A"} -index 0
loadhw -hw /home/cameron/PhaseArraySpeaker/Firmware/2018.2/Zynq_Base_Phased_Array/Zynq_Base_Phased_Array.sdk/Zynq_Base_Phased_Array_wrapper_hw_platform_0/system.hdf -mem-ranges [list {0x40000000 0xbfffffff}]
configparams force-mem-access 1
targets -set -nocase -filter {name =~"APU*" && jtag_cable_name =~ "Digilent Zybo Z7 210351B0FC48A"} -index 0
stop
ps7_init
ps7_post_config
targets -set -nocase -filter {name =~ "ARM*#0" && jtag_cable_name =~ "Digilent Zybo Z7 210351B0FC48A"} -index 0
rst -processor
targets -set -nocase -filter {name =~ "ARM*#0" && jtag_cable_name =~ "Digilent Zybo Z7 210351B0FC48A"} -index 0
dow /home/cameron/PhaseArraySpeaker/Firmware/2018.2/Zynq_Base_Phased_Array/Zynq_Base_Phased_Array.sdk/CODEC_Initializer/Debug/CODEC_Initializer.elf
configparams force-mem-access 0
----------------End of Script----------------

18:14:49 INFO  : Memory regions updated for context APU
18:14:49 INFO  : Context for processor 'ps7_cortexa9_0' is selected.
18:14:49 INFO  : 'con' command is executed.
18:14:49 INFO  : ----------------XSDB Script (After Launch)----------------
targets -set -nocase -filter {name =~ "ARM*#0" && jtag_cable_name =~ "Digilent Zybo Z7 210351B0FC48A"} -index 0
con
----------------End of Script----------------

18:14:49 INFO  : Launch script is exported to file '/home/cameron/PhaseArraySpeaker/Firmware/2018.2/Zynq_Base_Phased_Array/Zynq_Base_Phased_Array.sdk/.sdk/launch_scripts/xilinx_c-c++_application_(system_debugger)/system_debugger_using_debug_codec_initializer.elf_on_local.tcl'
18:21:35 INFO  : Disconnected from the channel tcfchan#4.
18:21:36 INFO  : 'targets -set -filter {jtag_cable_name =~ "Digilent Zybo Z7 210351B0FC48A" && level==0} -index 1' command is executed.
18:21:36 INFO  : 'fpga -state' command is executed.
18:21:36 INFO  : Connected to target on host '127.0.0.1' and port '3121'.
18:21:36 INFO  : Jtag cable 'Digilent Zybo Z7 210351B0FC48A' is selected.
18:21:36 INFO  : 'jtag frequency' command is executed.
18:21:36 INFO  : Sourcing of '/home/cameron/PhaseArraySpeaker/Firmware/2018.2/Zynq_Base_Phased_Array/Zynq_Base_Phased_Array.sdk/Zynq_Base_Phased_Array_wrapper_hw_platform_0/ps7_init.tcl' is done.
18:21:36 INFO  : Context for 'APU' is selected.
18:21:37 INFO  : Hardware design information is loaded from '/home/cameron/PhaseArraySpeaker/Firmware/2018.2/Zynq_Base_Phased_Array/Zynq_Base_Phased_Array.sdk/Zynq_Base_Phased_Array_wrapper_hw_platform_0/system.hdf'.
18:21:37 INFO  : 'configparams force-mem-access 1' command is executed.
18:21:37 INFO  : Context for 'APU' is selected.
18:21:37 INFO  : 'stop' command is executed.
18:21:37 INFO  : 'ps7_init' command is executed.
18:21:37 INFO  : 'ps7_post_config' command is executed.
18:21:38 INFO  : Context for processor 'ps7_cortexa9_0' is selected.
18:21:38 INFO  : Processor reset is completed for 'ps7_cortexa9_0'.
18:21:38 INFO  : Context for processor 'ps7_cortexa9_0' is selected.
18:21:38 INFO  : The application '/home/cameron/PhaseArraySpeaker/Firmware/2018.2/Zynq_Base_Phased_Array/Zynq_Base_Phased_Array.sdk/CODEC_Initializer/Debug/CODEC_Initializer.elf' is downloaded to processor 'ps7_cortexa9_0'.
18:21:38 INFO  : 'configparams force-mem-access 0' command is executed.
18:21:38 INFO  : ----------------XSDB Script----------------
connect -url tcp:127.0.0.1:3121
source /home/cameron/PhaseArraySpeaker/Firmware/2018.2/Zynq_Base_Phased_Array/Zynq_Base_Phased_Array.sdk/Zynq_Base_Phased_Array_wrapper_hw_platform_0/ps7_init.tcl
targets -set -nocase -filter {name =~"APU*" && jtag_cable_name =~ "Digilent Zybo Z7 210351B0FC48A"} -index 0
loadhw -hw /home/cameron/PhaseArraySpeaker/Firmware/2018.2/Zynq_Base_Phased_Array/Zynq_Base_Phased_Array.sdk/Zynq_Base_Phased_Array_wrapper_hw_platform_0/system.hdf -mem-ranges [list {0x40000000 0xbfffffff}]
configparams force-mem-access 1
targets -set -nocase -filter {name =~"APU*" && jtag_cable_name =~ "Digilent Zybo Z7 210351B0FC48A"} -index 0
stop
ps7_init
ps7_post_config
targets -set -nocase -filter {name =~ "ARM*#0" && jtag_cable_name =~ "Digilent Zybo Z7 210351B0FC48A"} -index 0
rst -processor
targets -set -nocase -filter {name =~ "ARM*#0" && jtag_cable_name =~ "Digilent Zybo Z7 210351B0FC48A"} -index 0
dow /home/cameron/PhaseArraySpeaker/Firmware/2018.2/Zynq_Base_Phased_Array/Zynq_Base_Phased_Array.sdk/CODEC_Initializer/Debug/CODEC_Initializer.elf
configparams force-mem-access 0
----------------End of Script----------------

18:21:38 INFO  : Memory regions updated for context APU
18:21:38 INFO  : Context for processor 'ps7_cortexa9_0' is selected.
18:21:38 INFO  : 'con' command is executed.
18:21:38 INFO  : ----------------XSDB Script (After Launch)----------------
targets -set -nocase -filter {name =~ "ARM*#0" && jtag_cable_name =~ "Digilent Zybo Z7 210351B0FC48A"} -index 0
con
----------------End of Script----------------

18:21:38 INFO  : Launch script is exported to file '/home/cameron/PhaseArraySpeaker/Firmware/2018.2/Zynq_Base_Phased_Array/Zynq_Base_Phased_Array.sdk/.sdk/launch_scripts/xilinx_c-c++_application_(system_debugger)/system_debugger_using_debug_codec_initializer.elf_on_local.tcl'
19:32:34 INFO  : Disconnected from the channel tcfchan#5.
19:32:35 INFO  : 'targets -set -filter {jtag_cable_name =~ "Digilent Zybo Z7 210351B0FC48A" && level==0} -index 1' command is executed.
19:32:35 INFO  : 'fpga -state' command is executed.
19:32:35 INFO  : Connected to target on host '127.0.0.1' and port '3121'.
19:32:35 INFO  : Jtag cable 'Digilent Zybo Z7 210351B0FC48A' is selected.
19:32:35 INFO  : 'jtag frequency' command is executed.
19:32:35 INFO  : Sourcing of '/home/cameron/PhaseArraySpeaker/Firmware/2018.2/Zynq_Base_Phased_Array/Zynq_Base_Phased_Array.sdk/Zynq_Base_Phased_Array_wrapper_hw_platform_0/ps7_init.tcl' is done.
19:32:35 INFO  : Context for 'APU' is selected.
19:32:36 INFO  : Hardware design information is loaded from '/home/cameron/PhaseArraySpeaker/Firmware/2018.2/Zynq_Base_Phased_Array/Zynq_Base_Phased_Array.sdk/Zynq_Base_Phased_Array_wrapper_hw_platform_0/system.hdf'.
19:32:36 INFO  : 'configparams force-mem-access 1' command is executed.
19:32:36 INFO  : Context for 'APU' is selected.
19:32:36 INFO  : 'stop' command is executed.
19:32:37 INFO  : 'ps7_init' command is executed.
19:32:37 INFO  : 'ps7_post_config' command is executed.
19:32:37 INFO  : Context for processor 'ps7_cortexa9_0' is selected.
19:32:37 INFO  : Processor reset is completed for 'ps7_cortexa9_0'.
19:32:37 INFO  : Context for processor 'ps7_cortexa9_0' is selected.
19:32:37 INFO  : The application '/home/cameron/PhaseArraySpeaker/Firmware/2018.2/Zynq_Base_Phased_Array/Zynq_Base_Phased_Array.sdk/CODEC_Initializer/Debug/CODEC_Initializer.elf' is downloaded to processor 'ps7_cortexa9_0'.
19:32:37 INFO  : 'configparams force-mem-access 0' command is executed.
19:32:37 INFO  : ----------------XSDB Script----------------
connect -url tcp:127.0.0.1:3121
source /home/cameron/PhaseArraySpeaker/Firmware/2018.2/Zynq_Base_Phased_Array/Zynq_Base_Phased_Array.sdk/Zynq_Base_Phased_Array_wrapper_hw_platform_0/ps7_init.tcl
targets -set -nocase -filter {name =~"APU*" && jtag_cable_name =~ "Digilent Zybo Z7 210351B0FC48A"} -index 0
loadhw -hw /home/cameron/PhaseArraySpeaker/Firmware/2018.2/Zynq_Base_Phased_Array/Zynq_Base_Phased_Array.sdk/Zynq_Base_Phased_Array_wrapper_hw_platform_0/system.hdf -mem-ranges [list {0x40000000 0xbfffffff}]
configparams force-mem-access 1
targets -set -nocase -filter {name =~"APU*" && jtag_cable_name =~ "Digilent Zybo Z7 210351B0FC48A"} -index 0
stop
ps7_init
ps7_post_config
targets -set -nocase -filter {name =~ "ARM*#0" && jtag_cable_name =~ "Digilent Zybo Z7 210351B0FC48A"} -index 0
rst -processor
targets -set -nocase -filter {name =~ "ARM*#0" && jtag_cable_name =~ "Digilent Zybo Z7 210351B0FC48A"} -index 0
dow /home/cameron/PhaseArraySpeaker/Firmware/2018.2/Zynq_Base_Phased_Array/Zynq_Base_Phased_Array.sdk/CODEC_Initializer/Debug/CODEC_Initializer.elf
configparams force-mem-access 0
----------------End of Script----------------

19:32:37 INFO  : Memory regions updated for context APU
19:32:37 INFO  : Context for processor 'ps7_cortexa9_0' is selected.
19:32:37 INFO  : 'con' command is executed.
19:32:37 INFO  : ----------------XSDB Script (After Launch)----------------
targets -set -nocase -filter {name =~ "ARM*#0" && jtag_cable_name =~ "Digilent Zybo Z7 210351B0FC48A"} -index 0
con
----------------End of Script----------------

19:32:37 INFO  : Launch script is exported to file '/home/cameron/PhaseArraySpeaker/Firmware/2018.2/Zynq_Base_Phased_Array/Zynq_Base_Phased_Array.sdk/.sdk/launch_scripts/xilinx_c-c++_application_(system_debugger)/system_debugger_using_debug_codec_initializer.elf_on_local.tcl'
