#-----------------------------------------------------------
# Vivado v2021.1 (64-bit)
# SW Build 3247384 on Thu Jun 10 19:36:07 MDT 2021
# IP Build 3246043 on Fri Jun 11 00:30:35 MDT 2021
# Start of session at: Sat Oct 16 15:51:10 2021
# Process ID: 21667
# Current directory: /home/cameron/PhaseArraySpeaker/Firmware
# Command line: vivado
# Log file: /home/cameron/PhaseArraySpeaker/Firmware/vivado.log
# Journal file: /home/cameron/PhaseArraySpeaker/Firmware/vivado.jou
#-----------------------------------------------------------
start_gui
open_project /home/cameron/PhaseArraySpeaker/Firmware/Serial_Clocking/Serial_Clocking.xpr
Scanning sources...
Finished scanning sources
INFO: [IP_Flow 19-234] Refreshing IP repositories
INFO: [IP_Flow 19-1700] Loaded user IP repository '/home/cameron/PhaseArraySpeaker/Firmware/PCM_Transmitter/PCM_Transmitter.ip_user_files'.
INFO: [IP_Flow 19-2313] Loaded Vivado IP repository '/opt/Xilinx/Vivado/2021.1/data/ip'.
INFO: [IP_Flow 19-3899] Cannot get the environment domain name variable for the component vendor name. Setting the vendor name to 'user.org'.
update_compile_order -fileset sources_1
